#Build: Fabric Compiler 2022.2, Build 117120, Feb 17 13:07 2023
#Install: D:\pango\PDS_2022.2-win64\PDS_2022.2\bin
#Application name: pds.exe
#OS: Windows 10 10.0.19045
#Hostname: LAPTOP-T5E8LJ6S
Generated by Fabric Compiler (version 2022.2 build 117120) at Thu Jun 29 10:51:24 2023
Parse module hierarchy of project 'D:/PDS/DDR_HDMI_LOOP/DDR_HDMI_Loop_Demo1t05/DDR_HDMI_Loop_Demo/temp_projects/Main_Flow/Main_Flow.pds' (ADS Parser)
Customize IP 'D:/PDS/DDR_HDMI_LOOP/DDR_HDMI_Loop_Demo1t05/DDR_HDMI_Loop_Demo/ipcore/DDR3_Inst/DDR3_Inst.idf' ...
W: Public-4026: Error occurs in third party tool. Error information is "libpng warning: iCCP: cHRM chunk does not match sRGB
" .
IP Compiler exited.
Process exit normally.


Process "Generate Bitstream" started.
Current time: Thu Jun 29 14:38:18 2023
Compiling architecture definition.
Analyzing project file 'D:/PDS/DDR_HDMI_LOOP/DDR_HDMI_Loop_Demo1t05/DDR_HDMI_Loop_Demo/DDR_HDMI_Loop_Demo.pds'.
Compiling verification operator library.
Compiling common defs.
Compiling prim grid devices.
Compiling gate devices.
Compiling gate operators.
Building architecture model.
Loading device packaging model.
Reading design from DB.
Start Generating Programming File...
Reading design from DB takes 1.890625 sec.
Generating architecture configuration.
The bitstream file is "D:/PDS/DDR_HDMI_LOOP/DDR_HDMI_Loop_Demo1t05/DDR_HDMI_Loop_Demo/generate_bitstream/DDR_HDMI_Loop_Demo.sbit"
Generate programming file takes 24.625000 sec.
Generating Programming File done.
Action gen_bit_stream: Real time elapsed is 0h:0m:32s
Action gen_bit_stream: CPU time elapsed is 0h:0m:30s
Action gen_bit_stream: Process CPU time elapsed is 0h:0m:30s
Current time: Thu Jun 29 14:38:50 2023
Action gen_bit_stream: Peak memory pool usage is 718 MB
Action from compile to gen_bit_stream: Total Real Time elapsed is 0h:5m:4s
Action from compile to gen_bit_stream: Total CPU time elapsed is 0h:4m:34s
Action from compile to gen_bit_stream: Total Process CPU Time elapsed is 0h:5m:27s
Process "Generate Bitstream" done.
