#Build: Fabric Compiler 2022.2, Build 117120, Feb 17 13:07 2023
#Install: D:\PDS_2022.2\bin
#Application name: pds_shell.exe
#OS: Windows 10 10.0.19045
#Hostname: LAPTOP-2ELM0Q8K
Generated by Fabric Compiler (version 2022.2 build 117120) at Fri Jul  7 17:45:12 2023
Compiling verification operator library.
Compiling common defs.
Loading technology operator library.
Compiling technology operator library.
Compiling technology operator (valence) library.
Compiling operator packing rules.
Compiling prim grid devices.
Compiling gate devices.
Compiling gate operators.
Compiling tech operator impls.
Building architecture model.
Loading device packaging model.
C: SDC-2025: Clock source 'n:coms1_reg_config/clock_20k' need a clock constraint, please use 'create_clock' or 'create_generate_clock' to generate.
Flattening design 'DDR_HDMI_Loop_Demo'
Device mapping started.
Optimizing circuit logic.
W: Public-4008: Instance 'cmos2_d_d0[0]' of 'GTP_DFF' unit is dangling and will be cleaned.
W: Public-4008: Instance 'cmos2_d_d0[1]' of 'GTP_DFF' unit is dangling and will be cleaned.
W: Public-4008: Instance 'cmos2_d_d0[2]' of 'GTP_DFF' unit is dangling and will be cleaned.
W: Public-4008: Instance 'cmos2_d_d0[3]' of 'GTP_DFF' unit is dangling and will be cleaned.
W: Public-4008: Instance 'cmos2_d_d0[4]' of 'GTP_DFF' unit is dangling and will be cleaned.
W: Public-4008: Instance 'cmos2_d_d0[5]' of 'GTP_DFF' unit is dangling and will be cleaned.
W: Public-4008: Instance 'cmos2_d_d0[6]' of 'GTP_DFF' unit is dangling and will be cleaned.
W: Public-4008: Instance 'cmos2_d_d0[7]' of 'GTP_DFF' unit is dangling and will be cleaned.
W: Public-4008: Instance 'cmos2_href_d0' of 'GTP_DFF' unit is dangling and will be cleaned.
W: Public-4008: Instance 'cmos2_vsync_d0' of 'GTP_DFF' unit is dangling and will be cleaned.
W: Public-4008: Instance 'cmos2_8_16bit/cnt[0]' of 'GTP_DFF_RE' unit is dangling and will be cleaned.
W: Public-4008: Instance 'cmos2_8_16bit/cnt[1]' of 'GTP_DFF_RE' unit is dangling and will be cleaned.
W: Public-4008: Instance 'cmos2_8_16bit/de_i_r' of 'GTP_DFF' unit is dangling and will be cleaned.
W: Public-4008: Instance 'cmos2_8_16bit/de_i_r1' of 'GTP_DFF' unit is dangling and will be cleaned.
W: Public-4008: Instance 'cmos2_8_16bit/de_o' of 'GTP_DFF' unit is dangling and will be cleaned.
W: Public-4008: Instance 'cmos2_8_16bit/de_out1' of 'GTP_DFF' unit is dangling and will be cleaned.
W: Public-4008: Instance 'cmos2_8_16bit/de_out2' of 'GTP_DFF' unit is dangling and will be cleaned.
W: Public-4008: Instance 'cmos2_8_16bit/de_out3' of 'GTP_DFF' unit is dangling and will be cleaned.
W: Public-4008: Instance 'cmos2_8_16bit/de_outa' of 'GTP_DFF' unit is dangling and will be cleaned.
W: Public-4008: Instance 'cmos2_8_16bit/enble' of 'GTP_DFF' unit is dangling and will be cleaned.
W: Public-4008: Instance 'cmos2_8_16bit/pdata_i_reg[0]' of 'GTP_DFF_RE' unit is dangling and will be cleaned.
W: Public-4008: Instance 'cmos2_8_16bit/pdata_i_reg[1]' of 'GTP_DFF_RE' unit is dangling and will be cleaned.
W: Public-4008: Instance 'cmos2_8_16bit/pdata_i_reg[2]' of 'GTP_DFF_RE' unit is dangling and will be cleaned.
W: Public-4008: Instance 'cmos2_8_16bit/pdata_i_reg[3]' of 'GTP_DFF_RE' unit is dangling and will be cleaned.
W: Public-4008: Instance 'cmos2_8_16bit/pdata_i_reg[4]' of 'GTP_DFF_RE' unit is dangling and will be cleaned.
W: Public-4008: Instance 'cmos2_8_16bit/pdata_i_reg[5]' of 'GTP_DFF_RE' unit is dangling and will be cleaned.
W: Public-4008: Instance 'cmos2_8_16bit/pdata_i_reg[6]' of 'GTP_DFF_RE' unit is dangling and will be cleaned.
W: Public-4008: Instance 'cmos2_8_16bit/pdata_i_reg[7]' of 'GTP_DFF_RE' unit is dangling and will be cleaned.
W: Public-4008: Instance 'cmos2_8_16bit/pdata_o[0]' of 'GTP_DFF' unit is dangling and will be cleaned.
W: Public-4008: Instance 'cmos2_8_16bit/pdata_o[1]' of 'GTP_DFF' unit is dangling and will be cleaned.
W: Public-4008: Instance 'cmos2_8_16bit/pdata_o[2]' of 'GTP_DFF' unit is dangling and will be cleaned.
W: Public-4008: Instance 'cmos2_8_16bit/pdata_o[3]' of 'GTP_DFF' unit is dangling and will be cleaned.
W: Public-4008: Instance 'cmos2_8_16bit/pdata_o[4]' of 'GTP_DFF' unit is dangling and will be cleaned.
W: Public-4008: Instance 'cmos2_8_16bit/pdata_o[5]' of 'GTP_DFF' unit is dangling and will be cleaned.
W: Public-4008: Instance 'cmos2_8_16bit/pdata_o[6]' of 'GTP_DFF' unit is dangling and will be cleaned.
W: Public-4008: Instance 'cmos2_8_16bit/pdata_o[7]' of 'GTP_DFF' unit is dangling and will be cleaned.
W: Public-4008: Instance 'cmos2_8_16bit/pdata_o[8]' of 'GTP_DFF' unit is dangling and will be cleaned.
W: Public-4008: Instance 'cmos2_8_16bit/pdata_o[9]' of 'GTP_DFF' unit is dangling and will be cleaned.
W: Public-4008: Instance 'cmos2_8_16bit/pdata_o[10]' of 'GTP_DFF' unit is dangling and will be cleaned.
W: Public-4008: Instance 'cmos2_8_16bit/pdata_o[11]' of 'GTP_DFF' unit is dangling and will be cleaned.
W: Public-4008: Instance 'cmos2_8_16bit/pdata_o[12]' of 'GTP_DFF' unit is dangling and will be cleaned.
W: Public-4008: Instance 'cmos2_8_16bit/pdata_o[13]' of 'GTP_DFF' unit is dangling and will be cleaned.
W: Public-4008: Instance 'cmos2_8_16bit/pdata_o[14]' of 'GTP_DFF' unit is dangling and will be cleaned.
W: Public-4008: Instance 'cmos2_8_16bit/pdata_o[15]' of 'GTP_DFF' unit is dangling and will be cleaned.
W: Public-4008: Instance 'cmos2_8_16bit/pdata_out1[0]' of 'GTP_DFF_RE' unit is dangling and will be cleaned.
W: Public-4008: Instance 'cmos2_8_16bit/pdata_out1[1]' of 'GTP_DFF_RE' unit is dangling and will be cleaned.
W: Public-4008: Instance 'cmos2_8_16bit/pdata_out1[2]' of 'GTP_DFF_RE' unit is dangling and will be cleaned.
W: Public-4008: Instance 'cmos2_8_16bit/pdata_out1[3]' of 'GTP_DFF_RE' unit is dangling and will be cleaned.
W: Public-4008: Instance 'cmos2_8_16bit/pdata_out1[4]' of 'GTP_DFF_RE' unit is dangling and will be cleaned.
W: Public-4008: Instance 'cmos2_8_16bit/pdata_out1[5]' of 'GTP_DFF_RE' unit is dangling and will be cleaned.
W: Public-4008: Instance 'cmos2_8_16bit/pdata_out1[6]' of 'GTP_DFF_RE' unit is dangling and will be cleaned.
W: Public-4008: Instance 'cmos2_8_16bit/pdata_out1[7]' of 'GTP_DFF_RE' unit is dangling and will be cleaned.
W: Public-4008: Instance 'cmos2_8_16bit/pdata_out1[8]' of 'GTP_DFF_RE' unit is dangling and will be cleaned.
W: Public-4008: Instance 'cmos2_8_16bit/pdata_out1[9]' of 'GTP_DFF_RE' unit is dangling and will be cleaned.
W: Public-4008: Instance 'cmos2_8_16bit/pdata_out1[10]' of 'GTP_DFF_RE' unit is dangling and will be cleaned.
W: Public-4008: Instance 'cmos2_8_16bit/pdata_out1[11]' of 'GTP_DFF_RE' unit is dangling and will be cleaned.
W: Public-4008: Instance 'cmos2_8_16bit/pdata_out1[12]' of 'GTP_DFF_RE' unit is dangling and will be cleaned.
W: Public-4008: Instance 'cmos2_8_16bit/pdata_out1[13]' of 'GTP_DFF_RE' unit is dangling and will be cleaned.
W: Public-4008: Instance 'cmos2_8_16bit/pdata_out1[14]' of 'GTP_DFF_RE' unit is dangling and will be cleaned.
W: Public-4008: Instance 'cmos2_8_16bit/pdata_out1[15]' of 'GTP_DFF_RE' unit is dangling and will be cleaned.
W: Public-4008: Instance 'cmos2_8_16bit/pdata_out2[0]' of 'GTP_DFF' unit is dangling and will be cleaned.
W: Public-4008: Instance 'cmos2_8_16bit/pdata_out2[1]' of 'GTP_DFF' unit is dangling and will be cleaned.
W: Public-4008: Instance 'cmos2_8_16bit/pdata_out2[2]' of 'GTP_DFF' unit is dangling and will be cleaned.
W: Public-4008: Instance 'cmos2_8_16bit/pdata_out2[3]' of 'GTP_DFF' unit is dangling and will be cleaned.
W: Public-4008: Instance 'cmos2_8_16bit/pdata_out2[4]' of 'GTP_DFF' unit is dangling and will be cleaned.
W: Public-4008: Instance 'cmos2_8_16bit/pdata_out2[5]' of 'GTP_DFF' unit is dangling and will be cleaned.
W: Public-4008: Instance 'cmos2_8_16bit/pdata_out2[6]' of 'GTP_DFF' unit is dangling and will be cleaned.
W: Public-4008: Instance 'cmos2_8_16bit/pdata_out2[7]' of 'GTP_DFF' unit is dangling and will be cleaned.
W: Public-4008: Instance 'cmos2_8_16bit/pdata_out2[8]' of 'GTP_DFF' unit is dangling and will be cleaned.
W: Public-4008: Instance 'cmos2_8_16bit/pdata_out2[9]' of 'GTP_DFF' unit is dangling and will be cleaned.
W: Public-4008: Instance 'cmos2_8_16bit/pdata_out2[10]' of 'GTP_DFF' unit is dangling and will be cleaned.
W: Public-4008: Instance 'cmos2_8_16bit/pdata_out2[11]' of 'GTP_DFF' unit is dangling and will be cleaned.
W: Public-4008: Instance 'cmos2_8_16bit/pdata_out2[12]' of 'GTP_DFF' unit is dangling and will be cleaned.
W: Public-4008: Instance 'cmos2_8_16bit/pdata_out2[13]' of 'GTP_DFF' unit is dangling and will be cleaned.
W: Public-4008: Instance 'cmos2_8_16bit/pdata_out2[14]' of 'GTP_DFF' unit is dangling and will be cleaned.
W: Public-4008: Instance 'cmos2_8_16bit/pdata_out2[15]' of 'GTP_DFF' unit is dangling and will be cleaned.
W: Public-4008: Instance 'cmos2_8_16bit/pdata_out3[0]' of 'GTP_DFF' unit is dangling and will be cleaned.
W: Public-4008: Instance 'cmos2_8_16bit/pdata_out3[1]' of 'GTP_DFF' unit is dangling and will be cleaned.
W: Public-4008: Instance 'cmos2_8_16bit/pdata_out3[2]' of 'GTP_DFF' unit is dangling and will be cleaned.
W: Public-4008: Instance 'cmos2_8_16bit/pdata_out3[3]' of 'GTP_DFF' unit is dangling and will be cleaned.
W: Public-4008: Instance 'cmos2_8_16bit/pdata_out3[4]' of 'GTP_DFF' unit is dangling and will be cleaned.
W: Public-4008: Instance 'cmos2_8_16bit/pdata_out3[5]' of 'GTP_DFF' unit is dangling and will be cleaned.
W: Public-4008: Instance 'cmos2_8_16bit/pdata_out3[6]' of 'GTP_DFF' unit is dangling and will be cleaned.
W: Public-4008: Instance 'cmos2_8_16bit/pdata_out3[7]' of 'GTP_DFF' unit is dangling and will be cleaned.
W: Public-4008: Instance 'cmos2_8_16bit/pdata_out3[8]' of 'GTP_DFF' unit is dangling and will be cleaned.
W: Public-4008: Instance 'cmos2_8_16bit/pdata_out3[9]' of 'GTP_DFF' unit is dangling and will be cleaned.
W: Public-4008: Instance 'cmos2_8_16bit/pdata_out3[10]' of 'GTP_DFF' unit is dangling and will be cleaned.
W: Public-4008: Instance 'cmos2_8_16bit/pdata_out3[11]' of 'GTP_DFF' unit is dangling and will be cleaned.
W: Public-4008: Instance 'cmos2_8_16bit/pdata_out3[12]' of 'GTP_DFF' unit is dangling and will be cleaned.
W: Public-4008: Instance 'cmos2_8_16bit/pdata_out3[13]' of 'GTP_DFF' unit is dangling and will be cleaned.
W: Public-4008: Instance 'cmos2_8_16bit/pdata_out3[14]' of 'GTP_DFF' unit is dangling and will be cleaned.
W: Public-4008: Instance 'cmos2_8_16bit/pdata_out3[15]' of 'GTP_DFF' unit is dangling and will be cleaned.
W: Public-4008: Instance 'cmos2_8_16bit/vs_i_reg' of 'GTP_DFF' unit is dangling and will be cleaned.
W: Public-4008: Instance 'ms72xx_ctl/ms7200_ctl/freq_rec[0]' of 'GTP_DFF_RE' unit is dangling and will be cleaned.
W: Public-4008: Instance 'ms72xx_ctl/ms7200_ctl/freq_rec[1]' of 'GTP_DFF_RE' unit is dangling and will be cleaned.
W: Public-4008: Instance 'ms72xx_ctl/ms7200_ctl/freq_rec_1d[0]' of 'GTP_DFF' unit is dangling and will be cleaned.
W: Public-4008: Instance 'ms72xx_ctl/ms7200_ctl/freq_rec_1d[1]' of 'GTP_DFF' unit is dangling and will be cleaned.
W: Public-4008: Instance 'ms72xx_ctl/ms7200_ctl/freq_rec_1d[2]' of 'GTP_DFF' unit is dangling and will be cleaned.
W: Public-4008: Instance 'ms72xx_ctl/ms7200_ctl/freq_rec_1d[3]' of 'GTP_DFF' unit is dangling and will be cleaned.
W: Public-4008: Instance 'ms72xx_ctl/ms7200_ctl/freq_rec_1d[4]' of 'GTP_DFF' unit is dangling and will be cleaned.
W: Public-4008: Instance 'ms72xx_ctl/ms7200_ctl/freq_rec_1d[5]' of 'GTP_DFF' unit is dangling and will be cleaned.
W: Public-4008: Instance 'ms72xx_ctl/ms7200_ctl/freq_rec_1d[6]' of 'GTP_DFF' unit is dangling and will be cleaned.
W: Public-4008: Instance 'ms72xx_ctl/ms7200_ctl/freq_rec_1d[7]' of 'GTP_DFF' unit is dangling and will be cleaned.
W: Public-4008: Instance 'ms72xx_ctl/ms7200_ctl/freq_rec_1d[8]' of 'GTP_DFF' unit is dangling and will be cleaned.
W: Public-4008: Instance 'ms72xx_ctl/ms7200_ctl/freq_rec_1d[9]' of 'GTP_DFF' unit is dangling and will be cleaned.
W: Public-4008: Instance 'ms72xx_ctl/ms7200_ctl/freq_rec_1d[10]' of 'GTP_DFF' unit is dangling and will be cleaned.
W: Public-4008: Instance 'ms72xx_ctl/ms7200_ctl/freq_rec_1d[11]' of 'GTP_DFF' unit is dangling and will be cleaned.
W: Public-4008: Instance 'ms72xx_ctl/ms7200_ctl/freq_rec_1d[12]' of 'GTP_DFF' unit is dangling and will be cleaned.
W: Public-4008: Instance 'ms72xx_ctl/ms7200_ctl/freq_rec_1d[13]' of 'GTP_DFF' unit is dangling and will be cleaned.
W: Public-4008: Instance 'ms72xx_ctl/ms7200_ctl/freq_rec_1d[14]' of 'GTP_DFF' unit is dangling and will be cleaned.
W: Public-4008: Instance 'ms72xx_ctl/ms7200_ctl/freq_rec_1d[15]' of 'GTP_DFF' unit is dangling and will be cleaned.
W: Public-4008: Instance 'ms72xx_ctl/ms7200_ctl/freq_rec_1d[18]' of 'GTP_DFF' unit is dangling and will be cleaned.
W: Public-4008: Instance 'ms72xx_ctl/ms7200_ctl/freq_rec_1d[19]' of 'GTP_DFF' unit is dangling and will be cleaned.
W: Public-4008: Instance 'ms72xx_ctl/ms7200_ctl/freq_rec_1d[20]' of 'GTP_DFF' unit is dangling and will be cleaned.
W: Public-4008: Instance 'ms72xx_ctl/ms7200_ctl/freq_rec_1d[21]' of 'GTP_DFF' unit is dangling and will be cleaned.
W: Public-4008: Instance 'ms72xx_ctl/ms7200_ctl/freq_rec_1d[22]' of 'GTP_DFF' unit is dangling and will be cleaned.
W: Public-4008: Instance 'ms72xx_ctl/ms7200_ctl/freq_rec_1d[23]' of 'GTP_DFF' unit is dangling and will be cleaned.
W: Public-4008: Instance 'ms72xx_ctl/ms7200_ctl/freq_rec_1d[24]' of 'GTP_DFF' unit is dangling and will be cleaned.
W: Public-4008: Instance 'ms72xx_ctl/ms7200_ctl/freq_rec_1d[25]' of 'GTP_DFF' unit is dangling and will be cleaned.
W: Public-4008: Instance 'ms72xx_ctl/ms7200_ctl/freq_rec_1d[26]' of 'GTP_DFF' unit is dangling and will be cleaned.
W: Public-4008: Instance 'ms72xx_ctl/ms7200_ctl/freq_rec_1d[27]' of 'GTP_DFF' unit is dangling and will be cleaned.
W: Public-4008: Instance 'ms72xx_ctl/ms7200_ctl/freq_rec_1d[28]' of 'GTP_DFF' unit is dangling and will be cleaned.
W: Public-4008: Instance 'ms72xx_ctl/ms7200_ctl/freq_rec_1d[29]' of 'GTP_DFF' unit is dangling and will be cleaned.
W: Public-4008: Instance 'ms72xx_ctl/ms7200_ctl/freq_rec_1d[30]' of 'GTP_DFF' unit is dangling and will be cleaned.
W: Public-4008: Instance 'ms72xx_ctl/ms7200_ctl/freq_rec_1d[31]' of 'GTP_DFF' unit is dangling and will be cleaned.
W: Public-4008: Instance 'ms72xx_ctl/ms7200_ctl/freq_rec[2]' of 'GTP_DFF_RE' unit is dangling and will be cleaned.
W: Public-4008: Instance 'ms72xx_ctl/ms7200_ctl/freq_rec_2d[0]' of 'GTP_DFF_E' unit is dangling and will be cleaned.
W: Public-4008: Instance 'ms72xx_ctl/ms7200_ctl/freq_rec_2d[1]' of 'GTP_DFF_E' unit is dangling and will be cleaned.
W: Public-4008: Instance 'ms72xx_ctl/ms7200_ctl/freq_rec_2d[2]' of 'GTP_DFF_E' unit is dangling and will be cleaned.
W: Public-4008: Instance 'ms72xx_ctl/ms7200_ctl/freq_rec_2d[3]' of 'GTP_DFF_E' unit is dangling and will be cleaned.
W: Public-4008: Instance 'ms72xx_ctl/ms7200_ctl/freq_rec_2d[4]' of 'GTP_DFF_E' unit is dangling and will be cleaned.
W: Public-4008: Instance 'ms72xx_ctl/ms7200_ctl/freq_rec_2d[5]' of 'GTP_DFF_E' unit is dangling and will be cleaned.
W: Public-4008: Instance 'ms72xx_ctl/ms7200_ctl/freq_rec_2d[6]' of 'GTP_DFF_E' unit is dangling and will be cleaned.
W: Public-4008: Instance 'ms72xx_ctl/ms7200_ctl/freq_rec_2d[7]' of 'GTP_DFF_E' unit is dangling and will be cleaned.
W: Public-4008: Instance 'ms72xx_ctl/ms7200_ctl/freq_rec_2d[8]' of 'GTP_DFF_E' unit is dangling and will be cleaned.
W: Public-4008: Instance 'ms72xx_ctl/ms7200_ctl/freq_rec_2d[9]' of 'GTP_DFF_E' unit is dangling and will be cleaned.
W: Public-4008: Instance 'ms72xx_ctl/ms7200_ctl/freq_rec_2d[10]' of 'GTP_DFF_E' unit is dangling and will be cleaned.
W: Public-4008: Instance 'ms72xx_ctl/ms7200_ctl/freq_rec_2d[11]' of 'GTP_DFF_E' unit is dangling and will be cleaned.
W: Public-4008: Instance 'ms72xx_ctl/ms7200_ctl/freq_rec_2d[12]' of 'GTP_DFF_E' unit is dangling and will be cleaned.
W: Public-4008: Instance 'ms72xx_ctl/ms7200_ctl/freq_rec_2d[13]' of 'GTP_DFF_E' unit is dangling and will be cleaned.
W: Public-4008: Instance 'ms72xx_ctl/ms7200_ctl/freq_rec_2d[14]' of 'GTP_DFF_E' unit is dangling and will be cleaned.
W: Public-4008: Instance 'ms72xx_ctl/ms7200_ctl/freq_rec_2d[15]' of 'GTP_DFF_E' unit is dangling and will be cleaned.
W: Public-4008: Instance 'ms72xx_ctl/ms7200_ctl/freq_rec_2d[18]' of 'GTP_DFF_E' unit is dangling and will be cleaned.
W: Public-4008: Instance 'ms72xx_ctl/ms7200_ctl/freq_rec_2d[19]' of 'GTP_DFF_E' unit is dangling and will be cleaned.
W: Public-4008: Instance 'ms72xx_ctl/ms7200_ctl/freq_rec_2d[20]' of 'GTP_DFF_E' unit is dangling and will be cleaned.
W: Public-4008: Instance 'ms72xx_ctl/ms7200_ctl/freq_rec_2d[21]' of 'GTP_DFF_E' unit is dangling and will be cleaned.
W: Public-4008: Instance 'ms72xx_ctl/ms7200_ctl/freq_rec_2d[22]' of 'GTP_DFF_E' unit is dangling and will be cleaned.
W: Public-4008: Instance 'ms72xx_ctl/ms7200_ctl/freq_rec_2d[23]' of 'GTP_DFF_E' unit is dangling and will be cleaned.
W: Public-4008: Instance 'ms72xx_ctl/ms7200_ctl/freq_rec_2d[24]' of 'GTP_DFF_E' unit is dangling and will be cleaned.
W: Public-4008: Instance 'ms72xx_ctl/ms7200_ctl/freq_rec_2d[25]' of 'GTP_DFF_E' unit is dangling and will be cleaned.
W: Public-4008: Instance 'ms72xx_ctl/ms7200_ctl/freq_rec_2d[26]' of 'GTP_DFF_E' unit is dangling and will be cleaned.
W: Public-4008: Instance 'ms72xx_ctl/ms7200_ctl/freq_rec_2d[27]' of 'GTP_DFF_E' unit is dangling and will be cleaned.
W: Public-4008: Instance 'ms72xx_ctl/ms7200_ctl/freq_rec_2d[28]' of 'GTP_DFF_E' unit is dangling and will be cleaned.
W: Public-4008: Instance 'ms72xx_ctl/ms7200_ctl/freq_rec_2d[29]' of 'GTP_DFF_E' unit is dangling and will be cleaned.
W: Public-4008: Instance 'ms72xx_ctl/ms7200_ctl/freq_rec_2d[30]' of 'GTP_DFF_E' unit is dangling and will be cleaned.
W: Public-4008: Instance 'ms72xx_ctl/ms7200_ctl/freq_rec_2d[31]' of 'GTP_DFF_E' unit is dangling and will be cleaned.
W: Public-4008: Instance 'ms72xx_ctl/ms7200_ctl/freq_rec[3]' of 'GTP_DFF_RE' unit is dangling and will be cleaned.
W: Public-4008: Instance 'ms72xx_ctl/ms7200_ctl/freq_rec[4]' of 'GTP_DFF_RE' unit is dangling and will be cleaned.
W: Public-4008: Instance 'ms72xx_ctl/ms7200_ctl/freq_rec[5]' of 'GTP_DFF_RE' unit is dangling and will be cleaned.
W: Public-4008: Instance 'ms72xx_ctl/ms7200_ctl/freq_rec[6]' of 'GTP_DFF_RE' unit is dangling and will be cleaned.
W: Public-4008: Instance 'ms72xx_ctl/ms7200_ctl/freq_rec[7]' of 'GTP_DFF_RE' unit is dangling and will be cleaned.
W: Public-4008: Instance 'ms72xx_ctl/ms7200_ctl/freq_rec[8]' of 'GTP_DFF_RE' unit is dangling and will be cleaned.
W: Public-4008: Instance 'ms72xx_ctl/ms7200_ctl/freq_rec[9]' of 'GTP_DFF_RE' unit is dangling and will be cleaned.
W: Public-4008: Instance 'ms72xx_ctl/ms7200_ctl/freq_rec[10]' of 'GTP_DFF_RE' unit is dangling and will be cleaned.
W: Public-4008: Instance 'ms72xx_ctl/ms7200_ctl/freq_rec[11]' of 'GTP_DFF_RE' unit is dangling and will be cleaned.
W: Public-4008: Instance 'ms72xx_ctl/ms7200_ctl/freq_rec[12]' of 'GTP_DFF_RE' unit is dangling and will be cleaned.
W: Public-4008: Instance 'ms72xx_ctl/ms7200_ctl/freq_rec[13]' of 'GTP_DFF_RE' unit is dangling and will be cleaned.
W: Public-4008: Instance 'ms72xx_ctl/ms7200_ctl/freq_rec[14]' of 'GTP_DFF_RE' unit is dangling and will be cleaned.
W: Public-4008: Instance 'ms72xx_ctl/ms7200_ctl/freq_rec[15]' of 'GTP_DFF_RE' unit is dangling and will be cleaned.
W: Public-4008: Instance 'ms72xx_ctl/ms7200_ctl/freq_rec[18]' of 'GTP_DFF_RE' unit is dangling and will be cleaned.
W: Public-4008: Instance 'ms72xx_ctl/ms7200_ctl/freq_rec[19]' of 'GTP_DFF_RE' unit is dangling and will be cleaned.
W: Public-4008: Instance 'ms72xx_ctl/ms7200_ctl/freq_rec[20]' of 'GTP_DFF_RE' unit is dangling and will be cleaned.
W: Public-4008: Instance 'ms72xx_ctl/ms7200_ctl/freq_rec[21]' of 'GTP_DFF_RE' unit is dangling and will be cleaned.
W: Public-4008: Instance 'ms72xx_ctl/ms7200_ctl/freq_rec[22]' of 'GTP_DFF_RE' unit is dangling and will be cleaned.
W: Public-4008: Instance 'ms72xx_ctl/ms7200_ctl/freq_rec[23]' of 'GTP_DFF_RE' unit is dangling and will be cleaned.
W: Public-4008: Instance 'ms72xx_ctl/ms7200_ctl/freq_rec[24]' of 'GTP_DFF_RE' unit is dangling and will be cleaned.
W: Public-4008: Instance 'ms72xx_ctl/ms7200_ctl/freq_rec[25]' of 'GTP_DFF_RE' unit is dangling and will be cleaned.
W: Public-4008: Instance 'ms72xx_ctl/ms7200_ctl/freq_rec[26]' of 'GTP_DFF_RE' unit is dangling and will be cleaned.
W: Public-4008: Instance 'ms72xx_ctl/ms7200_ctl/freq_rec[27]' of 'GTP_DFF_RE' unit is dangling and will be cleaned.
W: Public-4008: Instance 'ms72xx_ctl/ms7200_ctl/freq_rec[28]' of 'GTP_DFF_RE' unit is dangling and will be cleaned.
W: Public-4008: Instance 'ms72xx_ctl/ms7200_ctl/freq_rec[29]' of 'GTP_DFF_RE' unit is dangling and will be cleaned.
W: Public-4008: Instance 'ms72xx_ctl/ms7200_ctl/freq_rec[30]' of 'GTP_DFF_RE' unit is dangling and will be cleaned.
W: Public-4008: Instance 'ms72xx_ctl/ms7200_ctl/freq_rec[31]' of 'GTP_DFF_RE' unit is dangling and will be cleaned.
Checking design netlist.
Processing tech operator.
C: DeviceMap-2011: The net clk_system has both clock instance AXI4_BUFG0(GTP_CLKBUFG) loader and other clock pin loader.
I: The instance clkbufg_0(GTP_CLKBUFG) has been inserted on the net clk_config_hdmi in design, driver pin CLKOUT0(instance Config_HDMI_Inst/u_pll_e3) -> load pin CLK(instance hdmi_rcnt[0]).
I: The instance clkbufg_1(GTP_CLKBUFG) has been inserted on the net cmos1_pclk_16bit in design, driver pin CLKDIVOUT(instance cmos1_8_16bit/u_GTP_IOCLKDIV) -> load pin CLK(instance Image_Process_Interface_Inst/Frame_WR_Interface_Inst2/FIFO_16x4096x128_Inst/U_ipml_fifo_FIFO_16x4096x128/U_ipml_fifo_ctrl/ASYN_CTRL.asyn_wfull).
C: DeviceMap-2011: The net nt_i_clk has both clock instance DDR3_Interface_Inst/DDR3_Inst/u_clkbufg(GTP_CLKBUFG) loader and other clock pin loader.
I: The instance clkbufg_2(GTP_CLKBUFG) has been inserted on the net nt_cmos1_pclk in design, driver pin O(instance cmos1_pclk_ibuf) -> load pin CLK(instance cmos1_8_16bit/cnt[0]).
I: The instance clkbufg_3(GTP_CLKBUFG) has been inserted on the net clk_25M in design, driver pin CLKOUT0(instance u_pll/u_pll_e3) -> load pin CLK(instance coms1_reg_config/clock_20k).
W: DeviceMap-4006: Insert a inst clkgate_4(GTP_IOCLKBUF) before DDR3_Interface_Inst/DDR3_Inst/I_GTP_CLKDIV(GTP_IOCLKDIV).
Converting tech operator to gate operator.
Processing gate operator.
I: Infer CARRY group, base inst: N119_0_1/gateop, insts:13.
I: Infer CARRY group, base inst: coms1_reg_config/N11_2_1/gateop, insts:10.
I: Infer CARRY group, base inst: coms1_reg_config/N36_1_1/gateop, insts:8.
I: Infer CARRY group, base inst: coms2_reg_config/N36_1_1/gateop, insts:8.
I: Infer CARRY group, base inst: power_on_delay_inst/N5_1_1/gateop, insts:18.
I: Infer CARRY group, base inst: power_on_delay_inst/N17_1_1/gateop, insts:15.
I: Infer CARRY group, base inst: Image_Process_Interface_Inst/Frame_RD_Interface_Inst/N53_1_0/gateop, insts:21.
I: Infer CARRY group, base inst: Image_Process_Interface_Inst/Frame_WR_Interface_Inst0/N57_1_1/gateop, insts:17.
I: Infer CARRY group, base inst: Image_Process_Interface_Inst/Frame_WR_Interface_Inst0/N67_1_1/gateop, insts:20.
I: Infer CARRY group, base inst: Image_Process_Interface_Inst/Frame_WR_Interface_Inst0/N126_1_0/gateop, insts:11.
I: Infer CARRY group, base inst: Image_Process_Interface_Inst/Frame_WR_Interface_Inst1/N57_1_1/gateop, insts:17.
I: Infer CARRY group, base inst: Image_Process_Interface_Inst/Frame_WR_Interface_Inst1/N67_1_1/gateop, insts:20.
I: Infer CARRY group, base inst: Image_Process_Interface_Inst/Frame_WR_Interface_Inst1/N126_1_0/gateop, insts:11.
I: Infer CARRY group, base inst: Image_Process_Interface_Inst/Frame_WR_Interface_Inst2/N57_1_1/gateop, insts:17.
I: Infer CARRY group, base inst: Image_Process_Interface_Inst/Frame_WR_Interface_Inst2/N67_1_1/gateop, insts:20.
I: Infer CARRY group, base inst: Image_Process_Interface_Inst/Frame_WR_Interface_Inst2/N126_1_0/gateop, insts:11.
I: Infer CARRY group, base inst: Image_Process_Interface_Inst/Frame_WR_Interface_Inst3/N57_1_1/gateop, insts:17.
I: Infer CARRY group, base inst: Image_Process_Interface_Inst/Frame_WR_Interface_Inst3/N67_1_1/gateop, insts:20.
I: Infer CARRY group, base inst: Image_Process_Interface_Inst/Frame_WR_Interface_Inst3/N126_1_0/gateop, insts:11.
I: Infer CARRY group, base inst: coms1_reg_config/u1/N37_1_1/gateop, insts:5.
I: Infer CARRY group, base inst: coms2_reg_config/u1/N37_1_1/gateop, insts:5.
I: Infer CARRY group, base inst: key_ctl_dut1/u_btn_deb/N13_1_1/gateop, insts:18.
I: Infer CARRY group, base inst: key_ctl_dut2/u_btn_deb/N13_1_1/gateop, insts:18.
I: Infer CARRY group, base inst: ms72xx_ctl/iic_dri_rx/N136.lt_0/gateop, insts:2.
I: Infer CARRY group, base inst: ms72xx_ctl/iic_dri_tx/N136.lt_0/gateop, insts:2.
I: Infer CARRY group, base inst: ms72xx_ctl/ms7200_ctl/N101_1_1/gateop, insts:8.
I: Infer CARRY group, base inst: ms72xx_ctl/ms7200_ctl/N224_1_0/gateop, insts:9.
I: Infer CARRY group, base inst: ms72xx_ctl/ms7210_ctl/N98_1_1/gateop, insts:21.
I: Infer CARRY group, base inst: ms72xx_ctl/ms7210_ctl/N156_1_0/gateop, insts:6.
I: Infer CARRY group, base inst: DDR3_Interface_Inst/DDR3_Inst/u_ddrphy_top/ddrphy_info/mc_rl_0/gateop, insts:6.
I: Infer CARRY group, base inst: DDR3_Interface_Inst/DDR3_Inst/u_ddrphy_top/ddrphy_info/mc_wl_0/gateop, insts:6.
I: Infer CARRY group, base inst: DDR3_Interface_Inst/DDR3_Inst/u_ddrphy_top/ddrphy_reset_ctrl/N29_1_1/gateop, insts:7.
I: Infer CARRY group, base inst: DDR3_Interface_Inst/DDR3_Inst/u_ddrphy_top/ddrphy_slice_top/N46_1_1/gateop, insts:7.
I: Infer CARRY group, base inst: DDR3_Interface_Inst/DDR3_Inst/u_ipsxb_ddrc_top/mcdq_ui_axi/N69_2_0/gateop, insts:25.
I: Infer CARRY group, base inst: DDR3_Interface_Inst/DDR3_Inst/u_ipsxb_ddrc_top/mcdq_ui_axi/N185.eq_0/gateop, insts:8.
I: Infer CARRY group, base inst: DDR3_Interface_Inst/DDR3_Inst/u_ddrphy_top/ddrphy_calib_top/ddrphy_init/N3_1_1/gateop, insts:15.
I: Infer CARRY group, base inst: DDR3_Interface_Inst/DDR3_Inst/u_ddrphy_top/ddrphy_calib_top/ddrphy_init/N23_1_1/gateop, insts:15.
I: Infer CARRY group, base inst: DDR3_Interface_Inst/DDR3_Inst/u_ddrphy_top/ddrphy_calib_top/ddrphy_init/N41_1_1/gateop, insts:7.
I: Infer CARRY group, base inst: DDR3_Interface_Inst/DDR3_Inst/u_ddrphy_top/ddrphy_calib_top/ddrphy_init/N79_1_1/gateop, insts:9.
I: Infer CARRY group, base inst: DDR3_Interface_Inst/DDR3_Inst/u_ddrphy_top/ddrphy_calib_top/ddrphy_wrlvl/N8_1_1/gateop, insts:7.
I: Infer CARRY group, base inst: DDR3_Interface_Inst/DDR3_Inst/u_ddrphy_top/ddrphy_calib_top/rdcal/N33_1_1/gateop, insts:17.
I: Infer CARRY group, base inst: DDR3_Interface_Inst/DDR3_Inst/u_ddrphy_top/ddrphy_reset_ctrl/ddrphy_pll_lock_debounce/N11_1_1/gateop, insts:18.
I: Infer CARRY group, base inst: DDR3_Interface_Inst/DDR3_Inst/u_ipsxb_ddrc_top/mcdq_dcd_top/mcdq_dcd_bm/N37_1_1/gateop, insts:12.
I: Infer CARRY group, base inst: DDR3_Interface_Inst/DDR3_Inst/u_ipsxb_ddrc_top/mcdq_dcd_top/mcdq_dcd_sm/N154_1_1/gateop, insts:6.
I: Infer CARRY group, base inst: DDR3_Interface_Inst/DDR3_Inst/u_ipsxb_ddrc_top/mcdq_dcd_top/mcdq_dcd_sm/N156_1_1/gateop, insts:6.
I: Infer CARRY group, base inst: Image_Process_Interface_Inst/Frame_RD_Interface_Inst/FIFO_128x512x16_Inst/U_ipml_fifo_FIFO_128x512x16/U_ipml_fifo_ctrl/N2_1/gateop, insts:12.
I: Infer CARRY group, base inst: Image_Process_Interface_Inst/Frame_RD_Interface_Inst/FIFO_128x512x16_Inst/U_ipml_fifo_FIFO_128x512x16/U_ipml_fifo_ctrl/N99_1/gateop, insts:15.
I: Infer CARRY group, base inst: Image_Process_Interface_Inst/Frame_RD_Interface_Inst/FIFO_128x512x16_Inst/U_ipml_fifo_FIFO_128x512x16/U_ipml_fifo_ctrl/N183.eq_0/gateop, insts:6.
I: Infer CARRY group, base inst: Image_Process_Interface_Inst/Frame_RD_Interface_Inst/FIFO_128x512x16_Inst/U_ipml_fifo_FIFO_128x512x16/U_ipml_fifo_ctrl/N186.eq_0/gateop, insts:8.
I: Infer CARRY group, base inst: Image_Process_Interface_Inst/Frame_RD_Interface_Inst/FIFO_128x512x16_Inst/U_ipml_fifo_FIFO_128x512x16/U_ipml_fifo_ctrl/N232.fsub_1/gateop, insts:10.
I: Infer CARRY group, base inst: Image_Process_Interface_Inst/Frame_WR_Interface_Inst0/FIFO_16x4096x128_Inst/U_ipml_fifo_FIFO_16x4096x128/U_ipml_fifo_ctrl/N2_1/gateop, insts:15.
I: Infer CARRY group, base inst: Image_Process_Interface_Inst/Frame_WR_Interface_Inst0/FIFO_16x4096x128_Inst/U_ipml_fifo_FIFO_16x4096x128/U_ipml_fifo_ctrl/N84_1/gateop, insts:12.
I: Infer CARRY group, base inst: Image_Process_Interface_Inst/Frame_WR_Interface_Inst0/FIFO_16x4096x128_Inst/U_ipml_fifo_FIFO_16x4096x128/U_ipml_fifo_ctrl/N183.eq_0/gateop, insts:7.
I: Infer CARRY group, base inst: Image_Process_Interface_Inst/Frame_WR_Interface_Inst0/FIFO_16x4096x128_Inst/U_ipml_fifo_FIFO_16x4096x128/U_ipml_fifo_ctrl/N186.eq_0/gateop, insts:6.
I: Infer CARRY group, base inst: Image_Process_Interface_Inst/Frame_WR_Interface_Inst0/FIFO_16x4096x128_Inst/U_ipml_fifo_FIFO_16x4096x128/U_ipml_fifo_ctrl/N259.fsub_1/gateop, insts:12.
I: Infer CARRY group, base inst: Image_Process_Interface_Inst/Frame_WR_Interface_Inst0/FIFO_16x4096x128_Inst/U_ipml_fifo_FIFO_16x4096x128/U_ipml_fifo_ctrl/N272.fsub_1/gateop, insts:12.
I: Infer CARRY group, base inst: Image_Process_Interface_Inst/Frame_WR_Interface_Inst0/FIFO_16x4096x128_Inst/U_ipml_fifo_FIFO_16x4096x128/U_ipml_fifo_ctrl/N284.fsub_1/gateop, insts:12.
I: Infer CARRY group, base inst: Image_Process_Interface_Inst/Frame_WR_Interface_Inst1/FIFO_16x4096x128_Inst/U_ipml_fifo_FIFO_16x4096x128/U_ipml_fifo_ctrl/N2_1/gateop, insts:15.
I: Infer CARRY group, base inst: Image_Process_Interface_Inst/Frame_WR_Interface_Inst1/FIFO_16x4096x128_Inst/U_ipml_fifo_FIFO_16x4096x128/U_ipml_fifo_ctrl/N84_1/gateop, insts:12.
I: Infer CARRY group, base inst: Image_Process_Interface_Inst/Frame_WR_Interface_Inst1/FIFO_16x4096x128_Inst/U_ipml_fifo_FIFO_16x4096x128/U_ipml_fifo_ctrl/N183.eq_0/gateop, insts:7.
I: Infer CARRY group, base inst: Image_Process_Interface_Inst/Frame_WR_Interface_Inst1/FIFO_16x4096x128_Inst/U_ipml_fifo_FIFO_16x4096x128/U_ipml_fifo_ctrl/N186.eq_0/gateop, insts:6.
I: Infer CARRY group, base inst: Image_Process_Interface_Inst/Frame_WR_Interface_Inst1/FIFO_16x4096x128_Inst/U_ipml_fifo_FIFO_16x4096x128/U_ipml_fifo_ctrl/N259.fsub_1/gateop, insts:12.
I: Infer CARRY group, base inst: Image_Process_Interface_Inst/Frame_WR_Interface_Inst1/FIFO_16x4096x128_Inst/U_ipml_fifo_FIFO_16x4096x128/U_ipml_fifo_ctrl/N272.fsub_1/gateop, insts:12.
I: Infer CARRY group, base inst: Image_Process_Interface_Inst/Frame_WR_Interface_Inst1/FIFO_16x4096x128_Inst/U_ipml_fifo_FIFO_16x4096x128/U_ipml_fifo_ctrl/N284.fsub_1/gateop, insts:12.
I: Infer CARRY group, base inst: Image_Process_Interface_Inst/Frame_WR_Interface_Inst2/FIFO_16x4096x128_Inst/U_ipml_fifo_FIFO_16x4096x128/U_ipml_fifo_ctrl/N2_1/gateop, insts:15.
I: Infer CARRY group, base inst: Image_Process_Interface_Inst/Frame_WR_Interface_Inst2/FIFO_16x4096x128_Inst/U_ipml_fifo_FIFO_16x4096x128/U_ipml_fifo_ctrl/N84_1/gateop, insts:12.
I: Infer CARRY group, base inst: Image_Process_Interface_Inst/Frame_WR_Interface_Inst2/FIFO_16x4096x128_Inst/U_ipml_fifo_FIFO_16x4096x128/U_ipml_fifo_ctrl/N183.eq_0/gateop, insts:7.
I: Infer CARRY group, base inst: Image_Process_Interface_Inst/Frame_WR_Interface_Inst2/FIFO_16x4096x128_Inst/U_ipml_fifo_FIFO_16x4096x128/U_ipml_fifo_ctrl/N186.eq_0/gateop, insts:6.
I: Infer CARRY group, base inst: Image_Process_Interface_Inst/Frame_WR_Interface_Inst2/FIFO_16x4096x128_Inst/U_ipml_fifo_FIFO_16x4096x128/U_ipml_fifo_ctrl/N259.fsub_1/gateop, insts:12.
I: Infer CARRY group, base inst: Image_Process_Interface_Inst/Frame_WR_Interface_Inst2/FIFO_16x4096x128_Inst/U_ipml_fifo_FIFO_16x4096x128/U_ipml_fifo_ctrl/N272.fsub_1/gateop, insts:12.
I: Infer CARRY group, base inst: Image_Process_Interface_Inst/Frame_WR_Interface_Inst2/FIFO_16x4096x128_Inst/U_ipml_fifo_FIFO_16x4096x128/U_ipml_fifo_ctrl/N284.fsub_1/gateop, insts:12.
I: Infer CARRY group, base inst: Image_Process_Interface_Inst/Frame_WR_Interface_Inst3/FIFO_16x4096x128_Inst/U_ipml_fifo_FIFO_16x4096x128/U_ipml_fifo_ctrl/N2_1/gateop, insts:15.
I: Infer CARRY group, base inst: Image_Process_Interface_Inst/Frame_WR_Interface_Inst3/FIFO_16x4096x128_Inst/U_ipml_fifo_FIFO_16x4096x128/U_ipml_fifo_ctrl/N84_1/gateop, insts:12.
I: Infer CARRY group, base inst: Image_Process_Interface_Inst/Frame_WR_Interface_Inst3/FIFO_16x4096x128_Inst/U_ipml_fifo_FIFO_16x4096x128/U_ipml_fifo_ctrl/N183.eq_0/gateop, insts:7.
I: Infer CARRY group, base inst: Image_Process_Interface_Inst/Frame_WR_Interface_Inst3/FIFO_16x4096x128_Inst/U_ipml_fifo_FIFO_16x4096x128/U_ipml_fifo_ctrl/N186.eq_0/gateop, insts:6.
I: Infer CARRY group, base inst: Image_Process_Interface_Inst/Frame_WR_Interface_Inst3/FIFO_16x4096x128_Inst/U_ipml_fifo_FIFO_16x4096x128/U_ipml_fifo_ctrl/N259.fsub_1/gateop, insts:12.
I: Infer CARRY group, base inst: Image_Process_Interface_Inst/Frame_WR_Interface_Inst3/FIFO_16x4096x128_Inst/U_ipml_fifo_FIFO_16x4096x128/U_ipml_fifo_ctrl/N272.fsub_1/gateop, insts:12.
I: Infer CARRY group, base inst: Image_Process_Interface_Inst/Frame_WR_Interface_Inst3/FIFO_16x4096x128_Inst/U_ipml_fifo_FIFO_16x4096x128/U_ipml_fifo_ctrl/N284.fsub_1/gateop, insts:12.
I: Infer CARRY group, base inst: DDR3_Interface_Inst/DDR3_Inst/u_ddrphy_top/ddrphy_slice_top/i_dqs_group[0].u_ddrphy_data_slice/data_slice_wrlvl/N102_1_0/gateop, insts:8.
I: Infer CARRY group, base inst: DDR3_Interface_Inst/DDR3_Inst/u_ddrphy_top/ddrphy_slice_top/i_dqs_group[0].u_ddrphy_data_slice/data_slice_wrlvl/N104_1_1/gateop, insts:7.
I: Infer CARRY group, base inst: DDR3_Interface_Inst/DDR3_Inst/u_ddrphy_top/ddrphy_slice_top/i_dqs_group[0].u_ddrphy_data_slice/data_slice_wrlvl/N201_1_1/gateop, insts:7.
I: Infer CARRY group, base inst: DDR3_Interface_Inst/DDR3_Inst/u_ddrphy_top/ddrphy_slice_top/i_dqs_group[0].u_ddrphy_data_slice/dqsi_rdel_cal/N28_1.fsub_0/gateop, insts:7.
I: Infer CARRY group, base inst: DDR3_Interface_Inst/DDR3_Inst/u_ddrphy_top/ddrphy_slice_top/i_dqs_group[0].u_ddrphy_data_slice/dqsi_rdel_cal/N33_1_1/gateop, insts:7.
I: Infer CARRY group, base inst: DDR3_Interface_Inst/DDR3_Inst/u_ddrphy_top/ddrphy_slice_top/i_dqs_group[0].u_ddrphy_data_slice/dqsi_rdel_cal/N43_1.fsub_1/gateop, insts:7.
I: Infer CARRY group, base inst: DDR3_Interface_Inst/DDR3_Inst/u_ddrphy_top/ddrphy_slice_top/i_dqs_group[0].u_ddrphy_data_slice/dqsi_rdel_cal/N53.eq_0/gateop, insts:3.
I: Infer CARRY group, base inst: DDR3_Interface_Inst/DDR3_Inst/u_ddrphy_top/ddrphy_slice_top/i_dqs_group[0].u_ddrphy_data_slice/dqsi_rdel_cal/N85_1/gateop, insts:8.
I: Infer CARRY group, base inst: DDR3_Interface_Inst/DDR3_Inst/u_ddrphy_top/ddrphy_slice_top/i_dqs_group[0].u_ddrphy_data_slice/dqsi_rdel_cal/N104_1_1/gateop, insts:9.
I: Infer CARRY group, base inst: DDR3_Interface_Inst/DDR3_Inst/u_ddrphy_top/ddrphy_slice_top/i_dqs_group[0].u_ddrphy_data_slice/dqsi_rdel_cal/N108.eq_0/gateop, insts:5.
I: Infer CARRY group, base inst: DDR3_Interface_Inst/DDR3_Inst/u_ddrphy_top/ddrphy_slice_top/i_dqs_group[0].u_ddrphy_data_slice/dqsi_rdel_cal/N167.eq_0/gateop, insts:5.
I: Infer CARRY group, base inst: DDR3_Interface_Inst/DDR3_Inst/u_ddrphy_top/ddrphy_slice_top/i_dqs_group[0].u_ddrphy_data_slice/dqsi_rdel_cal/N264_1_0/gateop, insts:8.
I: Infer CARRY group, base inst: DDR3_Interface_Inst/DDR3_Inst/u_ddrphy_top/ddrphy_slice_top/i_dqs_group[0].u_ddrphy_data_slice/dqsi_rdel_cal/N280_1_0/gateop, insts:8.
I: Infer CARRY group, base inst: DDR3_Interface_Inst/DDR3_Inst/u_ddrphy_top/ddrphy_slice_top/i_dqs_group[0].u_ddrphy_data_slice/dqsi_rdel_cal/N285_1_1/gateop, insts:9.
I: Infer CARRY group, base inst: DDR3_Interface_Inst/DDR3_Inst/u_ddrphy_top/ddrphy_slice_top/i_dqs_group[1].u_ddrphy_data_slice/data_slice_wrlvl/N102_1_0/gateop, insts:8.
I: Infer CARRY group, base inst: DDR3_Interface_Inst/DDR3_Inst/u_ddrphy_top/ddrphy_slice_top/i_dqs_group[1].u_ddrphy_data_slice/data_slice_wrlvl/N104_1_1/gateop, insts:7.
I: Infer CARRY group, base inst: DDR3_Interface_Inst/DDR3_Inst/u_ddrphy_top/ddrphy_slice_top/i_dqs_group[1].u_ddrphy_data_slice/data_slice_wrlvl/N201_1_1/gateop, insts:7.
I: Infer CARRY group, base inst: DDR3_Interface_Inst/DDR3_Inst/u_ddrphy_top/ddrphy_slice_top/i_dqs_group[1].u_ddrphy_data_slice/dqsi_rdel_cal/N28_1.fsub_0/gateop, insts:7.
I: Infer CARRY group, base inst: DDR3_Interface_Inst/DDR3_Inst/u_ddrphy_top/ddrphy_slice_top/i_dqs_group[1].u_ddrphy_data_slice/dqsi_rdel_cal/N33_1_1/gateop, insts:7.
I: Infer CARRY group, base inst: DDR3_Interface_Inst/DDR3_Inst/u_ddrphy_top/ddrphy_slice_top/i_dqs_group[1].u_ddrphy_data_slice/dqsi_rdel_cal/N43_1.fsub_1/gateop, insts:7.
I: Infer CARRY group, base inst: DDR3_Interface_Inst/DDR3_Inst/u_ddrphy_top/ddrphy_slice_top/i_dqs_group[1].u_ddrphy_data_slice/dqsi_rdel_cal/N53.eq_0/gateop, insts:3.
I: Infer CARRY group, base inst: DDR3_Interface_Inst/DDR3_Inst/u_ddrphy_top/ddrphy_slice_top/i_dqs_group[1].u_ddrphy_data_slice/dqsi_rdel_cal/N85_1/gateop, insts:8.
I: Infer CARRY group, base inst: DDR3_Interface_Inst/DDR3_Inst/u_ddrphy_top/ddrphy_slice_top/i_dqs_group[1].u_ddrphy_data_slice/dqsi_rdel_cal/N104_1_1/gateop, insts:9.
I: Infer CARRY group, base inst: DDR3_Interface_Inst/DDR3_Inst/u_ddrphy_top/ddrphy_slice_top/i_dqs_group[1].u_ddrphy_data_slice/dqsi_rdel_cal/N108.eq_0/gateop, insts:5.
I: Infer CARRY group, base inst: DDR3_Interface_Inst/DDR3_Inst/u_ddrphy_top/ddrphy_slice_top/i_dqs_group[1].u_ddrphy_data_slice/dqsi_rdel_cal/N167.eq_0/gateop, insts:5.
I: Infer CARRY group, base inst: DDR3_Interface_Inst/DDR3_Inst/u_ddrphy_top/ddrphy_slice_top/i_dqs_group[1].u_ddrphy_data_slice/dqsi_rdel_cal/N264_1_0/gateop, insts:8.
I: Infer CARRY group, base inst: DDR3_Interface_Inst/DDR3_Inst/u_ddrphy_top/ddrphy_slice_top/i_dqs_group[1].u_ddrphy_data_slice/dqsi_rdel_cal/N280_1_0/gateop, insts:8.
I: Infer CARRY group, base inst: DDR3_Interface_Inst/DDR3_Inst/u_ddrphy_top/ddrphy_slice_top/i_dqs_group[1].u_ddrphy_data_slice/dqsi_rdel_cal/N285_1_1/gateop, insts:9.
I: Infer CARRY group, base inst: DDR3_Interface_Inst/DDR3_Inst/u_ipsxb_ddrc_top/mcdq_dcp_top/mcdq_dcp_back_ctrl/timing_act_pass/N31.lt_0/gateop, insts:4.
I: Infer CARRY group, base inst: DDR3_Interface_Inst/DDR3_Inst/u_ddrphy_top/ddrphy_slice_top/i_dqs_group[0].u_ddrphy_data_slice/data_slice_dqs_gate_cal/gatecal/N81_1_1/gateop, insts:5.
I: Infer CARRY group, base inst: DDR3_Interface_Inst/DDR3_Inst/u_ddrphy_top/ddrphy_slice_top/i_dqs_group[0].u_ddrphy_data_slice/data_slice_dqs_gate_cal/gatecal/N144_1.fsub_1/gateop, insts:5.
I: Infer CARRY group, base inst: DDR3_Interface_Inst/DDR3_Inst/u_ddrphy_top/ddrphy_slice_top/i_dqs_group[1].u_ddrphy_data_slice/data_slice_dqs_gate_cal/gatecal/N81_1_0/gateop, insts:6.
I: Infer CARRY group, base inst: DDR3_Interface_Inst/DDR3_Inst/u_ddrphy_top/ddrphy_slice_top/i_dqs_group[1].u_ddrphy_data_slice/data_slice_dqs_gate_cal/gatecal/N144_1.fsub_1/gateop, insts:5.
I: Infer CARRY group, base inst: DDR3_Interface_Inst/DDR3_Inst/u_ipsxb_ddrc_top/mcdq_wdatapath/ipsxb_distributed_fifo/u_ipsxb_distributed_fifo_distributed_fifo_v1_0/u_ipsxb_distributed_fifo_ctr/N2_1/gateop, insts:5.
I: Infer CARRY group, base inst: DDR3_Interface_Inst/DDR3_Inst/u_ipsxb_ddrc_top/mcdq_wdatapath/ipsxb_distributed_fifo/u_ipsxb_distributed_fifo_distributed_fifo_v1_0/u_ipsxb_distributed_fifo_ctr/N9_1/gateop, insts:5.
I: Infer CARRY group, base inst: DDR3_Interface_Inst/DDR3_Inst/u_ipsxb_ddrc_top/mcdq_wdatapath/ipsxb_distributed_fifo/u_ipsxb_distributed_fifo_distributed_fifo_v1_0/u_ipsxb_distributed_fifo_ctr/N36.eq_0/gateop, insts:3.
I: Infer CARRY group, base inst: DDR3_Interface_Inst/DDR3_Inst/u_ipsxb_ddrc_top/mcdq_dcp_top/mcdq_dcp_buf/A_ipsxb_distributed_fifo/u_ipsxb_distributed_fifo_distributed_fifo_v1_0/u_ipsxb_distributed_fifo_ctr/N2_1/gateop, insts:5.
I: Infer CARRY group, base inst: DDR3_Interface_Inst/DDR3_Inst/u_ipsxb_ddrc_top/mcdq_dcp_top/mcdq_dcp_buf/A_ipsxb_distributed_fifo/u_ipsxb_distributed_fifo_distributed_fifo_v1_0/u_ipsxb_distributed_fifo_ctr/N9_1/gateop, insts:5.
I: Infer CARRY group, base inst: DDR3_Interface_Inst/DDR3_Inst/u_ipsxb_ddrc_top/mcdq_dcp_top/mcdq_dcp_buf/A_ipsxb_distributed_fifo/u_ipsxb_distributed_fifo_distributed_fifo_v1_0/u_ipsxb_distributed_fifo_ctr/N19.lt_0/gateop, insts:3.
I: Infer CARRY group, base inst: DDR3_Interface_Inst/DDR3_Inst/u_ipsxb_ddrc_top/mcdq_dcp_top/mcdq_dcp_buf/A_ipsxb_distributed_fifo/u_ipsxb_distributed_fifo_distributed_fifo_v1_0/u_ipsxb_distributed_fifo_ctr/N24_1.fsub_1/gateop, insts:6.
I: Infer CARRY group, base inst: DDR3_Interface_Inst/DDR3_Inst/u_ipsxb_ddrc_top/mcdq_dcp_top/mcdq_dcp_buf/A_ipsxb_distributed_fifo/u_ipsxb_distributed_fifo_distributed_fifo_v1_0/u_ipsxb_distributed_fifo_ctr/N30.fsub_1/gateop, insts:6.
I: Infer CARRY group, base inst: DDR3_Interface_Inst/DDR3_Inst/u_ipsxb_ddrc_top/mcdq_dcp_top/mcdq_dcp_buf/A_ipsxb_distributed_fifo/u_ipsxb_distributed_fifo_distributed_fifo_v1_0/u_ipsxb_distributed_fifo_ctr/N36.eq_0/gateop, insts:3.
I: Infer CARRY group, base inst: DDR3_Interface_Inst/DDR3_Inst/u_ipsxb_ddrc_top/mcdq_dcp_top/mcdq_dcp_buf/B_ipsxb_distributed_fifo/u_ipsxb_distributed_fifo_distributed_fifo_v1_0/u_ipsxb_distributed_fifo_ctr/N2_1/gateop, insts:5.
I: Infer CARRY group, base inst: DDR3_Interface_Inst/DDR3_Inst/u_ipsxb_ddrc_top/mcdq_dcp_top/mcdq_dcp_buf/B_ipsxb_distributed_fifo/u_ipsxb_distributed_fifo_distributed_fifo_v1_0/u_ipsxb_distributed_fifo_ctr/N9_1/gateop, insts:5.
I: Infer CARRY group, base inst: DDR3_Interface_Inst/DDR3_Inst/u_ipsxb_ddrc_top/mcdq_dcp_top/mcdq_dcp_buf/B_ipsxb_distributed_fifo/u_ipsxb_distributed_fifo_distributed_fifo_v1_0/u_ipsxb_distributed_fifo_ctr/N19.lt_0/gateop, insts:3.
I: Infer CARRY group, base inst: DDR3_Interface_Inst/DDR3_Inst/u_ipsxb_ddrc_top/mcdq_dcp_top/mcdq_dcp_buf/B_ipsxb_distributed_fifo/u_ipsxb_distributed_fifo_distributed_fifo_v1_0/u_ipsxb_distributed_fifo_ctr/N24_1.fsub_1/gateop, insts:6.
I: Infer CARRY group, base inst: DDR3_Interface_Inst/DDR3_Inst/u_ipsxb_ddrc_top/mcdq_dcp_top/mcdq_dcp_buf/B_ipsxb_distributed_fifo/u_ipsxb_distributed_fifo_distributed_fifo_v1_0/u_ipsxb_distributed_fifo_ctr/N30.fsub_1/gateop, insts:6.
I: Infer CARRY group, base inst: DDR3_Interface_Inst/DDR3_Inst/u_ipsxb_ddrc_top/mcdq_dcp_top/mcdq_dcp_buf/B_ipsxb_distributed_fifo/u_ipsxb_distributed_fifo_distributed_fifo_v1_0/u_ipsxb_distributed_fifo_ctr/N36.eq_0/gateop, insts:3.
I: Infer CARRY group, base inst: DDR3_Interface_Inst/DDR3_Inst/u_ipsxb_ddrc_top/mcdq_rdatapath/mcdq_prefetch_fifo/ipsxb_distributed_fifo/u_ipsxb_distributed_fifo_distributed_fifo_v1_0/u_ipsxb_distributed_fifo_ctr/N2_1/gateop, insts:6.
I: Infer CARRY group, base inst: DDR3_Interface_Inst/DDR3_Inst/u_ipsxb_ddrc_top/mcdq_rdatapath/mcdq_prefetch_fifo/ipsxb_distributed_fifo/u_ipsxb_distributed_fifo_distributed_fifo_v1_0/u_ipsxb_distributed_fifo_ctr/N9_1/gateop, insts:6.
I: Infer CARRY group, base inst: DDR3_Interface_Inst/DDR3_Inst/u_ipsxb_ddrc_top/mcdq_rdatapath/mcdq_prefetch_fifo/ipsxb_distributed_fifo/u_ipsxb_distributed_fifo_distributed_fifo_v1_0/u_ipsxb_distributed_fifo_ctr/N16.eq_0/gateop, insts:3.
I: Infer CARRY group, base inst: DDR3_Interface_Inst/DDR3_Inst/u_ipsxb_ddrc_top/mcdq_rdatapath/mcdq_prefetch_fifo/ipsxb_distributed_fifo/u_ipsxb_distributed_fifo_distributed_fifo_v1_0/u_ipsxb_distributed_fifo_ctr/N36.eq_0/gateop, insts:3.
I: INST: "Image_Process_Interface_Inst/Frame_RD_Interface_Inst/video_data_o[3]/opit_0" has been packed in IOL "o_hdmi3_data_obuf[3]/opit_1" success.
I: INST: "Image_Process_Interface_Inst/Frame_RD_Interface_Inst/video_data_o[4]/opit_0" has been packed in IOL "o_hdmi3_data_obuf[4]/opit_1" success.
I: INST: "Image_Process_Interface_Inst/Frame_RD_Interface_Inst/video_data_o[5]/opit_0" has been packed in IOL "o_hdmi3_data_obuf[5]/opit_1" success.
I: INST: "Image_Process_Interface_Inst/Frame_RD_Interface_Inst/video_data_o[6]/opit_0" has been packed in IOL "o_hdmi3_data_obuf[6]/opit_1" success.
I: INST: "Image_Process_Interface_Inst/Frame_RD_Interface_Inst/video_data_o[7]/opit_0" has been packed in IOL "o_hdmi3_data_obuf[7]/opit_1" success.
I: INST: "Image_Process_Interface_Inst/Frame_RD_Interface_Inst/video_data_o[10]/opit_0" has been packed in IOL "o_hdmi3_data_obuf[10]/opit_1" success.
I: INST: "Image_Process_Interface_Inst/Frame_RD_Interface_Inst/video_data_o[11]/opit_0" has been packed in IOL "o_hdmi3_data_obuf[11]/opit_1" success.
I: INST: "Image_Process_Interface_Inst/Frame_RD_Interface_Inst/video_data_o[12]/opit_0" has been packed in IOL "o_hdmi3_data_obuf[12]/opit_1" success.
I: INST: "Image_Process_Interface_Inst/Frame_RD_Interface_Inst/video_data_o[13]/opit_0" has been packed in IOL "o_hdmi3_data_obuf[13]/opit_1" success.
I: INST: "Image_Process_Interface_Inst/Frame_RD_Interface_Inst/video_data_o[14]/opit_0" has been packed in IOL "o_hdmi3_data_obuf[14]/opit_1" success.
I: INST: "Image_Process_Interface_Inst/Frame_RD_Interface_Inst/video_data_o[15]/opit_0" has been packed in IOL "o_hdmi3_data_obuf[15]/opit_1" success.
I: INST: "Image_Process_Interface_Inst/Frame_RD_Interface_Inst/video_data_o[19]/opit_0" has been packed in IOL "o_hdmi3_data_obuf[19]/opit_1" success.
I: INST: "Image_Process_Interface_Inst/Frame_RD_Interface_Inst/video_data_o[20]/opit_0" has been packed in IOL "o_hdmi3_data_obuf[20]/opit_1" success.
I: INST: "Image_Process_Interface_Inst/Frame_RD_Interface_Inst/video_data_o[21]/opit_0" has been packed in IOL "o_hdmi3_data_obuf[21]/opit_1" success.
I: INST: "Image_Process_Interface_Inst/Frame_RD_Interface_Inst/video_data_o[22]/opit_0" has been packed in IOL "o_hdmi3_data_obuf[22]/opit_1" success.
I: INST: "Image_Process_Interface_Inst/Frame_RD_Interface_Inst/video_data_o[23]/opit_0" has been packed in IOL "o_hdmi3_data_obuf[23]/opit_1" success.
I: INST: "Image_Process_Interface_Inst/Image_Preprocess_Interface_1/Video_Analyze_Interface_Inst/video_data_i[3]/opit_0" has been packed in IOL "i_hdmi1_data_ibuf[3]/opit_1" success.
I: INST: "Image_Process_Interface_Inst/Image_Preprocess_Interface_1/Video_Analyze_Interface_Inst/video_data_i[4]/opit_0" has been packed in IOL "i_hdmi1_data_ibuf[4]/opit_1" success.
I: INST: "Image_Process_Interface_Inst/Image_Preprocess_Interface_1/Video_Analyze_Interface_Inst/video_data_i[5]/opit_0" has been packed in IOL "i_hdmi1_data_ibuf[5]/opit_1" success.
I: INST: "Image_Process_Interface_Inst/Image_Preprocess_Interface_1/Video_Analyze_Interface_Inst/video_data_i[6]/opit_0" has been packed in IOL "i_hdmi1_data_ibuf[6]/opit_1" success.
I: INST: "Image_Process_Interface_Inst/Image_Preprocess_Interface_1/Video_Analyze_Interface_Inst/video_data_i[7]/opit_0" has been packed in IOL "i_hdmi1_data_ibuf[7]/opit_1" success.
I: INST: "Image_Process_Interface_Inst/Image_Preprocess_Interface_1/Video_Analyze_Interface_Inst/video_data_i[10]/opit_0" has been packed in IOL "i_hdmi1_data_ibuf[10]/opit_1" success.
I: INST: "Image_Process_Interface_Inst/Image_Preprocess_Interface_1/Video_Analyze_Interface_Inst/video_data_i[11]/opit_0" has been packed in IOL "i_hdmi1_data_ibuf[11]/opit_1" success.
I: INST: "Image_Process_Interface_Inst/Image_Preprocess_Interface_1/Video_Analyze_Interface_Inst/video_data_i[12]/opit_0" has been packed in IOL "i_hdmi1_data_ibuf[12]/opit_1" success.
I: INST: "Image_Process_Interface_Inst/Image_Preprocess_Interface_1/Video_Analyze_Interface_Inst/video_data_i[13]/opit_0" has been packed in IOL "i_hdmi1_data_ibuf[13]/opit_1" success.
I: INST: "Image_Process_Interface_Inst/Image_Preprocess_Interface_1/Video_Analyze_Interface_Inst/video_data_i[14]/opit_0" has been packed in IOL "i_hdmi1_data_ibuf[14]/opit_1" success.
I: INST: "Image_Process_Interface_Inst/Image_Preprocess_Interface_1/Video_Analyze_Interface_Inst/video_data_i[15]/opit_0" has been packed in IOL "i_hdmi1_data_ibuf[15]/opit_1" success.
I: INST: "Image_Process_Interface_Inst/Image_Preprocess_Interface_1/Video_Analyze_Interface_Inst/video_data_i[19]/opit_0" has been packed in IOL "i_hdmi1_data_ibuf[19]/opit_1" success.
I: INST: "Image_Process_Interface_Inst/Image_Preprocess_Interface_1/Video_Analyze_Interface_Inst/video_data_i[20]/opit_0" has been packed in IOL "i_hdmi1_data_ibuf[20]/opit_1" success.
I: INST: "Image_Process_Interface_Inst/Image_Preprocess_Interface_1/Video_Analyze_Interface_Inst/video_data_i[21]/opit_0" has been packed in IOL "i_hdmi1_data_ibuf[21]/opit_1" success.
I: INST: "Image_Process_Interface_Inst/Image_Preprocess_Interface_1/Video_Analyze_Interface_Inst/video_data_i[22]/opit_0" has been packed in IOL "i_hdmi1_data_ibuf[22]/opit_1" success.
I: INST: "Image_Process_Interface_Inst/Image_Preprocess_Interface_1/Video_Analyze_Interface_Inst/video_data_i[23]/opit_0" has been packed in IOL "i_hdmi1_data_ibuf[23]/opit_1" success.
Device Utilization Summary:
+------------------------------------------------------------------------+
| Logic Utilization     | Used     | Available     | Utilization(%)     
+------------------------------------------------------------------------+
| APM                   | 0        | 84            | 0                  
| IOCKDLY               | 0        | 40            | 0                  
| FF                    | 4629     | 64200         | 8                  
| LUT                   | 5140     | 42800         | 13                 
| Distributed RAM       | 73       | 17000         | 1                  
| DLL                   | 1        | 10            | 10                 
| DQSL                  | 6        | 18            | 34                 
| DRM                   | 83.5     | 134           | 63                 
| FUSECODE              | 0        | 1             | 0                  
| IO                    | 129      | 296           | 44                 
| IOCKDIV               | 2        | 20            | 10                 
| IOCKGATE              | 5        | 20            | 25                 
| IPAL                  | 0        | 1             | 0                  
| PLL                   | 4        | 5             | 80                 
| RCKB                  | 0        | 24            | 0                  
| SCANCHAIN             | 0        | 2             | 0                  
| START                 | 0        | 1             | 0                  
| USCM                  | 9        | 30            | 30                 
| HSST                  | 0        | 1             | 0                  
| OSC                   | 0        | 1             | 0                  
| CRYSTAL               | 0        | 2             | 0                  
| RESCAL                | 0        | 4             | 0                  
| UDID                  | 0        | 1             | 0                  
| PCIE                  | 0        | 1             | 0                  
+------------------------------------------------------------------------+

Device mapping done.
Total device mapping takes 2.16 sec.

Design 'DDR_HDMI_Loop_Demo' has been successfully mapped to architecture-specific objects.
Saving design to DB.
W: Public-4010: Pcf file D:/ziguang/end1/ov5640/DDR_HDMI_Loop_Demo/device_map/DDR_HDMI_Loop_Demo.pcf has been covered.
Action dev_map: Real time elapsed is 0h:0m:12s
Action dev_map: CPU time elapsed is 0h:0m:10s
Action dev_map: Process CPU time elapsed is 0h:0m:10s
Current time: Fri Jul  7 17:45:22 2023
Action dev_map: Peak memory pool usage is 351 MB
