#Build: Fabric Compiler 2022.2, Build 117120, Feb 17 13:07 2023
#Install: D:\PDS_2022.2\bin
#Application name: pds_shell.exe
#OS: Windows 10 10.0.19045
#Hostname: LAPTOP-2ELM0Q8K
Generated by Fabric Compiler (version 2022.2 build 117120) at Fri Jul  7 16:38:53 2023
Compiling verification operator library.
Compiling common defs.
Compiling prim grid devices.
Compiling gate devices.
Compiling gate operators.
Building architecture model.
Loading device packaging model.
Reading design from DB.
Start Generating Programming File...
Reading design from DB takes 2.984375 sec.
Generating architecture configuration.
The bitstream file is "D:/ziguang/end1/ov5640/DDR_HDMI_Loop_Demo/generate_bitstream/DDR_HDMI_Loop_Demo.sbit"
Generate programming file takes 35.187500 sec.
Generating Programming File done.
Action gen_bit_stream: Real time elapsed is 0h:0m:46s
Action gen_bit_stream: CPU time elapsed is 0h:0m:44s
Action gen_bit_stream: Process CPU time elapsed is 0h:0m:44s
Current time: Fri Jul  7 16:39:37 2023
Action gen_bit_stream: Peak memory pool usage is 689 MB
