IP Generator (Version 2020.3-SP4 build 69652)
Check out license ...
Start generating at 2021-03-31 20:55
Instance: Color_ROM (E:\Demo_Project\DDR_HDMI_Loop_Demo\ipcore\Color_ROM\Color_ROM.idf)
Model: Logos DRM Based ROM (1.4)
Part: Logos-PGL50H-FBG484--6
Create directory 'rtl' ...
Copy 'rtl\ipml_rom_v1_4.v.xml' to 'rtl' ...
Copy 'rtl\ipml_spram_v1_4.v.xml' to 'rtl' ...
Compile file 'rtl\ipml_spram_v1_4.v.xml' to 'rtl\ipml_spram_v1_4_Color_ROM.v' ...
Compile file 'rtl\ipml_rom_v1_4.v.xml' to 'rtl\ipml_rom_v1_4_Color_ROM.v' ...
Copy 'ipml_rom_wrapper_v1_4.v.xml' ...
Compile file 'ipml_rom_wrapper_v1_4.v.xml' to 'Color_ROM.v' ...
Found top module 'Color_ROM' in file 'Color_ROM.v'.
Copy 'ipml_rom_wrapper_v1_3_tb.v.xml' ...
Compile file 'ipml_rom_wrapper_v1_3_tb.v.xml' to 'Color_ROM_tb.v' ...
Copy 'init_param_bin_exmp.dat' ...
Copy 'init_param_hex_exmp.dat' ...
Run file 'createParam.tcl' ...
Create template file 'Color_ROM_tmpl.v' ...
Create template file 'Color_ROM_tmpl.vhdl' ...
There are 3 source files to synthesize.
Synthesis is disabled.
Done: 0 error(s), 0 warning(s)
