#Build: Fabric Compiler 2022.2, Build 117120, Feb 17 13:07 2023
#Install: D:\PDS_2022.2\bin
#Application name: pds_shell.exe
#OS: Windows 10 10.0.19045
#Hostname: LAPTOP-2ELM0Q8K
Generated by Fabric Compiler (version 2022.2 build 117120) at Fri Jul  7 17:47:09 2023
Compiling verification operator library.
Compiling common defs.
Compiling prim grid devices.
Compiling gate devices.
Compiling gate operators.
Building architecture model.
Loading device packaging model.
Reading design from pnr DB.
Start Report Post-PnR timing.
W: Flow-4065: The port cmos2_pclk has a sdc constraint, but it do not connect to any pin.
Constructing timing graph ...
Timing graph has been constructed successfully
C: STA-3009: The clock cmos2_pclk is not connected to any clock endpoints,it will be treated as a normal port or pin.
C: STA-3009: The clock cmos2_pclk_16bit is not connected to any clock endpoints,it will be treated as a normal port or pin.
C: STA-3009: The clock clk_25M is not connected to any clock endpoints,it will be treated as a normal port or pin.
W: STA-3011: Clock pin 'coms1_reg_config/config_step_reg[0]/opit_0_inv/CLK' (gopQ.CLK) has no clock, timing propagation is disabled at the pin.
W: STA-3011: Clock pin 'coms1_reg_config/config_step_reg[1]/opit_0_inv/CLK' (gopQ.CLK) has no clock, timing propagation is disabled at the pin.
W: STA-3011: Clock pin 'coms1_reg_config/config_step_reg[2]/opit_0_inv/CLK' (gopQ.CLK) has no clock, timing propagation is disabled at the pin.
W: STA-3011: Clock pin 'coms1_reg_config/reg_conf_done_reg/opit_0_inv/CLK' (gopQ.CLK) has no clock, timing propagation is disabled at the pin.
W: STA-3011: Clock pin 'coms1_reg_config/reg_data/iGopDrm/CLKA[0]' (gopDRM.CLKA[0]) has no clock, timing propagation is disabled at the pin.
W: STA-3011: Clock pin 'coms1_reg_config/reg_data/iGopDrm/CLKB[0]' (gopDRM.CLKB[0]) has no clock, timing propagation is disabled at the pin.
W: STA-3011: Clock pin 'coms1_reg_config/reg_index[0]/opit_0_inv_L5Q_perm/CLK' (gopL5Q.CLK) has no clock, timing propagation is disabled at the pin.
W: STA-3011: Clock pin 'coms1_reg_config/reg_index[2]/opit_0_inv_A2Q21/CLK' (gopA2Q2.CLK) has no clock, timing propagation is disabled at the pin.
W: STA-3011: Clock pin 'coms1_reg_config/reg_index[4]/opit_0_inv_A2Q21/CLK' (gopA2Q2.CLK) has no clock, timing propagation is disabled at the pin.
W: STA-3011: Clock pin 'coms1_reg_config/reg_index[6]/opit_0_inv_A2Q21/CLK' (gopA2Q2.CLK) has no clock, timing propagation is disabled at the pin.
W: STA-3011: Clock pin 'coms1_reg_config/reg_index[8]/opit_0_inv_A2Q21/CLK' (gopA2Q2.CLK) has no clock, timing propagation is disabled at the pin.
W: STA-3011: Clock pin 'coms1_reg_config/start/opit_0_inv_L5Q_perm/CLK' (gopL5Q.CLK) has no clock, timing propagation is disabled at the pin.
W: STA-3011: Clock pin 'coms1_reg_config/u1/cyc_count[0]/opit_0_inv_L5Q_perm/CLK' (gopL5Q.CLK) has no clock, timing propagation is disabled at the pin.
W: STA-3011: Clock pin 'coms1_reg_config/u1/cyc_count[2]/opit_0_inv_A2Q21/CLK' (gopA2Q2.CLK) has no clock, timing propagation is disabled at the pin.
W: STA-3011: Clock pin 'coms1_reg_config/u1/cyc_count[4]/opit_0_inv_A2Q21/CLK' (gopA2Q2.CLK) has no clock, timing propagation is disabled at the pin.
W: STA-3011: Clock pin 'coms1_reg_config/u1/cyc_count[5]/opit_0_inv_AQ_perm/CLK' (gopAQ.CLK) has no clock, timing propagation is disabled at the pin.
W: STA-3011: Clock pin 'coms1_reg_config/u1/reg_sdat/opit_0_inv_MUX4TO1Q/CLK' (gopMUX4TO1Q.CLK) has no clock, timing propagation is disabled at the pin.
W: STA-3011: Clock pin 'coms1_reg_config/u1/sclk/opit_0_inv_L5Q_perm/CLK' (gopL5Q.CLK) has no clock, timing propagation is disabled at the pin.
W: STA-3011: Clock pin 'coms1_reg_config/u1/tr_end/opit_0_inv_L5Q_perm/CLK' (gopL5Q.CLK) has no clock, timing propagation is disabled at the pin.
W: STA-3011: Clock pin 'coms2_reg_config/config_step_reg[0]/opit_0_inv/CLK' (gopQ.CLK) has no clock, timing propagation is disabled at the pin.
W: STA-3011: Clock pin 'coms2_reg_config/config_step_reg[1]/opit_0_inv/CLK' (gopQ.CLK) has no clock, timing propagation is disabled at the pin.
W: STA-3011: Clock pin 'coms2_reg_config/config_step_reg[2]/opit_0_inv/CLK' (gopQ.CLK) has no clock, timing propagation is disabled at the pin.
W: STA-3011: Clock pin 'coms2_reg_config/reg_conf_done_reg/opit_0_inv/CLK' (gopQ.CLK) has no clock, timing propagation is disabled at the pin.
W: STA-3011: Clock pin 'coms2_reg_config/reg_data/iGopDrm/CLKA[0]' (gopDRM.CLKA[0]) has no clock, timing propagation is disabled at the pin.
W: STA-3011: Clock pin 'coms2_reg_config/reg_data/iGopDrm/CLKB[0]' (gopDRM.CLKB[0]) has no clock, timing propagation is disabled at the pin.
W: STA-3011: Clock pin 'coms2_reg_config/reg_index[0]/opit_0_inv_L5Q_perm/CLK' (gopL5Q.CLK) has no clock, timing propagation is disabled at the pin.
W: STA-3011: Clock pin 'coms2_reg_config/reg_index[2]/opit_0_inv_A2Q21/CLK' (gopA2Q2.CLK) has no clock, timing propagation is disabled at the pin.
W: STA-3011: Clock pin 'coms2_reg_config/reg_index[4]/opit_0_inv_A2Q21/CLK' (gopA2Q2.CLK) has no clock, timing propagation is disabled at the pin.
W: STA-3011: Clock pin 'coms2_reg_config/reg_index[6]/opit_0_inv_A2Q21/CLK' (gopA2Q2.CLK) has no clock, timing propagation is disabled at the pin.
W: STA-3011: Clock pin 'coms2_reg_config/reg_index[8]/opit_0_inv_A2Q21/CLK' (gopA2Q2.CLK) has no clock, timing propagation is disabled at the pin.
W: STA-3011: Clock pin 'coms2_reg_config/start/opit_0_inv_L5Q/CLK' (gopL5Q.CLK) has no clock, timing propagation is disabled at the pin.
W: STA-3011: Clock pin 'coms2_reg_config/u1/cyc_count[0]/opit_0_inv_L5Q_perm/CLK' (gopL5Q.CLK) has no clock, timing propagation is disabled at the pin.
W: STA-3011: Clock pin 'coms2_reg_config/u1/cyc_count[2]/opit_0_inv_A2Q21/CLK' (gopA2Q2.CLK) has no clock, timing propagation is disabled at the pin.
W: STA-3011: Clock pin 'coms2_reg_config/u1/cyc_count[4]/opit_0_inv_A2Q21/CLK' (gopA2Q2.CLK) has no clock, timing propagation is disabled at the pin.
W: STA-3011: Clock pin 'coms2_reg_config/u1/cyc_count[5]/opit_0_inv_AQ_perm/CLK' (gopAQ.CLK) has no clock, timing propagation is disabled at the pin.
W: STA-3011: Clock pin 'coms2_reg_config/u1/reg_sdat/opit_0_inv_L5Q_perm/CLK' (gopL5Q.CLK) has no clock, timing propagation is disabled at the pin.
W: STA-3011: Clock pin 'coms2_reg_config/u1/sclk/opit_0_inv_L5Q_perm/CLK' (gopL5Q.CLK) has no clock, timing propagation is disabled at the pin.
W: STA-3011: Clock pin 'coms2_reg_config/u1/tr_end/opit_0_inv_L5Q_perm/CLK' (gopL5Q.CLK) has no clock, timing propagation is disabled at the pin.
W: Timing-4086: Port 'cmos1_scl' is not constrained, it is treated as combinational input.
W: Timing-4087: Port 'cmos1_scl' is not constrained, it is treated as combinational output.
W: Timing-4086: Port 'cmos1_sda' is not constrained, it is treated as combinational input.
W: Timing-4087: Port 'cmos1_sda' is not constrained, it is treated as combinational output.
W: Timing-4086: Port 'cmos2_scl' is not constrained, it is treated as combinational input.
W: Timing-4087: Port 'cmos2_scl' is not constrained, it is treated as combinational output.
W: Timing-4086: Port 'cmos2_sda' is not constrained, it is treated as combinational input.
W: Timing-4087: Port 'cmos2_sda' is not constrained, it is treated as combinational output.
W: Timing-4086: Port 'io_hdmi1_sda' is not constrained, it is treated as combinational input.
W: Timing-4087: Port 'io_hdmi1_sda' is not constrained, it is treated as combinational output.
W: Timing-4086: Port 'io_hdmi3_sda' is not constrained, it is treated as combinational input.
W: Timing-4087: Port 'io_hdmi3_sda' is not constrained, it is treated as combinational output.
W: Timing-4086: Port 'o_ddr3_dq[0]' is not constrained, it is treated as combinational input.
W: Timing-4087: Port 'o_ddr3_dq[0]' is not constrained, it is treated as combinational output.
W: Timing-4086: Port 'o_ddr3_dq[1]' is not constrained, it is treated as combinational input.
W: Timing-4087: Port 'o_ddr3_dq[1]' is not constrained, it is treated as combinational output.
W: Timing-4086: Port 'o_ddr3_dq[2]' is not constrained, it is treated as combinational input.
W: Timing-4087: Port 'o_ddr3_dq[2]' is not constrained, it is treated as combinational output.
W: Timing-4086: Port 'o_ddr3_dq[3]' is not constrained, it is treated as combinational input.
W: Timing-4087: Port 'o_ddr3_dq[3]' is not constrained, it is treated as combinational output.
W: Timing-4086: Port 'o_ddr3_dq[4]' is not constrained, it is treated as combinational input.
W: Timing-4087: Port 'o_ddr3_dq[4]' is not constrained, it is treated as combinational output.
W: Timing-4086: Port 'o_ddr3_dq[5]' is not constrained, it is treated as combinational input.
W: Timing-4087: Port 'o_ddr3_dq[5]' is not constrained, it is treated as combinational output.
W: Timing-4086: Port 'o_ddr3_dq[6]' is not constrained, it is treated as combinational input.
W: Timing-4087: Port 'o_ddr3_dq[6]' is not constrained, it is treated as combinational output.
W: Timing-4086: Port 'o_ddr3_dq[7]' is not constrained, it is treated as combinational input.
W: Timing-4087: Port 'o_ddr3_dq[7]' is not constrained, it is treated as combinational output.
W: Timing-4086: Port 'o_ddr3_dq[8]' is not constrained, it is treated as combinational input.
W: Timing-4087: Port 'o_ddr3_dq[8]' is not constrained, it is treated as combinational output.
W: Timing-4086: Port 'o_ddr3_dq[9]' is not constrained, it is treated as combinational input.
W: Timing-4087: Port 'o_ddr3_dq[9]' is not constrained, it is treated as combinational output.
W: Timing-4086: Port 'o_ddr3_dq[10]' is not constrained, it is treated as combinational input.
W: Timing-4087: Port 'o_ddr3_dq[10]' is not constrained, it is treated as combinational output.
W: Timing-4086: Port 'o_ddr3_dq[11]' is not constrained, it is treated as combinational input.
W: Timing-4087: Port 'o_ddr3_dq[11]' is not constrained, it is treated as combinational output.
W: Timing-4086: Port 'o_ddr3_dq[12]' is not constrained, it is treated as combinational input.
W: Timing-4087: Port 'o_ddr3_dq[12]' is not constrained, it is treated as combinational output.
W: Timing-4086: Port 'o_ddr3_dq[13]' is not constrained, it is treated as combinational input.
W: Timing-4087: Port 'o_ddr3_dq[13]' is not constrained, it is treated as combinational output.
W: Timing-4086: Port 'o_ddr3_dq[14]' is not constrained, it is treated as combinational input.
W: Timing-4087: Port 'o_ddr3_dq[14]' is not constrained, it is treated as combinational output.
W: Timing-4086: Port 'o_ddr3_dq[15]' is not constrained, it is treated as combinational input.
W: Timing-4087: Port 'o_ddr3_dq[15]' is not constrained, it is treated as combinational output.
W: Timing-4086: Port 'o_ddr3_dqs_n[0]' is not constrained, it is treated as combinational input.
W: Timing-4087: Port 'o_ddr3_dqs_n[0]' is not constrained, it is treated as combinational output.
W: Timing-4086: Port 'o_ddr3_dqs_n[1]' is not constrained, it is treated as combinational input.
W: Timing-4087: Port 'o_ddr3_dqs_n[1]' is not constrained, it is treated as combinational output.
W: Timing-4086: Port 'o_ddr3_dqs_p[0]' is not constrained, it is treated as combinational input.
W: Timing-4087: Port 'o_ddr3_dqs_p[0]' is not constrained, it is treated as combinational output.
W: Timing-4086: Port 'o_ddr3_dqs_p[1]' is not constrained, it is treated as combinational input.
W: Timing-4087: Port 'o_ddr3_dqs_p[1]' is not constrained, it is treated as combinational output.
W: Timing-4087: Port 'cmos1_reset' is not constrained, it is treated as combinational output.
W: Timing-4087: Port 'cmos2_reset' is not constrained, it is treated as combinational output.
W: Timing-4087: Port 'cmos_init_done[0]' is not constrained, it is treated as combinational output.
W: Timing-4087: Port 'cmos_init_done[1]' is not constrained, it is treated as combinational output.
W: Timing-4087: Port 'ctrl_led[0]' is not constrained, it is treated as combinational output.
W: Timing-4087: Port 'ctrl_led[1]' is not constrained, it is treated as combinational output.
W: Timing-4087: Port 'o_ddr3_address[0]' is not constrained, it is treated as combinational output.
W: Timing-4087: Port 'o_ddr3_address[1]' is not constrained, it is treated as combinational output.
W: Timing-4087: Port 'o_ddr3_address[2]' is not constrained, it is treated as combinational output.
W: Timing-4087: Port 'o_ddr3_address[3]' is not constrained, it is treated as combinational output.
W: Timing-4087: Port 'o_ddr3_address[4]' is not constrained, it is treated as combinational output.
W: Timing-4087: Port 'o_ddr3_address[5]' is not constrained, it is treated as combinational output.
W: Timing-4087: Port 'o_ddr3_address[6]' is not constrained, it is treated as combinational output.
W: Timing-4087: Port 'o_ddr3_address[7]' is not constrained, it is treated as combinational output.
W: Timing-4087: Port 'o_ddr3_address[8]' is not constrained, it is treated as combinational output.
W: Timing-4087: Port 'o_ddr3_address[9]' is not constrained, it is treated as combinational output.
W: Timing-4087: Port 'o_ddr3_address[10]' is not constrained, it is treated as combinational output.
W: Timing-4087: Port 'o_ddr3_address[11]' is not constrained, it is treated as combinational output.
W: Timing-4087: Port 'o_ddr3_address[12]' is not constrained, it is treated as combinational output.
W: Timing-4087: Port 'o_ddr3_address[13]' is not constrained, it is treated as combinational output.
W: Timing-4087: Port 'o_ddr3_address[14]' is not constrained, it is treated as combinational output.
W: Timing-4087: Port 'o_ddr3_ba[0]' is not constrained, it is treated as combinational output.
W: Timing-4087: Port 'o_ddr3_ba[1]' is not constrained, it is treated as combinational output.
W: Timing-4087: Port 'o_ddr3_ba[2]' is not constrained, it is treated as combinational output.
W: Timing-4087: Port 'o_ddr3_cas' is not constrained, it is treated as combinational output.
W: Timing-4087: Port 'o_ddr3_cke' is not constrained, it is treated as combinational output.
W: Timing-4087: Port 'o_ddr3_clk_n' is not constrained, it is treated as combinational output.
W: Timing-4087: Port 'o_ddr3_clk_p' is not constrained, it is treated as combinational output.
W: Timing-4087: Port 'o_ddr3_cs' is not constrained, it is treated as combinational output.
W: Timing-4087: Port 'o_ddr3_dm[0]' is not constrained, it is treated as combinational output.
W: Timing-4087: Port 'o_ddr3_dm[1]' is not constrained, it is treated as combinational output.
W: Timing-4087: Port 'o_ddr3_odt' is not constrained, it is treated as combinational output.
W: Timing-4087: Port 'o_ddr3_ras' is not constrained, it is treated as combinational output.
W: Timing-4087: Port 'o_ddr3_rstn' is not constrained, it is treated as combinational output.
W: Timing-4087: Port 'o_ddr3_we' is not constrained, it is treated as combinational output.
W: Timing-4087: Port 'o_hdmi1_scl' is not constrained, it is treated as combinational output.
W: Timing-4087: Port 'o_hdmi3_clk' is not constrained, it is treated as combinational output.
W: Timing-4087: Port 'o_hdmi3_data[0]' is not constrained, it is treated as combinational output.
W: Timing-4087: Port 'o_hdmi3_data[1]' is not constrained, it is treated as combinational output.
W: Timing-4087: Port 'o_hdmi3_data[2]' is not constrained, it is treated as combinational output.
W: Timing-4087: Port 'o_hdmi3_data[3]' is not constrained, it is treated as combinational output.
W: Timing-4087: Port 'o_hdmi3_data[4]' is not constrained, it is treated as combinational output.
W: Timing-4087: Port 'o_hdmi3_data[5]' is not constrained, it is treated as combinational output.
W: Timing-4087: Port 'o_hdmi3_data[6]' is not constrained, it is treated as combinational output.
W: Timing-4087: Port 'o_hdmi3_data[7]' is not constrained, it is treated as combinational output.
W: Timing-4087: Port 'o_hdmi3_data[8]' is not constrained, it is treated as combinational output.
W: Timing-4087: Port 'o_hdmi3_data[9]' is not constrained, it is treated as combinational output.
W: Timing-4087: Port 'o_hdmi3_data[10]' is not constrained, it is treated as combinational output.
W: Timing-4087: Port 'o_hdmi3_data[11]' is not constrained, it is treated as combinational output.
W: Timing-4087: Port 'o_hdmi3_data[12]' is not constrained, it is treated as combinational output.
W: Timing-4087: Port 'o_hdmi3_data[13]' is not constrained, it is treated as combinational output.
W: Timing-4087: Port 'o_hdmi3_data[14]' is not constrained, it is treated as combinational output.
W: Timing-4087: Port 'o_hdmi3_data[15]' is not constrained, it is treated as combinational output.
W: Timing-4087: Port 'o_hdmi3_data[16]' is not constrained, it is treated as combinational output.
W: Timing-4087: Port 'o_hdmi3_data[17]' is not constrained, it is treated as combinational output.
W: Timing-4087: Port 'o_hdmi3_data[18]' is not constrained, it is treated as combinational output.
W: Timing-4087: Port 'o_hdmi3_data[19]' is not constrained, it is treated as combinational output.
W: Timing-4087: Port 'o_hdmi3_data[20]' is not constrained, it is treated as combinational output.
W: Timing-4087: Port 'o_hdmi3_data[21]' is not constrained, it is treated as combinational output.
W: Timing-4087: Port 'o_hdmi3_data[22]' is not constrained, it is treated as combinational output.
W: Timing-4087: Port 'o_hdmi3_data[23]' is not constrained, it is treated as combinational output.
W: Timing-4087: Port 'o_hdmi3_hsync' is not constrained, it is treated as combinational output.
W: Timing-4087: Port 'o_hdmi3_rstn' is not constrained, it is treated as combinational output.
W: Timing-4087: Port 'o_hdmi3_scl' is not constrained, it is treated as combinational output.
W: Timing-4087: Port 'o_hdmi3_vde' is not constrained, it is treated as combinational output.
W: Timing-4087: Port 'o_hdmi3_vsync' is not constrained, it is treated as combinational output.
W: Timing-4087: Port 'o_led[0]' is not constrained, it is treated as combinational output.
W: Timing-4087: Port 'o_led[1]' is not constrained, it is treated as combinational output.
W: Timing-4086: Port 'cmos1_data[0]' is not constrained, it is treated as combinational input.
W: Timing-4086: Port 'cmos1_data[1]' is not constrained, it is treated as combinational input.
W: Timing-4086: Port 'cmos1_data[2]' is not constrained, it is treated as combinational input.
W: Timing-4086: Port 'cmos1_data[3]' is not constrained, it is treated as combinational input.
W: Timing-4086: Port 'cmos1_data[4]' is not constrained, it is treated as combinational input.
W: Timing-4086: Port 'cmos1_data[5]' is not constrained, it is treated as combinational input.
W: Timing-4086: Port 'cmos1_data[6]' is not constrained, it is treated as combinational input.
W: Timing-4086: Port 'cmos1_data[7]' is not constrained, it is treated as combinational input.
W: Timing-4086: Port 'cmos1_href' is not constrained, it is treated as combinational input.
W: Timing-4086: Port 'cmos1_vsync' is not constrained, it is treated as combinational input.
W: Timing-4086: Port 'cmos2_data[0]' is not constrained, it is treated as combinational input.
W: Timing-4086: Port 'cmos2_data[1]' is not constrained, it is treated as combinational input.
W: Timing-4086: Port 'cmos2_data[2]' is not constrained, it is treated as combinational input.
W: Timing-4086: Port 'cmos2_data[3]' is not constrained, it is treated as combinational input.
W: Timing-4086: Port 'cmos2_data[4]' is not constrained, it is treated as combinational input.
W: Timing-4086: Port 'cmos2_data[5]' is not constrained, it is treated as combinational input.
W: Timing-4086: Port 'cmos2_data[6]' is not constrained, it is treated as combinational input.
W: Timing-4086: Port 'cmos2_data[7]' is not constrained, it is treated as combinational input.
W: Timing-4086: Port 'cmos2_href' is not constrained, it is treated as combinational input.
W: Timing-4086: Port 'cmos2_vsync' is not constrained, it is treated as combinational input.
W: Timing-4086: Port 'i_hdmi1_data[0]' is not constrained, it is treated as combinational input.
W: Timing-4086: Port 'i_hdmi1_data[1]' is not constrained, it is treated as combinational input.
W: Timing-4086: Port 'i_hdmi1_data[2]' is not constrained, it is treated as combinational input.
W: Timing-4086: Port 'i_hdmi1_data[3]' is not constrained, it is treated as combinational input.
W: Timing-4086: Port 'i_hdmi1_data[4]' is not constrained, it is treated as combinational input.
W: Timing-4086: Port 'i_hdmi1_data[5]' is not constrained, it is treated as combinational input.
W: Timing-4086: Port 'i_hdmi1_data[6]' is not constrained, it is treated as combinational input.
W: Timing-4086: Port 'i_hdmi1_data[7]' is not constrained, it is treated as combinational input.
W: Timing-4086: Port 'i_hdmi1_data[8]' is not constrained, it is treated as combinational input.
W: Timing-4086: Port 'i_hdmi1_data[9]' is not constrained, it is treated as combinational input.
W: Timing-4086: Port 'i_hdmi1_data[10]' is not constrained, it is treated as combinational input.
W: Timing-4086: Port 'i_hdmi1_data[11]' is not constrained, it is treated as combinational input.
W: Timing-4086: Port 'i_hdmi1_data[12]' is not constrained, it is treated as combinational input.
W: Timing-4086: Port 'i_hdmi1_data[13]' is not constrained, it is treated as combinational input.
W: Timing-4086: Port 'i_hdmi1_data[14]' is not constrained, it is treated as combinational input.
W: Timing-4086: Port 'i_hdmi1_data[15]' is not constrained, it is treated as combinational input.
W: Timing-4086: Port 'i_hdmi1_data[16]' is not constrained, it is treated as combinational input.
W: Timing-4086: Port 'i_hdmi1_data[17]' is not constrained, it is treated as combinational input.
W: Timing-4086: Port 'i_hdmi1_data[18]' is not constrained, it is treated as combinational input.
W: Timing-4086: Port 'i_hdmi1_data[19]' is not constrained, it is treated as combinational input.
W: Timing-4086: Port 'i_hdmi1_data[20]' is not constrained, it is treated as combinational input.
W: Timing-4086: Port 'i_hdmi1_data[21]' is not constrained, it is treated as combinational input.
W: Timing-4086: Port 'i_hdmi1_data[22]' is not constrained, it is treated as combinational input.
W: Timing-4086: Port 'i_hdmi1_data[23]' is not constrained, it is treated as combinational input.
W: Timing-4086: Port 'i_hdmi1_hsync' is not constrained, it is treated as combinational input.
W: Timing-4086: Port 'i_hdmi1_vde' is not constrained, it is treated as combinational input.
W: Timing-4086: Port 'i_hdmi1_vsync' is not constrained, it is treated as combinational input.
W: Timing-4086: Port 'i_rstn' is not constrained, it is treated as combinational input.
W: Timing-4086: Port 'key[0]' is not constrained, it is treated as combinational input.
W: Timing-4086: Port 'key[1]' is not constrained, it is treated as combinational input.
Report timing is finished successfully.
Action report_timing: Real time elapsed is 0h:0m:17s
Action report_timing: CPU time elapsed is 0h:0m:16s
Action report_timing: Process CPU time elapsed is 0h:0m:20s
Current time: Fri Jul  7 17:47:24 2023
Action report_timing: Peak memory pool usage is 1,026 MB
