#Build: Fabric Compiler 2022.2, Build 117120, Feb 17 13:07 2023
#Install: D:\PDS_2022.2\bin
#Application name: pds_shell.exe
#OS: Windows 10 10.0.19045
#Hostname: LAPTOP-2ELM0Q8K
Generated by Fabric Compiler (version 2022.2 build 117120) at Fri Jul  7 17:37:14 2023
License checkout: fabric_ads
Compiling verification operator library.
Loading technology operator library.
Compiling technology operator library.
Compiling technology operator (valence) library.
I: Enable Verilog2k features and keywords
Start rtl-analyze.
Executing : .rtl_analyze -work work -include_path {D:/ziguang/end1/ov5640/DDR_HDMI_Loop_Demo} D:/ziguang/end1/ov5640/DDR_HDMI_Loop_Demo/source/DDR_HDMI_Loop_Demo.v
I: Verilog-0001: Analyzing file D:/ziguang/end1/ov5640/DDR_HDMI_Loop_Demo/source/DDR_HDMI_Loop_Demo.v
I: Verilog-0002: [D:/ziguang/end1/ov5640/DDR_HDMI_Loop_Demo/source/DDR_HDMI_Loop_Demo.v(line number: 3)] Analyzing module DDR_HDMI_Loop_Demo (library work)
Parsing done.
Executing : .rtl_analyze -work work -include_path {D:/ziguang/end1/ov5640/DDR_HDMI_Loop_Demo} D:/ziguang/end1/ov5640/DDR_HDMI_Loop_Demo/source/DDR_HDMI_Loop_Demo.v successfully.
Executing : .rtl_analyze -work work -include_path {D:/ziguang/end1/ov5640/DDR_HDMI_Loop_Demo} D:/ziguang/end1/ov5640/DDR_HDMI_Loop_Demo/source/DDR3/DDR_RD_Ctrl.v
I: Verilog-0001: Analyzing file D:/ziguang/end1/ov5640/DDR_HDMI_Loop_Demo/source/DDR3/DDR_RD_Ctrl.v
I: Verilog-0002: [D:/ziguang/end1/ov5640/DDR_HDMI_Loop_Demo/source/DDR3/DDR_RD_Ctrl.v(line number: 4)] Analyzing module DDR_RD_Ctrl (library work)
Parsing done.
Executing : .rtl_analyze -work work -include_path {D:/ziguang/end1/ov5640/DDR_HDMI_Loop_Demo} D:/ziguang/end1/ov5640/DDR_HDMI_Loop_Demo/source/DDR3/DDR_RD_Ctrl.v successfully.
Executing : .rtl_analyze -work work -include_path {D:/ziguang/end1/ov5640/DDR_HDMI_Loop_Demo} D:/ziguang/end1/ov5640/DDR_HDMI_Loop_Demo/source/DDR3/DDR_WR_Ctrl.v
I: Verilog-0001: Analyzing file D:/ziguang/end1/ov5640/DDR_HDMI_Loop_Demo/source/DDR3/DDR_WR_Ctrl.v
I: Verilog-0002: [D:/ziguang/end1/ov5640/DDR_HDMI_Loop_Demo/source/DDR3/DDR_WR_Ctrl.v(line number: 4)] Analyzing module DDR_WR_Ctrl (library work)
Parsing done.
Executing : .rtl_analyze -work work -include_path {D:/ziguang/end1/ov5640/DDR_HDMI_Loop_Demo} D:/ziguang/end1/ov5640/DDR_HDMI_Loop_Demo/source/DDR3/DDR_WR_Ctrl.v successfully.
Executing : .rtl_analyze -work work -include_path {D:/ziguang/end1/ov5640/DDR_HDMI_Loop_Demo} D:/ziguang/end1/ov5640/DDR_HDMI_Loop_Demo/source/DDR3/DDR_Arbitration_Ctrl.v
I: Verilog-0001: Analyzing file D:/ziguang/end1/ov5640/DDR_HDMI_Loop_Demo/source/DDR3/DDR_Arbitration_Ctrl.v
I: Verilog-0002: [D:/ziguang/end1/ov5640/DDR_HDMI_Loop_Demo/source/DDR3/DDR_Arbitration_Ctrl.v(line number: 4)] Analyzing module DDR_Arbitration_WR_Ctrl (library work)
I: Verilog-0002: [D:/ziguang/end1/ov5640/DDR_HDMI_Loop_Demo/source/DDR3/DDR_Arbitration_Ctrl.v(line number: 216)] Analyzing module DDR_Arbitration_RD_Ctrl (library work)
Parsing done.
Executing : .rtl_analyze -work work -include_path {D:/ziguang/end1/ov5640/DDR_HDMI_Loop_Demo} D:/ziguang/end1/ov5640/DDR_HDMI_Loop_Demo/source/DDR3/DDR_Arbitration_Ctrl.v successfully.
Executing : .rtl_analyze -work work -include_path {D:/ziguang/end1/ov5640/DDR_HDMI_Loop_Demo} D:/ziguang/end1/ov5640/DDR_HDMI_Loop_Demo/source/Image_Process_Interface.v
I: Verilog-0001: Analyzing file D:/ziguang/end1/ov5640/DDR_HDMI_Loop_Demo/source/Image_Process_Interface.v
I: Verilog-0002: [D:/ziguang/end1/ov5640/DDR_HDMI_Loop_Demo/source/Image_Process_Interface.v(line number: 4)] Analyzing module Image_Process_Interface (library work)
Parsing done.
Executing : .rtl_analyze -work work -include_path {D:/ziguang/end1/ov5640/DDR_HDMI_Loop_Demo} D:/ziguang/end1/ov5640/DDR_HDMI_Loop_Demo/source/Image_Process_Interface.v successfully.
Executing : .rtl_analyze -work work -include_path {D:/ziguang/end1/ov5640/DDR_HDMI_Loop_Demo} D:/ziguang/end1/ov5640/DDR_HDMI_Loop_Demo/source/DDR3/DDR3_Interface.v
I: Verilog-0001: Analyzing file D:/ziguang/end1/ov5640/DDR_HDMI_Loop_Demo/source/DDR3/DDR3_Interface.v
I: Verilog-0002: [D:/ziguang/end1/ov5640/DDR_HDMI_Loop_Demo/source/DDR3/DDR3_Interface.v(line number: 4)] Analyzing module DDR3_Interface (library work)
Parsing done.
Executing : .rtl_analyze -work work -include_path {D:/ziguang/end1/ov5640/DDR_HDMI_Loop_Demo} D:/ziguang/end1/ov5640/DDR_HDMI_Loop_Demo/source/DDR3/DDR3_Interface.v successfully.
Executing : .rtl_analyze -work work -include_path {D:/ziguang/end1/ov5640/DDR_HDMI_Loop_Demo} D:/ziguang/end1/ov5640/DDR_HDMI_Loop_Demo/source/Frame_RD_Interface.v
I: Verilog-0001: Analyzing file D:/ziguang/end1/ov5640/DDR_HDMI_Loop_Demo/source/Frame_RD_Interface.v
I: Verilog-0002: [D:/ziguang/end1/ov5640/DDR_HDMI_Loop_Demo/source/Frame_RD_Interface.v(line number: 4)] Analyzing module Frame_RD_Interface (library work)
Parsing done.
Executing : .rtl_analyze -work work -include_path {D:/ziguang/end1/ov5640/DDR_HDMI_Loop_Demo} D:/ziguang/end1/ov5640/DDR_HDMI_Loop_Demo/source/Frame_RD_Interface.v successfully.
Executing : .rtl_analyze -work work -include_path {D:/ziguang/end1/ov5640/DDR_HDMI_Loop_Demo} D:/ziguang/end1/ov5640/DDR_HDMI_Loop_Demo/source/iic_dri.v
I: Verilog-0001: Analyzing file D:/ziguang/end1/ov5640/DDR_HDMI_Loop_Demo/source/iic_dri.v
I: Verilog-0002: [D:/ziguang/end1/ov5640/DDR_HDMI_Loop_Demo/source/iic_dri.v(line number: 28)] Analyzing module iic_dri (library work)
Parsing done.
Executing : .rtl_analyze -work work -include_path {D:/ziguang/end1/ov5640/DDR_HDMI_Loop_Demo} D:/ziguang/end1/ov5640/DDR_HDMI_Loop_Demo/source/iic_dri.v successfully.
Executing : .rtl_analyze -work work -include_path {D:/ziguang/end1/ov5640/DDR_HDMI_Loop_Demo} D:/ziguang/end1/ov5640/DDR_HDMI_Loop_Demo/source/ms72xx_ctl.v
I: Verilog-0001: Analyzing file D:/ziguang/end1/ov5640/DDR_HDMI_Loop_Demo/source/ms72xx_ctl.v
I: Verilog-0002: [D:/ziguang/end1/ov5640/DDR_HDMI_Loop_Demo/source/ms72xx_ctl.v(line number: 23)] Analyzing module ms72xx_ctl (library work)
Parsing done.
Executing : .rtl_analyze -work work -include_path {D:/ziguang/end1/ov5640/DDR_HDMI_Loop_Demo} D:/ziguang/end1/ov5640/DDR_HDMI_Loop_Demo/source/ms72xx_ctl.v successfully.
Executing : .rtl_analyze -work work -include_path {D:/ziguang/end1/ov5640/DDR_HDMI_Loop_Demo} D:/ziguang/end1/ov5640/DDR_HDMI_Loop_Demo/source/ms7200_ctl.v
I: Verilog-0001: Analyzing file D:/ziguang/end1/ov5640/DDR_HDMI_Loop_Demo/source/ms7200_ctl.v
I: Verilog-0002: [D:/ziguang/end1/ov5640/DDR_HDMI_Loop_Demo/source/ms7200_ctl.v(line number: 22)] Analyzing module ms7200_ctl (library work)
Parsing done.
Executing : .rtl_analyze -work work -include_path {D:/ziguang/end1/ov5640/DDR_HDMI_Loop_Demo} D:/ziguang/end1/ov5640/DDR_HDMI_Loop_Demo/source/ms7200_ctl.v successfully.
Executing : .rtl_analyze -work work -include_path {D:/ziguang/end1/ov5640/DDR_HDMI_Loop_Demo} D:/ziguang/end1/ov5640/DDR_HDMI_Loop_Demo/source/ms7210_ctl.v
I: Verilog-0001: Analyzing file D:/ziguang/end1/ov5640/DDR_HDMI_Loop_Demo/source/ms7210_ctl.v
I: Verilog-0002: [D:/ziguang/end1/ov5640/DDR_HDMI_Loop_Demo/source/ms7210_ctl.v(line number: 22)] Analyzing module ms7210_ctl (library work)
Parsing done.
Executing : .rtl_analyze -work work -include_path {D:/ziguang/end1/ov5640/DDR_HDMI_Loop_Demo} D:/ziguang/end1/ov5640/DDR_HDMI_Loop_Demo/source/ms7210_ctl.v successfully.
Executing : .rtl_analyze -work work -include_path {D:/ziguang/end1/ov5640/DDR_HDMI_Loop_Demo} D:/ziguang/end1/ov5640/DDR_HDMI_Loop_Demo/source/rtl/cmos_8_16bit.v
I: Verilog-0001: Analyzing file D:/ziguang/end1/ov5640/DDR_HDMI_Loop_Demo/source/rtl/cmos_8_16bit.v
I: Verilog-0002: [D:/ziguang/end1/ov5640/DDR_HDMI_Loop_Demo/source/rtl/cmos_8_16bit.v(line number: 24)] Analyzing module cmos_8_16bit (library work)
Parsing done.
Executing : .rtl_analyze -work work -include_path {D:/ziguang/end1/ov5640/DDR_HDMI_Loop_Demo} D:/ziguang/end1/ov5640/DDR_HDMI_Loop_Demo/source/rtl/cmos_8_16bit.v successfully.
Executing : .rtl_analyze -work work -include_path {D:/ziguang/end1/ov5640/DDR_HDMI_Loop_Demo} D:/ziguang/end1/ov5640/DDR_HDMI_Loop_Demo/source/rtl/power_on_delay.v
I: Verilog-0001: Analyzing file D:/ziguang/end1/ov5640/DDR_HDMI_Loop_Demo/source/rtl/power_on_delay.v
I: Verilog-0002: [D:/ziguang/end1/ov5640/DDR_HDMI_Loop_Demo/source/rtl/power_on_delay.v(line number: 22)] Analyzing module power_on_delay (library work)
Parsing done.
Executing : .rtl_analyze -work work -include_path {D:/ziguang/end1/ov5640/DDR_HDMI_Loop_Demo} D:/ziguang/end1/ov5640/DDR_HDMI_Loop_Demo/source/rtl/power_on_delay.v successfully.
Executing : .rtl_analyze -work work -include_path {D:/ziguang/end1/ov5640/DDR_HDMI_Loop_Demo} D:/ziguang/end1/ov5640/DDR_HDMI_Loop_Demo/source/rtl/i2c_com.v
I: Verilog-0001: Analyzing file D:/ziguang/end1/ov5640/DDR_HDMI_Loop_Demo/source/rtl/i2c_com.v
I: Verilog-0002: [D:/ziguang/end1/ov5640/DDR_HDMI_Loop_Demo/source/rtl/i2c_com.v(line number: 21)] Analyzing module i2c_com (library work)
Parsing done.
Executing : .rtl_analyze -work work -include_path {D:/ziguang/end1/ov5640/DDR_HDMI_Loop_Demo} D:/ziguang/end1/ov5640/DDR_HDMI_Loop_Demo/source/rtl/i2c_com.v successfully.
Executing : .rtl_analyze -work work -include_path {D:/ziguang/end1/ov5640/DDR_HDMI_Loop_Demo} D:/ziguang/end1/ov5640/DDR_HDMI_Loop_Demo/source/reg_config.v
I: Verilog-0001: Analyzing file D:/ziguang/end1/ov5640/DDR_HDMI_Loop_Demo/source/reg_config.v
I: Verilog-0002: [D:/ziguang/end1/ov5640/DDR_HDMI_Loop_Demo/source/reg_config.v(line number: 22)] Analyzing module reg_config (library work)
Parsing done.
Executing : .rtl_analyze -work work -include_path {D:/ziguang/end1/ov5640/DDR_HDMI_Loop_Demo} D:/ziguang/end1/ov5640/DDR_HDMI_Loop_Demo/source/reg_config.v successfully.
Executing : .rtl_analyze -work work -include_path {D:/ziguang/end1/ov5640/DDR_HDMI_Loop_Demo} D:/ziguang/end1/ov5640/DDR_HDMI_Loop_Demo/source/source/Frame_WR_Interface1.v
I: Verilog-0001: Analyzing file D:/ziguang/end1/ov5640/DDR_HDMI_Loop_Demo/source/source/Frame_WR_Interface1.v
I: Verilog-0002: [D:/ziguang/end1/ov5640/DDR_HDMI_Loop_Demo/source/source/Frame_WR_Interface1.v(line number: 4)] Analyzing module Frame_WR_Interface1 (library work)
Parsing done.
Executing : .rtl_analyze -work work -include_path {D:/ziguang/end1/ov5640/DDR_HDMI_Loop_Demo} D:/ziguang/end1/ov5640/DDR_HDMI_Loop_Demo/source/source/Frame_WR_Interface1.v successfully.
Executing : .rtl_analyze -work work -include_path {D:/ziguang/end1/ov5640/DDR_HDMI_Loop_Demo} D:/ziguang/end1/ov5640/DDR_HDMI_Loop_Demo/source/source/Frame_WR_Interface2.v
I: Verilog-0001: Analyzing file D:/ziguang/end1/ov5640/DDR_HDMI_Loop_Demo/source/source/Frame_WR_Interface2.v
I: Verilog-0002: [D:/ziguang/end1/ov5640/DDR_HDMI_Loop_Demo/source/source/Frame_WR_Interface2.v(line number: 4)] Analyzing module Frame_WR_Interface2 (library work)
Parsing done.
Executing : .rtl_analyze -work work -include_path {D:/ziguang/end1/ov5640/DDR_HDMI_Loop_Demo} D:/ziguang/end1/ov5640/DDR_HDMI_Loop_Demo/source/source/Frame_WR_Interface2.v successfully.
Executing : .rtl_analyze -work work -include_path {D:/ziguang/end1/ov5640/DDR_HDMI_Loop_Demo} D:/ziguang/end1/ov5640/DDR_HDMI_Loop_Demo/source/source/key_ctl.v
I: Verilog-0001: Analyzing file D:/ziguang/end1/ov5640/DDR_HDMI_Loop_Demo/source/source/key_ctl.v
I: Verilog-0002: [D:/ziguang/end1/ov5640/DDR_HDMI_Loop_Demo/source/source/key_ctl.v(line number: 1)] Analyzing module key_ctl (library work)
Parsing done.
Executing : .rtl_analyze -work work -include_path {D:/ziguang/end1/ov5640/DDR_HDMI_Loop_Demo} D:/ziguang/end1/ov5640/DDR_HDMI_Loop_Demo/source/source/key_ctl.v successfully.
Executing : .rtl_analyze -work work -include_path {D:/ziguang/end1/ov5640/DDR_HDMI_Loop_Demo} D:/ziguang/end1/ov5640/DDR_HDMI_Loop_Demo/source/src/btn_deb_fix.v
I: Verilog-0001: Analyzing file D:/ziguang/end1/ov5640/DDR_HDMI_Loop_Demo/source/src/btn_deb_fix.v
I: Verilog-0002: [D:/ziguang/end1/ov5640/DDR_HDMI_Loop_Demo/source/src/btn_deb_fix.v(line number: 23)] Analyzing module btn_deb_fix (library work)
Parsing done.
Executing : .rtl_analyze -work work -include_path {D:/ziguang/end1/ov5640/DDR_HDMI_Loop_Demo} D:/ziguang/end1/ov5640/DDR_HDMI_Loop_Demo/source/src/btn_deb_fix.v successfully.
Executing : .rtl_analyze -work work -include_path {D:/ziguang/end1/ov5640/DDR_HDMI_Loop_Demo} D:/ziguang/end1/ov5640/DDR_HDMI_Loop_Demo/source/source/Image_Preprocess_Interface.v
I: Verilog-0001: Analyzing file D:/ziguang/end1/ov5640/DDR_HDMI_Loop_Demo/source/source/Image_Preprocess_Interface.v
I: Verilog-0002: [D:/ziguang/end1/ov5640/DDR_HDMI_Loop_Demo/source/source/Image_Preprocess_Interface.v(line number: 4)] Analyzing module Image_Preprocess_Interface (library work)
Parsing done.
Executing : .rtl_analyze -work work -include_path {D:/ziguang/end1/ov5640/DDR_HDMI_Loop_Demo} D:/ziguang/end1/ov5640/DDR_HDMI_Loop_Demo/source/source/Image_Preprocess_Interface.v successfully.
Executing : .rtl_analyze -work work -include_path {D:/ziguang/end1/ov5640/DDR_HDMI_Loop_Demo} D:/ziguang/end1/ov5640/DDR_HDMI_Loop_Demo/source/source/Video_Analyze_Interface.v
I: Verilog-0001: Analyzing file D:/ziguang/end1/ov5640/DDR_HDMI_Loop_Demo/source/source/Video_Analyze_Interface.v
I: Verilog-0002: [D:/ziguang/end1/ov5640/DDR_HDMI_Loop_Demo/source/source/Video_Analyze_Interface.v(line number: 17)] Analyzing module Video_Analyze_Interface (library work)
Parsing done.
Executing : .rtl_analyze -work work -include_path {D:/ziguang/end1/ov5640/DDR_HDMI_Loop_Demo} D:/ziguang/end1/ov5640/DDR_HDMI_Loop_Demo/source/source/Video_Analyze_Interface.v successfully.
Executing : .rtl_analyze -include_path {D:/ziguang/end1/ov5640/DDR_HDMI_Loop_Demo} D:/ziguang/end1/ov5640/DDR_HDMI_Loop_Demo/ipcore/FIFO_16x4096x128/rtl/ipml_fifo_ctrl_v1_3.v
I: Verilog-0001: Analyzing file D:/ziguang/end1/ov5640/DDR_HDMI_Loop_Demo/ipcore/FIFO_16x4096x128/rtl/ipml_fifo_ctrl_v1_3.v
I: Verilog-0002: [D:/ziguang/end1/ov5640/DDR_HDMI_Loop_Demo/ipcore/FIFO_16x4096x128/rtl/ipml_fifo_ctrl_v1_3.v(line number: 21)] Analyzing module ipml_fifo_ctrl_v1_3 (library work)
Parsing done.
Executing : .rtl_analyze -include_path {D:/ziguang/end1/ov5640/DDR_HDMI_Loop_Demo} D:/ziguang/end1/ov5640/DDR_HDMI_Loop_Demo/ipcore/FIFO_16x4096x128/rtl/ipml_fifo_ctrl_v1_3.v successfully.
Executing : .rtl_analyze -include_path {D:/ziguang/end1/ov5640/DDR_HDMI_Loop_Demo} D:/ziguang/end1/ov5640/DDR_HDMI_Loop_Demo/ipcore/FIFO_16x4096x128/rtl/ipml_sdpram_v1_6_FIFO_16x4096x128.v
I: Verilog-0001: Analyzing file D:/ziguang/end1/ov5640/DDR_HDMI_Loop_Demo/ipcore/FIFO_16x4096x128/rtl/ipml_sdpram_v1_6_FIFO_16x4096x128.v
I: Verilog-0002: [D:/ziguang/end1/ov5640/DDR_HDMI_Loop_Demo/ipcore/FIFO_16x4096x128/rtl/ipml_sdpram_v1_6_FIFO_16x4096x128.v(line number: 18)] Analyzing module ipml_sdpram_v1_6_FIFO_16x4096x128 (library work)
W: Verilog-2008: [D:/ziguang/end1/ov5640/DDR_HDMI_Loop_Demo/ipcore/FIFO_16x4096x128/rtl/ipml_sdpram_v1_6_FIFO_16x4096x128.v(line number: 306)] Ignore 'system task' $display
W: Verilog-2008: [D:/ziguang/end1/ov5640/DDR_HDMI_Loop_Demo/ipcore/FIFO_16x4096x128/rtl/ipml_sdpram_v1_6_FIFO_16x4096x128.v(line number: 307)] Ignore 'system task' $finish
W: Verilog-2008: [D:/ziguang/end1/ov5640/DDR_HDMI_Loop_Demo/ipcore/FIFO_16x4096x128/rtl/ipml_sdpram_v1_6_FIFO_16x4096x128.v(line number: 310)] Ignore 'system task' $display
W: Verilog-2008: [D:/ziguang/end1/ov5640/DDR_HDMI_Loop_Demo/ipcore/FIFO_16x4096x128/rtl/ipml_sdpram_v1_6_FIFO_16x4096x128.v(line number: 314)] Ignore 'system task' $display
W: Verilog-2008: [D:/ziguang/end1/ov5640/DDR_HDMI_Loop_Demo/ipcore/FIFO_16x4096x128/rtl/ipml_sdpram_v1_6_FIFO_16x4096x128.v(line number: 318)] Ignore 'system task' $display
W: Verilog-2008: [D:/ziguang/end1/ov5640/DDR_HDMI_Loop_Demo/ipcore/FIFO_16x4096x128/rtl/ipml_sdpram_v1_6_FIFO_16x4096x128.v(line number: 322)] Ignore 'system task' $display
W: Verilog-2008: [D:/ziguang/end1/ov5640/DDR_HDMI_Loop_Demo/ipcore/FIFO_16x4096x128/rtl/ipml_sdpram_v1_6_FIFO_16x4096x128.v(line number: 326)] Ignore 'system task' $display
W: Verilog-2008: [D:/ziguang/end1/ov5640/DDR_HDMI_Loop_Demo/ipcore/FIFO_16x4096x128/rtl/ipml_sdpram_v1_6_FIFO_16x4096x128.v(line number: 327)] Ignore 'system task' $finish
W: Verilog-2008: [D:/ziguang/end1/ov5640/DDR_HDMI_Loop_Demo/ipcore/FIFO_16x4096x128/rtl/ipml_sdpram_v1_6_FIFO_16x4096x128.v(line number: 330)] Ignore 'system task' $display
W: Verilog-2008: [D:/ziguang/end1/ov5640/DDR_HDMI_Loop_Demo/ipcore/FIFO_16x4096x128/rtl/ipml_sdpram_v1_6_FIFO_16x4096x128.v(line number: 331)] Ignore 'system task' $finish
W: Verilog-2008: [D:/ziguang/end1/ov5640/DDR_HDMI_Loop_Demo/ipcore/FIFO_16x4096x128/rtl/ipml_sdpram_v1_6_FIFO_16x4096x128.v(line number: 334)] Ignore 'system task' $display
W: Verilog-2008: [D:/ziguang/end1/ov5640/DDR_HDMI_Loop_Demo/ipcore/FIFO_16x4096x128/rtl/ipml_sdpram_v1_6_FIFO_16x4096x128.v(line number: 335)] Ignore 'system task' $finish
W: Verilog-2008: [D:/ziguang/end1/ov5640/DDR_HDMI_Loop_Demo/ipcore/FIFO_16x4096x128/rtl/ipml_sdpram_v1_6_FIFO_16x4096x128.v(line number: 338)] Ignore 'system task' $display
W: Verilog-2008: [D:/ziguang/end1/ov5640/DDR_HDMI_Loop_Demo/ipcore/FIFO_16x4096x128/rtl/ipml_sdpram_v1_6_FIFO_16x4096x128.v(line number: 339)] Ignore 'system task' $finish
W: Verilog-2008: [D:/ziguang/end1/ov5640/DDR_HDMI_Loop_Demo/ipcore/FIFO_16x4096x128/rtl/ipml_sdpram_v1_6_FIFO_16x4096x128.v(line number: 342)] Ignore 'system task' $display
W: Verilog-2008: [D:/ziguang/end1/ov5640/DDR_HDMI_Loop_Demo/ipcore/FIFO_16x4096x128/rtl/ipml_sdpram_v1_6_FIFO_16x4096x128.v(line number: 343)] Ignore 'system task' $finish
W: Verilog-2008: [D:/ziguang/end1/ov5640/DDR_HDMI_Loop_Demo/ipcore/FIFO_16x4096x128/rtl/ipml_sdpram_v1_6_FIFO_16x4096x128.v(line number: 346)] Ignore 'system task' $display
W: Verilog-2008: [D:/ziguang/end1/ov5640/DDR_HDMI_Loop_Demo/ipcore/FIFO_16x4096x128/rtl/ipml_sdpram_v1_6_FIFO_16x4096x128.v(line number: 347)] Ignore 'system task' $finish
W: Verilog-2008: [D:/ziguang/end1/ov5640/DDR_HDMI_Loop_Demo/ipcore/FIFO_16x4096x128/rtl/ipml_sdpram_v1_6_FIFO_16x4096x128.v(line number: 350)] Ignore 'system task' $display
W: Verilog-2008: [D:/ziguang/end1/ov5640/DDR_HDMI_Loop_Demo/ipcore/FIFO_16x4096x128/rtl/ipml_sdpram_v1_6_FIFO_16x4096x128.v(line number: 351)] Ignore 'system task' $finish
W: Verilog-2008: [D:/ziguang/end1/ov5640/DDR_HDMI_Loop_Demo/ipcore/FIFO_16x4096x128/rtl/ipml_sdpram_v1_6_FIFO_16x4096x128.v(line number: 354)] Ignore 'system task' $display
W: Verilog-2008: [D:/ziguang/end1/ov5640/DDR_HDMI_Loop_Demo/ipcore/FIFO_16x4096x128/rtl/ipml_sdpram_v1_6_FIFO_16x4096x128.v(line number: 355)] Ignore 'system task' $finish
W: Verilog-2008: [D:/ziguang/end1/ov5640/DDR_HDMI_Loop_Demo/ipcore/FIFO_16x4096x128/rtl/ipml_sdpram_v1_6_FIFO_16x4096x128.v(line number: 358)] Ignore 'system task' $display
W: Verilog-2008: [D:/ziguang/end1/ov5640/DDR_HDMI_Loop_Demo/ipcore/FIFO_16x4096x128/rtl/ipml_sdpram_v1_6_FIFO_16x4096x128.v(line number: 359)] Ignore 'system task' $finish
W: Verilog-2008: [D:/ziguang/end1/ov5640/DDR_HDMI_Loop_Demo/ipcore/FIFO_16x4096x128/rtl/ipml_sdpram_v1_6_FIFO_16x4096x128.v(line number: 362)] Ignore 'system task' $display
W: Verilog-2008: [D:/ziguang/end1/ov5640/DDR_HDMI_Loop_Demo/ipcore/FIFO_16x4096x128/rtl/ipml_sdpram_v1_6_FIFO_16x4096x128.v(line number: 363)] Ignore 'system task' $finish
W: Verilog-2008: [D:/ziguang/end1/ov5640/DDR_HDMI_Loop_Demo/ipcore/FIFO_16x4096x128/rtl/ipml_sdpram_v1_6_FIFO_16x4096x128.v(line number: 366)] Ignore 'system task' $display
W: Verilog-2008: [D:/ziguang/end1/ov5640/DDR_HDMI_Loop_Demo/ipcore/FIFO_16x4096x128/rtl/ipml_sdpram_v1_6_FIFO_16x4096x128.v(line number: 367)] Ignore 'system task' $finish
W: Verilog-2008: [D:/ziguang/end1/ov5640/DDR_HDMI_Loop_Demo/ipcore/FIFO_16x4096x128/rtl/ipml_sdpram_v1_6_FIFO_16x4096x128.v(line number: 371)] Ignore 'system task' $display
W: Verilog-2008: [D:/ziguang/end1/ov5640/DDR_HDMI_Loop_Demo/ipcore/FIFO_16x4096x128/rtl/ipml_sdpram_v1_6_FIFO_16x4096x128.v(line number: 372)] Ignore 'system task' $finish
W: Verilog-2008: [D:/ziguang/end1/ov5640/DDR_HDMI_Loop_Demo/ipcore/FIFO_16x4096x128/rtl/ipml_sdpram_v1_6_FIFO_16x4096x128.v(line number: 375)] Ignore 'system task' $display
W: Verilog-2008: [D:/ziguang/end1/ov5640/DDR_HDMI_Loop_Demo/ipcore/FIFO_16x4096x128/rtl/ipml_sdpram_v1_6_FIFO_16x4096x128.v(line number: 376)] Ignore 'system task' $finish
W: Verilog-2008: [D:/ziguang/end1/ov5640/DDR_HDMI_Loop_Demo/ipcore/FIFO_16x4096x128/rtl/ipml_sdpram_v1_6_FIFO_16x4096x128.v(line number: 380)] Ignore 'system task' $display
W: Verilog-2008: [D:/ziguang/end1/ov5640/DDR_HDMI_Loop_Demo/ipcore/FIFO_16x4096x128/rtl/ipml_sdpram_v1_6_FIFO_16x4096x128.v(line number: 381)] Ignore 'system task' $finish
W: Verilog-2008: [D:/ziguang/end1/ov5640/DDR_HDMI_Loop_Demo/ipcore/FIFO_16x4096x128/rtl/ipml_sdpram_v1_6_FIFO_16x4096x128.v(line number: 384)] Ignore 'system task' $display
W: Verilog-2008: [D:/ziguang/end1/ov5640/DDR_HDMI_Loop_Demo/ipcore/FIFO_16x4096x128/rtl/ipml_sdpram_v1_6_FIFO_16x4096x128.v(line number: 385)] Ignore 'system task' $finish
W: Verilog-2008: [D:/ziguang/end1/ov5640/DDR_HDMI_Loop_Demo/ipcore/FIFO_16x4096x128/rtl/ipml_sdpram_v1_6_FIFO_16x4096x128.v(line number: 388)] Ignore 'system task' $display
W: Verilog-2008: [D:/ziguang/end1/ov5640/DDR_HDMI_Loop_Demo/ipcore/FIFO_16x4096x128/rtl/ipml_sdpram_v1_6_FIFO_16x4096x128.v(line number: 389)] Ignore 'system task' $finish
W: Verilog-2008: [D:/ziguang/end1/ov5640/DDR_HDMI_Loop_Demo/ipcore/FIFO_16x4096x128/rtl/ipml_sdpram_v1_6_FIFO_16x4096x128.v(line number: 392)] Ignore 'system task' $display
W: Verilog-2008: [D:/ziguang/end1/ov5640/DDR_HDMI_Loop_Demo/ipcore/FIFO_16x4096x128/rtl/ipml_sdpram_v1_6_FIFO_16x4096x128.v(line number: 393)] Ignore 'system task' $finish
W: Verilog-2008: [D:/ziguang/end1/ov5640/DDR_HDMI_Loop_Demo/ipcore/FIFO_16x4096x128/rtl/ipml_sdpram_v1_6_FIFO_16x4096x128.v(line number: 396)] Ignore 'system task' $display
W: Verilog-2008: [D:/ziguang/end1/ov5640/DDR_HDMI_Loop_Demo/ipcore/FIFO_16x4096x128/rtl/ipml_sdpram_v1_6_FIFO_16x4096x128.v(line number: 397)] Ignore 'system task' $finish
W: Verilog-2008: [D:/ziguang/end1/ov5640/DDR_HDMI_Loop_Demo/ipcore/FIFO_16x4096x128/rtl/ipml_sdpram_v1_6_FIFO_16x4096x128.v(line number: 402)] Ignore 'system task' $display
W: Verilog-2008: [D:/ziguang/end1/ov5640/DDR_HDMI_Loop_Demo/ipcore/FIFO_16x4096x128/rtl/ipml_sdpram_v1_6_FIFO_16x4096x128.v(line number: 403)] Ignore 'system task' $finish
W: Verilog-2008: [D:/ziguang/end1/ov5640/DDR_HDMI_Loop_Demo/ipcore/FIFO_16x4096x128/rtl/ipml_sdpram_v1_6_FIFO_16x4096x128.v(line number: 406)] Ignore 'system task' $display
W: Verilog-2008: [D:/ziguang/end1/ov5640/DDR_HDMI_Loop_Demo/ipcore/FIFO_16x4096x128/rtl/ipml_sdpram_v1_6_FIFO_16x4096x128.v(line number: 407)] Ignore 'system task' $finish
W: Verilog-2008: [D:/ziguang/end1/ov5640/DDR_HDMI_Loop_Demo/ipcore/FIFO_16x4096x128/rtl/ipml_sdpram_v1_6_FIFO_16x4096x128.v(line number: 412)] Ignore 'system task' $display
W: Verilog-2008: [D:/ziguang/end1/ov5640/DDR_HDMI_Loop_Demo/ipcore/FIFO_16x4096x128/rtl/ipml_sdpram_v1_6_FIFO_16x4096x128.v(line number: 413)] Ignore 'system task' $finish
Parsing done.
Executing : .rtl_analyze -include_path {D:/ziguang/end1/ov5640/DDR_HDMI_Loop_Demo} D:/ziguang/end1/ov5640/DDR_HDMI_Loop_Demo/ipcore/FIFO_16x4096x128/rtl/ipml_sdpram_v1_6_FIFO_16x4096x128.v successfully.
Executing : .rtl_analyze -include_path {D:/ziguang/end1/ov5640/DDR_HDMI_Loop_Demo} D:/ziguang/end1/ov5640/DDR_HDMI_Loop_Demo/ipcore/FIFO_16x4096x128/rtl/ipml_fifo_v1_6_FIFO_16x4096x128.v
I: Verilog-0001: Analyzing file D:/ziguang/end1/ov5640/DDR_HDMI_Loop_Demo/ipcore/FIFO_16x4096x128/rtl/ipml_fifo_v1_6_FIFO_16x4096x128.v
I: Verilog-0002: [D:/ziguang/end1/ov5640/DDR_HDMI_Loop_Demo/ipcore/FIFO_16x4096x128/rtl/ipml_fifo_v1_6_FIFO_16x4096x128.v(line number: 23)] Analyzing module ipml_fifo_v1_6_FIFO_16x4096x128 (library work)
Parsing done.
Executing : .rtl_analyze -include_path {D:/ziguang/end1/ov5640/DDR_HDMI_Loop_Demo} D:/ziguang/end1/ov5640/DDR_HDMI_Loop_Demo/ipcore/FIFO_16x4096x128/rtl/ipml_fifo_v1_6_FIFO_16x4096x128.v successfully.
Executing : .rtl_analyze -include_path {D:/ziguang/end1/ov5640/DDR_HDMI_Loop_Demo} D:/ziguang/end1/ov5640/DDR_HDMI_Loop_Demo/ipcore/FIFO_16x4096x128/FIFO_16x4096x128.v
I: Verilog-0001: Analyzing file D:/ziguang/end1/ov5640/DDR_HDMI_Loop_Demo/ipcore/FIFO_16x4096x128/FIFO_16x4096x128.v
I: Verilog-0002: [D:/ziguang/end1/ov5640/DDR_HDMI_Loop_Demo/ipcore/FIFO_16x4096x128/FIFO_16x4096x128.v(line number: 16)] Analyzing module FIFO_16x4096x128 (library work)
Parsing done.
Executing : .rtl_analyze -include_path {D:/ziguang/end1/ov5640/DDR_HDMI_Loop_Demo} D:/ziguang/end1/ov5640/DDR_HDMI_Loop_Demo/ipcore/FIFO_16x4096x128/FIFO_16x4096x128.v successfully.
Executing : .rtl_analyze -include_path {D:/ziguang/end1/ov5640/DDR_HDMI_Loop_Demo} D:/ziguang/end1/ov5640/DDR_HDMI_Loop_Demo/ipcore/pll/pll.v
I: Verilog-0001: Analyzing file D:/ziguang/end1/ov5640/DDR_HDMI_Loop_Demo/ipcore/pll/pll.v
I: Verilog-0002: [D:/ziguang/end1/ov5640/DDR_HDMI_Loop_Demo/ipcore/pll/pll.v(line number: 18)] Analyzing module pll (library work)
Parsing done.
Executing : .rtl_analyze -include_path {D:/ziguang/end1/ov5640/DDR_HDMI_Loop_Demo} D:/ziguang/end1/ov5640/DDR_HDMI_Loop_Demo/ipcore/pll/pll.v successfully.
Executing : .rtl_analyze -include_path {D:/ziguang/end1/ov5640/DDR_HDMI_Loop_Demo} D:/ziguang/end1/ov5640/DDR_HDMI_Loop_Demo/ipcore/FIFO_128x512x16/rtl/ipml_sdpram_v1_6_FIFO_128x512x16.v
I: Verilog-0001: Analyzing file D:/ziguang/end1/ov5640/DDR_HDMI_Loop_Demo/ipcore/FIFO_128x512x16/rtl/ipml_sdpram_v1_6_FIFO_128x512x16.v
I: Verilog-0002: [D:/ziguang/end1/ov5640/DDR_HDMI_Loop_Demo/ipcore/FIFO_128x512x16/rtl/ipml_sdpram_v1_6_FIFO_128x512x16.v(line number: 18)] Analyzing module ipml_sdpram_v1_6_FIFO_128x512x16 (library work)
W: Verilog-2008: [D:/ziguang/end1/ov5640/DDR_HDMI_Loop_Demo/ipcore/FIFO_128x512x16/rtl/ipml_sdpram_v1_6_FIFO_128x512x16.v(line number: 306)] Ignore 'system task' $display
W: Verilog-2008: [D:/ziguang/end1/ov5640/DDR_HDMI_Loop_Demo/ipcore/FIFO_128x512x16/rtl/ipml_sdpram_v1_6_FIFO_128x512x16.v(line number: 307)] Ignore 'system task' $finish
W: Verilog-2008: [D:/ziguang/end1/ov5640/DDR_HDMI_Loop_Demo/ipcore/FIFO_128x512x16/rtl/ipml_sdpram_v1_6_FIFO_128x512x16.v(line number: 310)] Ignore 'system task' $display
W: Verilog-2008: [D:/ziguang/end1/ov5640/DDR_HDMI_Loop_Demo/ipcore/FIFO_128x512x16/rtl/ipml_sdpram_v1_6_FIFO_128x512x16.v(line number: 314)] Ignore 'system task' $display
W: Verilog-2008: [D:/ziguang/end1/ov5640/DDR_HDMI_Loop_Demo/ipcore/FIFO_128x512x16/rtl/ipml_sdpram_v1_6_FIFO_128x512x16.v(line number: 318)] Ignore 'system task' $display
W: Verilog-2008: [D:/ziguang/end1/ov5640/DDR_HDMI_Loop_Demo/ipcore/FIFO_128x512x16/rtl/ipml_sdpram_v1_6_FIFO_128x512x16.v(line number: 322)] Ignore 'system task' $display
W: Verilog-2008: [D:/ziguang/end1/ov5640/DDR_HDMI_Loop_Demo/ipcore/FIFO_128x512x16/rtl/ipml_sdpram_v1_6_FIFO_128x512x16.v(line number: 326)] Ignore 'system task' $display
W: Verilog-2008: [D:/ziguang/end1/ov5640/DDR_HDMI_Loop_Demo/ipcore/FIFO_128x512x16/rtl/ipml_sdpram_v1_6_FIFO_128x512x16.v(line number: 327)] Ignore 'system task' $finish
W: Verilog-2008: [D:/ziguang/end1/ov5640/DDR_HDMI_Loop_Demo/ipcore/FIFO_128x512x16/rtl/ipml_sdpram_v1_6_FIFO_128x512x16.v(line number: 330)] Ignore 'system task' $display
W: Verilog-2008: [D:/ziguang/end1/ov5640/DDR_HDMI_Loop_Demo/ipcore/FIFO_128x512x16/rtl/ipml_sdpram_v1_6_FIFO_128x512x16.v(line number: 331)] Ignore 'system task' $finish
W: Verilog-2008: [D:/ziguang/end1/ov5640/DDR_HDMI_Loop_Demo/ipcore/FIFO_128x512x16/rtl/ipml_sdpram_v1_6_FIFO_128x512x16.v(line number: 334)] Ignore 'system task' $display
W: Verilog-2008: [D:/ziguang/end1/ov5640/DDR_HDMI_Loop_Demo/ipcore/FIFO_128x512x16/rtl/ipml_sdpram_v1_6_FIFO_128x512x16.v(line number: 335)] Ignore 'system task' $finish
W: Verilog-2008: [D:/ziguang/end1/ov5640/DDR_HDMI_Loop_Demo/ipcore/FIFO_128x512x16/rtl/ipml_sdpram_v1_6_FIFO_128x512x16.v(line number: 338)] Ignore 'system task' $display
W: Verilog-2008: [D:/ziguang/end1/ov5640/DDR_HDMI_Loop_Demo/ipcore/FIFO_128x512x16/rtl/ipml_sdpram_v1_6_FIFO_128x512x16.v(line number: 339)] Ignore 'system task' $finish
W: Verilog-2008: [D:/ziguang/end1/ov5640/DDR_HDMI_Loop_Demo/ipcore/FIFO_128x512x16/rtl/ipml_sdpram_v1_6_FIFO_128x512x16.v(line number: 342)] Ignore 'system task' $display
W: Verilog-2008: [D:/ziguang/end1/ov5640/DDR_HDMI_Loop_Demo/ipcore/FIFO_128x512x16/rtl/ipml_sdpram_v1_6_FIFO_128x512x16.v(line number: 343)] Ignore 'system task' $finish
W: Verilog-2008: [D:/ziguang/end1/ov5640/DDR_HDMI_Loop_Demo/ipcore/FIFO_128x512x16/rtl/ipml_sdpram_v1_6_FIFO_128x512x16.v(line number: 346)] Ignore 'system task' $display
W: Verilog-2008: [D:/ziguang/end1/ov5640/DDR_HDMI_Loop_Demo/ipcore/FIFO_128x512x16/rtl/ipml_sdpram_v1_6_FIFO_128x512x16.v(line number: 347)] Ignore 'system task' $finish
W: Verilog-2008: [D:/ziguang/end1/ov5640/DDR_HDMI_Loop_Demo/ipcore/FIFO_128x512x16/rtl/ipml_sdpram_v1_6_FIFO_128x512x16.v(line number: 350)] Ignore 'system task' $display
W: Verilog-2008: [D:/ziguang/end1/ov5640/DDR_HDMI_Loop_Demo/ipcore/FIFO_128x512x16/rtl/ipml_sdpram_v1_6_FIFO_128x512x16.v(line number: 351)] Ignore 'system task' $finish
W: Verilog-2008: [D:/ziguang/end1/ov5640/DDR_HDMI_Loop_Demo/ipcore/FIFO_128x512x16/rtl/ipml_sdpram_v1_6_FIFO_128x512x16.v(line number: 354)] Ignore 'system task' $display
W: Verilog-2008: [D:/ziguang/end1/ov5640/DDR_HDMI_Loop_Demo/ipcore/FIFO_128x512x16/rtl/ipml_sdpram_v1_6_FIFO_128x512x16.v(line number: 355)] Ignore 'system task' $finish
W: Verilog-2008: [D:/ziguang/end1/ov5640/DDR_HDMI_Loop_Demo/ipcore/FIFO_128x512x16/rtl/ipml_sdpram_v1_6_FIFO_128x512x16.v(line number: 358)] Ignore 'system task' $display
W: Verilog-2008: [D:/ziguang/end1/ov5640/DDR_HDMI_Loop_Demo/ipcore/FIFO_128x512x16/rtl/ipml_sdpram_v1_6_FIFO_128x512x16.v(line number: 359)] Ignore 'system task' $finish
W: Verilog-2008: [D:/ziguang/end1/ov5640/DDR_HDMI_Loop_Demo/ipcore/FIFO_128x512x16/rtl/ipml_sdpram_v1_6_FIFO_128x512x16.v(line number: 362)] Ignore 'system task' $display
W: Verilog-2008: [D:/ziguang/end1/ov5640/DDR_HDMI_Loop_Demo/ipcore/FIFO_128x512x16/rtl/ipml_sdpram_v1_6_FIFO_128x512x16.v(line number: 363)] Ignore 'system task' $finish
W: Verilog-2008: [D:/ziguang/end1/ov5640/DDR_HDMI_Loop_Demo/ipcore/FIFO_128x512x16/rtl/ipml_sdpram_v1_6_FIFO_128x512x16.v(line number: 366)] Ignore 'system task' $display
W: Verilog-2008: [D:/ziguang/end1/ov5640/DDR_HDMI_Loop_Demo/ipcore/FIFO_128x512x16/rtl/ipml_sdpram_v1_6_FIFO_128x512x16.v(line number: 367)] Ignore 'system task' $finish
W: Verilog-2008: [D:/ziguang/end1/ov5640/DDR_HDMI_Loop_Demo/ipcore/FIFO_128x512x16/rtl/ipml_sdpram_v1_6_FIFO_128x512x16.v(line number: 371)] Ignore 'system task' $display
W: Verilog-2008: [D:/ziguang/end1/ov5640/DDR_HDMI_Loop_Demo/ipcore/FIFO_128x512x16/rtl/ipml_sdpram_v1_6_FIFO_128x512x16.v(line number: 372)] Ignore 'system task' $finish
W: Verilog-2008: [D:/ziguang/end1/ov5640/DDR_HDMI_Loop_Demo/ipcore/FIFO_128x512x16/rtl/ipml_sdpram_v1_6_FIFO_128x512x16.v(line number: 375)] Ignore 'system task' $display
W: Verilog-2008: [D:/ziguang/end1/ov5640/DDR_HDMI_Loop_Demo/ipcore/FIFO_128x512x16/rtl/ipml_sdpram_v1_6_FIFO_128x512x16.v(line number: 376)] Ignore 'system task' $finish
W: Verilog-2008: [D:/ziguang/end1/ov5640/DDR_HDMI_Loop_Demo/ipcore/FIFO_128x512x16/rtl/ipml_sdpram_v1_6_FIFO_128x512x16.v(line number: 380)] Ignore 'system task' $display
W: Verilog-2008: [D:/ziguang/end1/ov5640/DDR_HDMI_Loop_Demo/ipcore/FIFO_128x512x16/rtl/ipml_sdpram_v1_6_FIFO_128x512x16.v(line number: 381)] Ignore 'system task' $finish
W: Verilog-2008: [D:/ziguang/end1/ov5640/DDR_HDMI_Loop_Demo/ipcore/FIFO_128x512x16/rtl/ipml_sdpram_v1_6_FIFO_128x512x16.v(line number: 384)] Ignore 'system task' $display
W: Verilog-2008: [D:/ziguang/end1/ov5640/DDR_HDMI_Loop_Demo/ipcore/FIFO_128x512x16/rtl/ipml_sdpram_v1_6_FIFO_128x512x16.v(line number: 385)] Ignore 'system task' $finish
W: Verilog-2008: [D:/ziguang/end1/ov5640/DDR_HDMI_Loop_Demo/ipcore/FIFO_128x512x16/rtl/ipml_sdpram_v1_6_FIFO_128x512x16.v(line number: 388)] Ignore 'system task' $display
W: Verilog-2008: [D:/ziguang/end1/ov5640/DDR_HDMI_Loop_Demo/ipcore/FIFO_128x512x16/rtl/ipml_sdpram_v1_6_FIFO_128x512x16.v(line number: 389)] Ignore 'system task' $finish
W: Verilog-2008: [D:/ziguang/end1/ov5640/DDR_HDMI_Loop_Demo/ipcore/FIFO_128x512x16/rtl/ipml_sdpram_v1_6_FIFO_128x512x16.v(line number: 392)] Ignore 'system task' $display
W: Verilog-2008: [D:/ziguang/end1/ov5640/DDR_HDMI_Loop_Demo/ipcore/FIFO_128x512x16/rtl/ipml_sdpram_v1_6_FIFO_128x512x16.v(line number: 393)] Ignore 'system task' $finish
W: Verilog-2008: [D:/ziguang/end1/ov5640/DDR_HDMI_Loop_Demo/ipcore/FIFO_128x512x16/rtl/ipml_sdpram_v1_6_FIFO_128x512x16.v(line number: 396)] Ignore 'system task' $display
W: Verilog-2008: [D:/ziguang/end1/ov5640/DDR_HDMI_Loop_Demo/ipcore/FIFO_128x512x16/rtl/ipml_sdpram_v1_6_FIFO_128x512x16.v(line number: 397)] Ignore 'system task' $finish
W: Verilog-2008: [D:/ziguang/end1/ov5640/DDR_HDMI_Loop_Demo/ipcore/FIFO_128x512x16/rtl/ipml_sdpram_v1_6_FIFO_128x512x16.v(line number: 402)] Ignore 'system task' $display
W: Verilog-2008: [D:/ziguang/end1/ov5640/DDR_HDMI_Loop_Demo/ipcore/FIFO_128x512x16/rtl/ipml_sdpram_v1_6_FIFO_128x512x16.v(line number: 403)] Ignore 'system task' $finish
W: Verilog-2008: [D:/ziguang/end1/ov5640/DDR_HDMI_Loop_Demo/ipcore/FIFO_128x512x16/rtl/ipml_sdpram_v1_6_FIFO_128x512x16.v(line number: 406)] Ignore 'system task' $display
W: Verilog-2008: [D:/ziguang/end1/ov5640/DDR_HDMI_Loop_Demo/ipcore/FIFO_128x512x16/rtl/ipml_sdpram_v1_6_FIFO_128x512x16.v(line number: 407)] Ignore 'system task' $finish
W: Verilog-2008: [D:/ziguang/end1/ov5640/DDR_HDMI_Loop_Demo/ipcore/FIFO_128x512x16/rtl/ipml_sdpram_v1_6_FIFO_128x512x16.v(line number: 412)] Ignore 'system task' $display
W: Verilog-2008: [D:/ziguang/end1/ov5640/DDR_HDMI_Loop_Demo/ipcore/FIFO_128x512x16/rtl/ipml_sdpram_v1_6_FIFO_128x512x16.v(line number: 413)] Ignore 'system task' $finish
Parsing done.
Executing : .rtl_analyze -include_path {D:/ziguang/end1/ov5640/DDR_HDMI_Loop_Demo} D:/ziguang/end1/ov5640/DDR_HDMI_Loop_Demo/ipcore/FIFO_128x512x16/rtl/ipml_sdpram_v1_6_FIFO_128x512x16.v successfully.
Executing : .rtl_analyze -include_path {D:/ziguang/end1/ov5640/DDR_HDMI_Loop_Demo} D:/ziguang/end1/ov5640/DDR_HDMI_Loop_Demo/ipcore/FIFO_128x512x16/rtl/ipml_fifo_v1_6_FIFO_128x512x16.v
I: Verilog-0001: Analyzing file D:/ziguang/end1/ov5640/DDR_HDMI_Loop_Demo/ipcore/FIFO_128x512x16/rtl/ipml_fifo_v1_6_FIFO_128x512x16.v
I: Verilog-0002: [D:/ziguang/end1/ov5640/DDR_HDMI_Loop_Demo/ipcore/FIFO_128x512x16/rtl/ipml_fifo_v1_6_FIFO_128x512x16.v(line number: 23)] Analyzing module ipml_fifo_v1_6_FIFO_128x512x16 (library work)
Parsing done.
Executing : .rtl_analyze -include_path {D:/ziguang/end1/ov5640/DDR_HDMI_Loop_Demo} D:/ziguang/end1/ov5640/DDR_HDMI_Loop_Demo/ipcore/FIFO_128x512x16/rtl/ipml_fifo_v1_6_FIFO_128x512x16.v successfully.
Executing : .rtl_analyze -include_path {D:/ziguang/end1/ov5640/DDR_HDMI_Loop_Demo} D:/ziguang/end1/ov5640/DDR_HDMI_Loop_Demo/ipcore/FIFO_128x512x16/FIFO_128x512x16.v
I: Verilog-0001: Analyzing file D:/ziguang/end1/ov5640/DDR_HDMI_Loop_Demo/ipcore/FIFO_128x512x16/FIFO_128x512x16.v
I: Verilog-0002: [D:/ziguang/end1/ov5640/DDR_HDMI_Loop_Demo/ipcore/FIFO_128x512x16/FIFO_128x512x16.v(line number: 16)] Analyzing module FIFO_128x512x16 (library work)
Parsing done.
Executing : .rtl_analyze -include_path {D:/ziguang/end1/ov5640/DDR_HDMI_Loop_Demo} D:/ziguang/end1/ov5640/DDR_HDMI_Loop_Demo/ipcore/FIFO_128x512x16/FIFO_128x512x16.v successfully.
Executing : .rtl_analyze -include_path {D:/ziguang/end1/ov5640/DDR_HDMI_Loop_Demo} D:/ziguang/end1/ov5640/DDR_HDMI_Loop_Demo/ipcore/DDR3_Inst/DDR3_Inst.v
I: Verilog-0001: Analyzing file D:/ziguang/end1/ov5640/DDR_HDMI_Loop_Demo/ipcore/DDR3_Inst/DDR3_Inst.v
I: Verilog-0002: [D:/ziguang/end1/ov5640/DDR_HDMI_Loop_Demo/ipcore/DDR3_Inst/DDR3_Inst.v(line number: 7)] Analyzing module DDR3_Inst (library work)
Parsing done.
Executing : .rtl_analyze -include_path {D:/ziguang/end1/ov5640/DDR_HDMI_Loop_Demo} D:/ziguang/end1/ov5640/DDR_HDMI_Loop_Demo/ipcore/DDR3_Inst/DDR3_Inst.v successfully.
Executing : .rtl_analyze -include_path {D:/ziguang/end1/ov5640/DDR_HDMI_Loop_Demo} D:/ziguang/end1/ov5640/DDR_HDMI_Loop_Demo/ipcore/DDR3_Inst/DDR3_Inst_ddrphy_top.v
I: Verilog-0001: Analyzing file D:/ziguang/end1/ov5640/DDR_HDMI_Loop_Demo/ipcore/DDR3_Inst/DDR3_Inst_ddrphy_top.v
I: Verilog-0002: [D:/ziguang/end1/ov5640/DDR_HDMI_Loop_Demo/ipcore/DDR3_Inst/DDR3_Inst_ddrphy_top.v(line number: 8)] Analyzing module DDR3_Inst_ddrphy_top (library work)
Parsing done.
Executing : .rtl_analyze -include_path {D:/ziguang/end1/ov5640/DDR_HDMI_Loop_Demo} D:/ziguang/end1/ov5640/DDR_HDMI_Loop_Demo/ipcore/DDR3_Inst/DDR3_Inst_ddrphy_top.v successfully.
Executing : .rtl_analyze -include_path {D:/ziguang/end1/ov5640/DDR_HDMI_Loop_Demo} D:/ziguang/end1/ov5640/DDR_HDMI_Loop_Demo/ipcore/DDR3_Inst/rtl/ipsxb_rst_sync_v1_1.v
I: Verilog-0001: Analyzing file D:/ziguang/end1/ov5640/DDR_HDMI_Loop_Demo/ipcore/DDR3_Inst/rtl/ipsxb_rst_sync_v1_1.v
I: Verilog-0002: [D:/ziguang/end1/ov5640/DDR_HDMI_Loop_Demo/ipcore/DDR3_Inst/rtl/ipsxb_rst_sync_v1_1.v(line number: 10)] Analyzing module ipsxb_rst_sync_v1_1 (library work)
Parsing done.
Executing : .rtl_analyze -include_path {D:/ziguang/end1/ov5640/DDR_HDMI_Loop_Demo} D:/ziguang/end1/ov5640/DDR_HDMI_Loop_Demo/ipcore/DDR3_Inst/rtl/ipsxb_rst_sync_v1_1.v successfully.
Executing : .rtl_analyze -include_path {D:/ziguang/end1/ov5640/DDR_HDMI_Loop_Demo} D:/ziguang/end1/ov5640/DDR_HDMI_Loop_Demo/ipcore/DDR3_Inst/rtl/ddrphy/ipsxb_ddrphy_calib_mux_v1_3.vp
I: Verilog-0001: Analyzing file D:/ziguang/end1/ov5640/DDR_HDMI_Loop_Demo/ipcore/DDR3_Inst/rtl/ddrphy/ipsxb_ddrphy_calib_mux_v1_3.vp
I: Verilog-0002: [D:/ziguang/end1/ov5640/DDR_HDMI_Loop_Demo/ipcore/DDR3_Inst/rtl/ddrphy/ipsxb_ddrphy_calib_mux_v1_3.vp(line number: 145)] Analyzing module ipsxb_ddrphy_calib_mux_v1_3 (library work)
Parsing done.
Executing : .rtl_analyze -include_path {D:/ziguang/end1/ov5640/DDR_HDMI_Loop_Demo} D:/ziguang/end1/ov5640/DDR_HDMI_Loop_Demo/ipcore/DDR3_Inst/rtl/ddrphy/ipsxb_ddrphy_calib_mux_v1_3.vp successfully.
Executing : .rtl_analyze -include_path {D:/ziguang/end1/ov5640/DDR_HDMI_Loop_Demo} D:/ziguang/end1/ov5640/DDR_HDMI_Loop_Demo/ipcore/DDR3_Inst/rtl/ddrphy/ipsxb_ddrphy_calib_top_v1_3.vp
I: Verilog-0001: Analyzing file D:/ziguang/end1/ov5640/DDR_HDMI_Loop_Demo/ipcore/DDR3_Inst/rtl/ddrphy/ipsxb_ddrphy_calib_top_v1_3.vp
I: Verilog-0002: [D:/ziguang/end1/ov5640/DDR_HDMI_Loop_Demo/ipcore/DDR3_Inst/rtl/ddrphy/ipsxb_ddrphy_calib_top_v1_3.vp(line number: 327)] Analyzing module ipsxb_ddrphy_calib_top_v1_3 (library work)
Parsing done.
Executing : .rtl_analyze -include_path {D:/ziguang/end1/ov5640/DDR_HDMI_Loop_Demo} D:/ziguang/end1/ov5640/DDR_HDMI_Loop_Demo/ipcore/DDR3_Inst/rtl/ddrphy/ipsxb_ddrphy_calib_top_v1_3.vp successfully.
Executing : .rtl_analyze -include_path {D:/ziguang/end1/ov5640/DDR_HDMI_Loop_Demo} D:/ziguang/end1/ov5640/DDR_HDMI_Loop_Demo/ipcore/DDR3_Inst/rtl/ddrphy/ipsxb_ddrphy_control_path_adj_v1_0.vp
I: Verilog-0001: Analyzing file D:/ziguang/end1/ov5640/DDR_HDMI_Loop_Demo/ipcore/DDR3_Inst/rtl/ddrphy/ipsxb_ddrphy_control_path_adj_v1_0.vp
I: Verilog-0002: [D:/ziguang/end1/ov5640/DDR_HDMI_Loop_Demo/ipcore/DDR3_Inst/rtl/ddrphy/ipsxb_ddrphy_control_path_adj_v1_0.vp(line number: 150)] Analyzing module ipsxb_ddrphy_control_path_adj_v1_0 (library work)
Parsing done.
Executing : .rtl_analyze -include_path {D:/ziguang/end1/ov5640/DDR_HDMI_Loop_Demo} D:/ziguang/end1/ov5640/DDR_HDMI_Loop_Demo/ipcore/DDR3_Inst/rtl/ddrphy/ipsxb_ddrphy_control_path_adj_v1_0.vp successfully.
Executing : .rtl_analyze -include_path {D:/ziguang/end1/ov5640/DDR_HDMI_Loop_Demo} D:/ziguang/end1/ov5640/DDR_HDMI_Loop_Demo/ipcore/DDR3_Inst/rtl/ddrphy/ipsxb_ddrphy_data_slice_v1_4.vp
I: Verilog-0001: Analyzing file D:/ziguang/end1/ov5640/DDR_HDMI_Loop_Demo/ipcore/DDR3_Inst/rtl/ddrphy/ipsxb_ddrphy_data_slice_v1_4.vp
I: Verilog-0002: [D:/ziguang/end1/ov5640/DDR_HDMI_Loop_Demo/ipcore/DDR3_Inst/rtl/ddrphy/ipsxb_ddrphy_data_slice_v1_4.vp(line number: 360)] Analyzing module ipsxb_ddrphy_data_slice_v1_4 (library work)
Parsing done.
Executing : .rtl_analyze -include_path {D:/ziguang/end1/ov5640/DDR_HDMI_Loop_Demo} D:/ziguang/end1/ov5640/DDR_HDMI_Loop_Demo/ipcore/DDR3_Inst/rtl/ddrphy/ipsxb_ddrphy_data_slice_v1_4.vp successfully.
Executing : .rtl_analyze -include_path {D:/ziguang/end1/ov5640/DDR_HDMI_Loop_Demo} D:/ziguang/end1/ov5640/DDR_HDMI_Loop_Demo/ipcore/DDR3_Inst/rtl/ddrphy/ipsxb_ddrphy_data_slice_dqs_gate_cal_v1_3.vp
I: Verilog-0001: Analyzing file D:/ziguang/end1/ov5640/DDR_HDMI_Loop_Demo/ipcore/DDR3_Inst/rtl/ddrphy/ipsxb_ddrphy_data_slice_dqs_gate_cal_v1_3.vp
I: Verilog-0002: [D:/ziguang/end1/ov5640/DDR_HDMI_Loop_Demo/ipcore/DDR3_Inst/rtl/ddrphy/ipsxb_ddrphy_data_slice_dqs_gate_cal_v1_3.vp(line number: 98)] Analyzing module ipsxb_ddrphy_data_slice_dqs_gate_cal_v1_3 (library work)
Parsing done.
Executing : .rtl_analyze -include_path {D:/ziguang/end1/ov5640/DDR_HDMI_Loop_Demo} D:/ziguang/end1/ov5640/DDR_HDMI_Loop_Demo/ipcore/DDR3_Inst/rtl/ddrphy/ipsxb_ddrphy_data_slice_dqs_gate_cal_v1_3.vp successfully.
Executing : .rtl_analyze -include_path {D:/ziguang/end1/ov5640/DDR_HDMI_Loop_Demo} D:/ziguang/end1/ov5640/DDR_HDMI_Loop_Demo/ipcore/DDR3_Inst/rtl/ddrphy/ipsxb_ddrphy_data_slice_wrlvl_v1_4.vp
I: Verilog-0001: Analyzing file D:/ziguang/end1/ov5640/DDR_HDMI_Loop_Demo/ipcore/DDR3_Inst/rtl/ddrphy/ipsxb_ddrphy_data_slice_wrlvl_v1_4.vp
I: Verilog-0002: [D:/ziguang/end1/ov5640/DDR_HDMI_Loop_Demo/ipcore/DDR3_Inst/rtl/ddrphy/ipsxb_ddrphy_data_slice_wrlvl_v1_4.vp(line number: 234)] Analyzing module ipsxb_ddrphy_data_slice_wrlvl_v1_4 (library work)
Parsing done.
Executing : .rtl_analyze -include_path {D:/ziguang/end1/ov5640/DDR_HDMI_Loop_Demo} D:/ziguang/end1/ov5640/DDR_HDMI_Loop_Demo/ipcore/DDR3_Inst/rtl/ddrphy/ipsxb_ddrphy_data_slice_wrlvl_v1_4.vp successfully.
Executing : .rtl_analyze -include_path {D:/ziguang/end1/ov5640/DDR_HDMI_Loop_Demo} D:/ziguang/end1/ov5640/DDR_HDMI_Loop_Demo/ipcore/DDR3_Inst/rtl/ddrphy/ipsxb_ddrphy_dfi_v1_4.vp
I: Verilog-0001: Analyzing file D:/ziguang/end1/ov5640/DDR_HDMI_Loop_Demo/ipcore/DDR3_Inst/rtl/ddrphy/ipsxb_ddrphy_dfi_v1_4.vp
I: Verilog-0002: [D:/ziguang/end1/ov5640/DDR_HDMI_Loop_Demo/ipcore/DDR3_Inst/rtl/ddrphy/ipsxb_ddrphy_dfi_v1_4.vp(line number: 259)] Analyzing module ipsxb_ddrphy_dfi_v1_4 (library work)
Parsing done.
Executing : .rtl_analyze -include_path {D:/ziguang/end1/ov5640/DDR_HDMI_Loop_Demo} D:/ziguang/end1/ov5640/DDR_HDMI_Loop_Demo/ipcore/DDR3_Inst/rtl/ddrphy/ipsxb_ddrphy_dfi_v1_4.vp successfully.
Executing : .rtl_analyze -include_path {D:/ziguang/end1/ov5640/DDR_HDMI_Loop_Demo} D:/ziguang/end1/ov5640/DDR_HDMI_Loop_Demo/ipcore/DDR3_Inst/rtl/ddrphy/ipsxb_ddrphy_dll_update_ctrl_v1_0.vp
I: Verilog-0001: Analyzing file D:/ziguang/end1/ov5640/DDR_HDMI_Loop_Demo/ipcore/DDR3_Inst/rtl/ddrphy/ipsxb_ddrphy_dll_update_ctrl_v1_0.vp
I: Verilog-0002: [D:/ziguang/end1/ov5640/DDR_HDMI_Loop_Demo/ipcore/DDR3_Inst/rtl/ddrphy/ipsxb_ddrphy_dll_update_ctrl_v1_0.vp(line number: 96)] Analyzing module ipsxb_ddrphy_dll_update_ctrl_v1_0 (library work)
Parsing done.
Executing : .rtl_analyze -include_path {D:/ziguang/end1/ov5640/DDR_HDMI_Loop_Demo} D:/ziguang/end1/ov5640/DDR_HDMI_Loop_Demo/ipcore/DDR3_Inst/rtl/ddrphy/ipsxb_ddrphy_dll_update_ctrl_v1_0.vp successfully.
Executing : .rtl_analyze -include_path {D:/ziguang/end1/ov5640/DDR_HDMI_Loop_Demo} D:/ziguang/end1/ov5640/DDR_HDMI_Loop_Demo/ipcore/DDR3_Inst/rtl/ddrphy/ipsxb_ddrphy_dqsi_rdel_cal_v1_2.vp
I: Verilog-0001: Analyzing file D:/ziguang/end1/ov5640/DDR_HDMI_Loop_Demo/ipcore/DDR3_Inst/rtl/ddrphy/ipsxb_ddrphy_dqsi_rdel_cal_v1_2.vp
I: Verilog-0002: [D:/ziguang/end1/ov5640/DDR_HDMI_Loop_Demo/ipcore/DDR3_Inst/rtl/ddrphy/ipsxb_ddrphy_dqsi_rdel_cal_v1_2.vp(line number: 305)] Analyzing module ipsxb_ddrphy_dqsi_rdel_cal_v1_2 (library work)
Parsing done.
Executing : .rtl_analyze -include_path {D:/ziguang/end1/ov5640/DDR_HDMI_Loop_Demo} D:/ziguang/end1/ov5640/DDR_HDMI_Loop_Demo/ipcore/DDR3_Inst/rtl/ddrphy/ipsxb_ddrphy_dqsi_rdel_cal_v1_2.vp successfully.
Executing : .rtl_analyze -include_path {D:/ziguang/end1/ov5640/DDR_HDMI_Loop_Demo} D:/ziguang/end1/ov5640/DDR_HDMI_Loop_Demo/ipcore/DDR3_Inst/rtl/ddrphy/ipsxb_ddrphy_dqs_gate_coarse_cal_v1_3.vp
I: Verilog-0001: Analyzing file D:/ziguang/end1/ov5640/DDR_HDMI_Loop_Demo/ipcore/DDR3_Inst/rtl/ddrphy/ipsxb_ddrphy_dqs_gate_coarse_cal_v1_3.vp
I: Verilog-0002: [D:/ziguang/end1/ov5640/DDR_HDMI_Loop_Demo/ipcore/DDR3_Inst/rtl/ddrphy/ipsxb_ddrphy_dqs_gate_coarse_cal_v1_3.vp(line number: 156)] Analyzing module ipsxb_ddrphy_dqs_gate_coarse_cal_v1_3 (library work)
Parsing done.
Executing : .rtl_analyze -include_path {D:/ziguang/end1/ov5640/DDR_HDMI_Loop_Demo} D:/ziguang/end1/ov5640/DDR_HDMI_Loop_Demo/ipcore/DDR3_Inst/rtl/ddrphy/ipsxb_ddrphy_dqs_gate_coarse_cal_v1_3.vp successfully.
Executing : .rtl_analyze -include_path {D:/ziguang/end1/ov5640/DDR_HDMI_Loop_Demo} D:/ziguang/end1/ov5640/DDR_HDMI_Loop_Demo/ipcore/DDR3_Inst/rtl/ddrphy/ipsxb_ddrphy_dqs_rddata_align_v1_3.vp
I: Verilog-0001: Analyzing file D:/ziguang/end1/ov5640/DDR_HDMI_Loop_Demo/ipcore/DDR3_Inst/rtl/ddrphy/ipsxb_ddrphy_dqs_rddata_align_v1_3.vp
I: Verilog-0002: [D:/ziguang/end1/ov5640/DDR_HDMI_Loop_Demo/ipcore/DDR3_Inst/rtl/ddrphy/ipsxb_ddrphy_dqs_rddata_align_v1_3.vp(line number: 192)] Analyzing module ipsxb_ddrphy_dqs_rddata_align_v1_3 (library work)
Parsing done.
Executing : .rtl_analyze -include_path {D:/ziguang/end1/ov5640/DDR_HDMI_Loop_Demo} D:/ziguang/end1/ov5640/DDR_HDMI_Loop_Demo/ipcore/DDR3_Inst/rtl/ddrphy/ipsxb_ddrphy_dqs_rddata_align_v1_3.vp successfully.
Executing : .rtl_analyze -include_path {D:/ziguang/end1/ov5640/DDR_HDMI_Loop_Demo} D:/ziguang/end1/ov5640/DDR_HDMI_Loop_Demo/ipcore/DDR3_Inst/rtl/ddrphy/ipsxb_ddrphy_drift_ctrl_v1_3.vp
I: Verilog-0001: Analyzing file D:/ziguang/end1/ov5640/DDR_HDMI_Loop_Demo/ipcore/DDR3_Inst/rtl/ddrphy/ipsxb_ddrphy_drift_ctrl_v1_3.vp
I: Verilog-0002: [D:/ziguang/end1/ov5640/DDR_HDMI_Loop_Demo/ipcore/DDR3_Inst/rtl/ddrphy/ipsxb_ddrphy_drift_ctrl_v1_3.vp(line number: 197)] Analyzing module ipsxb_ddrphy_drift_ctrl_v1_3 (library work)
Parsing done.
Executing : .rtl_analyze -include_path {D:/ziguang/end1/ov5640/DDR_HDMI_Loop_Demo} D:/ziguang/end1/ov5640/DDR_HDMI_Loop_Demo/ipcore/DDR3_Inst/rtl/ddrphy/ipsxb_ddrphy_drift_ctrl_v1_3.vp successfully.
Executing : .rtl_analyze -include_path {D:/ziguang/end1/ov5640/DDR_HDMI_Loop_Demo} D:/ziguang/end1/ov5640/DDR_HDMI_Loop_Demo/ipcore/DDR3_Inst/rtl/ddrphy/ipsxb_ddrphy_gate_update_ctrl_v1_3.vp
I: Verilog-0001: Analyzing file D:/ziguang/end1/ov5640/DDR_HDMI_Loop_Demo/ipcore/DDR3_Inst/rtl/ddrphy/ipsxb_ddrphy_gate_update_ctrl_v1_3.vp
I: Verilog-0002: [D:/ziguang/end1/ov5640/DDR_HDMI_Loop_Demo/ipcore/DDR3_Inst/rtl/ddrphy/ipsxb_ddrphy_gate_update_ctrl_v1_3.vp(line number: 93)] Analyzing module ipsxb_ddrphy_gate_update_ctrl_v1_3 (library work)
Parsing done.
Executing : .rtl_analyze -include_path {D:/ziguang/end1/ov5640/DDR_HDMI_Loop_Demo} D:/ziguang/end1/ov5640/DDR_HDMI_Loop_Demo/ipcore/DDR3_Inst/rtl/ddrphy/ipsxb_ddrphy_gate_update_ctrl_v1_3.vp successfully.
Executing : .rtl_analyze -include_path {D:/ziguang/end1/ov5640/DDR_HDMI_Loop_Demo} D:/ziguang/end1/ov5640/DDR_HDMI_Loop_Demo/ipcore/DDR3_Inst/rtl/ddrphy/ipsxb_ddrphy_gatecal_v1_3.vp
I: Verilog-0001: Analyzing file D:/ziguang/end1/ov5640/DDR_HDMI_Loop_Demo/ipcore/DDR3_Inst/rtl/ddrphy/ipsxb_ddrphy_gatecal_v1_3.vp
I: Verilog-0002: [D:/ziguang/end1/ov5640/DDR_HDMI_Loop_Demo/ipcore/DDR3_Inst/rtl/ddrphy/ipsxb_ddrphy_gatecal_v1_3.vp(line number: 269)] Analyzing module ipsxb_ddrphy_gatecal_v1_3 (library work)
Parsing done.
Executing : .rtl_analyze -include_path {D:/ziguang/end1/ov5640/DDR_HDMI_Loop_Demo} D:/ziguang/end1/ov5640/DDR_HDMI_Loop_Demo/ipcore/DDR3_Inst/rtl/ddrphy/ipsxb_ddrphy_gatecal_v1_3.vp successfully.
Executing : .rtl_analyze -include_path {D:/ziguang/end1/ov5640/DDR_HDMI_Loop_Demo} D:/ziguang/end1/ov5640/DDR_HDMI_Loop_Demo/ipcore/DDR3_Inst/rtl/ddrphy/ipsxb_ddrphy_info_v1_0.vp
I: Verilog-0001: Analyzing file D:/ziguang/end1/ov5640/DDR_HDMI_Loop_Demo/ipcore/DDR3_Inst/rtl/ddrphy/ipsxb_ddrphy_info_v1_0.vp
I: Verilog-0002: [D:/ziguang/end1/ov5640/DDR_HDMI_Loop_Demo/ipcore/DDR3_Inst/rtl/ddrphy/ipsxb_ddrphy_info_v1_0.vp(line number: 135)] Analyzing module ipsxb_ddrphy_info_v1_0 (library work)
Parsing done.
Executing : .rtl_analyze -include_path {D:/ziguang/end1/ov5640/DDR_HDMI_Loop_Demo} D:/ziguang/end1/ov5640/DDR_HDMI_Loop_Demo/ipcore/DDR3_Inst/rtl/ddrphy/ipsxb_ddrphy_info_v1_0.vp successfully.
Executing : .rtl_analyze -include_path {D:/ziguang/end1/ov5640/DDR_HDMI_Loop_Demo} D:/ziguang/end1/ov5640/DDR_HDMI_Loop_Demo/ipcore/DDR3_Inst/rtl/ddrphy/ipsxb_ddrphy_init_v1_0.vp
I: Verilog-0001: Analyzing file D:/ziguang/end1/ov5640/DDR_HDMI_Loop_Demo/ipcore/DDR3_Inst/rtl/ddrphy/ipsxb_ddrphy_init_v1_0.vp
I: Verilog-0002: [D:/ziguang/end1/ov5640/DDR_HDMI_Loop_Demo/ipcore/DDR3_Inst/rtl/ddrphy/ipsxb_ddrphy_init_v1_0.vp(line number: 258)] Analyzing module ipsxb_ddrphy_init_v1_0 (library work)
Parsing done.
Executing : .rtl_analyze -include_path {D:/ziguang/end1/ov5640/DDR_HDMI_Loop_Demo} D:/ziguang/end1/ov5640/DDR_HDMI_Loop_Demo/ipcore/DDR3_Inst/rtl/ddrphy/ipsxb_ddrphy_init_v1_0.vp successfully.
Executing : .rtl_analyze -include_path {D:/ziguang/end1/ov5640/DDR_HDMI_Loop_Demo} D:/ziguang/end1/ov5640/DDR_HDMI_Loop_Demo/ipcore/DDR3_Inst/rtl/ddrphy/ipsxb_ddrphy_main_ctrl_v1_3.vp
I: Verilog-0001: Analyzing file D:/ziguang/end1/ov5640/DDR_HDMI_Loop_Demo/ipcore/DDR3_Inst/rtl/ddrphy/ipsxb_ddrphy_main_ctrl_v1_3.vp
I: Verilog-0002: [D:/ziguang/end1/ov5640/DDR_HDMI_Loop_Demo/ipcore/DDR3_Inst/rtl/ddrphy/ipsxb_ddrphy_main_ctrl_v1_3.vp(line number: 118)] Analyzing module ipsxb_ddrphy_main_ctrl_v1_3 (library work)
Parsing done.
Executing : .rtl_analyze -include_path {D:/ziguang/end1/ov5640/DDR_HDMI_Loop_Demo} D:/ziguang/end1/ov5640/DDR_HDMI_Loop_Demo/ipcore/DDR3_Inst/rtl/ddrphy/ipsxb_ddrphy_main_ctrl_v1_3.vp successfully.
Executing : .rtl_analyze -include_path {D:/ziguang/end1/ov5640/DDR_HDMI_Loop_Demo} D:/ziguang/end1/ov5640/DDR_HDMI_Loop_Demo/ipcore/DDR3_Inst/rtl/ddrphy/ipsxb_ddrphy_rdcal_v1_2.vp
I: Verilog-0001: Analyzing file D:/ziguang/end1/ov5640/DDR_HDMI_Loop_Demo/ipcore/DDR3_Inst/rtl/ddrphy/ipsxb_ddrphy_rdcal_v1_2.vp
I: Verilog-0002: [D:/ziguang/end1/ov5640/DDR_HDMI_Loop_Demo/ipcore/DDR3_Inst/rtl/ddrphy/ipsxb_ddrphy_rdcal_v1_2.vp(line number: 505)] Analyzing module ipsxb_ddrphy_rdcal_v1_2 (library work)
Parsing done.
Executing : .rtl_analyze -include_path {D:/ziguang/end1/ov5640/DDR_HDMI_Loop_Demo} D:/ziguang/end1/ov5640/DDR_HDMI_Loop_Demo/ipcore/DDR3_Inst/rtl/ddrphy/ipsxb_ddrphy_rdcal_v1_2.vp successfully.
Executing : .rtl_analyze -include_path {D:/ziguang/end1/ov5640/DDR_HDMI_Loop_Demo} D:/ziguang/end1/ov5640/DDR_HDMI_Loop_Demo/ipcore/DDR3_Inst/rtl/ddrphy/ipsxb_ddrphy_reset_ctrl_v1_4.vp
I: Verilog-0001: Analyzing file D:/ziguang/end1/ov5640/DDR_HDMI_Loop_Demo/ipcore/DDR3_Inst/rtl/ddrphy/ipsxb_ddrphy_reset_ctrl_v1_4.vp
I: Verilog-0002: [D:/ziguang/end1/ov5640/DDR_HDMI_Loop_Demo/ipcore/DDR3_Inst/rtl/ddrphy/ipsxb_ddrphy_reset_ctrl_v1_4.vp(line number: 184)] Analyzing module ipsxb_ddrphy_reset_ctrl_v1_4 (library work)
Parsing done.
Executing : .rtl_analyze -include_path {D:/ziguang/end1/ov5640/DDR_HDMI_Loop_Demo} D:/ziguang/end1/ov5640/DDR_HDMI_Loop_Demo/ipcore/DDR3_Inst/rtl/ddrphy/ipsxb_ddrphy_reset_ctrl_v1_4.vp successfully.
Executing : .rtl_analyze -include_path {D:/ziguang/end1/ov5640/DDR_HDMI_Loop_Demo} D:/ziguang/end1/ov5640/DDR_HDMI_Loop_Demo/ipcore/DDR3_Inst/rtl/ddrphy/ipsxb_ddrphy_rst_debounce_v1_0.vp
I: Verilog-0001: Analyzing file D:/ziguang/end1/ov5640/DDR_HDMI_Loop_Demo/ipcore/DDR3_Inst/rtl/ddrphy/ipsxb_ddrphy_rst_debounce_v1_0.vp
I: Verilog-0002: [D:/ziguang/end1/ov5640/DDR_HDMI_Loop_Demo/ipcore/DDR3_Inst/rtl/ddrphy/ipsxb_ddrphy_rst_debounce_v1_0.vp(line number: 62)] Analyzing module ipsxb_ddrphy_rst_debounce_v1_0 (library work)
Parsing done.
Executing : .rtl_analyze -include_path {D:/ziguang/end1/ov5640/DDR_HDMI_Loop_Demo} D:/ziguang/end1/ov5640/DDR_HDMI_Loop_Demo/ipcore/DDR3_Inst/rtl/ddrphy/ipsxb_ddrphy_rst_debounce_v1_0.vp successfully.
Executing : .rtl_analyze -include_path {D:/ziguang/end1/ov5640/DDR_HDMI_Loop_Demo} D:/ziguang/end1/ov5640/DDR_HDMI_Loop_Demo/ipcore/DDR3_Inst/rtl/ddrphy/ipsxb_ddrphy_slice_rddata_align_v1_0.vp
I: Verilog-0001: Analyzing file D:/ziguang/end1/ov5640/DDR_HDMI_Loop_Demo/ipcore/DDR3_Inst/rtl/ddrphy/ipsxb_ddrphy_slice_rddata_align_v1_0.vp
I: Verilog-0002: [D:/ziguang/end1/ov5640/DDR_HDMI_Loop_Demo/ipcore/DDR3_Inst/rtl/ddrphy/ipsxb_ddrphy_slice_rddata_align_v1_0.vp(line number: 117)] Analyzing module ipsxb_ddrphy_slice_rddata_align_v1_0 (library work)
Parsing done.
Executing : .rtl_analyze -include_path {D:/ziguang/end1/ov5640/DDR_HDMI_Loop_Demo} D:/ziguang/end1/ov5640/DDR_HDMI_Loop_Demo/ipcore/DDR3_Inst/rtl/ddrphy/ipsxb_ddrphy_slice_rddata_align_v1_0.vp successfully.
Executing : .rtl_analyze -include_path {D:/ziguang/end1/ov5640/DDR_HDMI_Loop_Demo} D:/ziguang/end1/ov5640/DDR_HDMI_Loop_Demo/ipcore/DDR3_Inst/rtl/ddrphy/ipsxb_ddrphy_training_ctrl_v1_0.vp
I: Verilog-0001: Analyzing file D:/ziguang/end1/ov5640/DDR_HDMI_Loop_Demo/ipcore/DDR3_Inst/rtl/ddrphy/ipsxb_ddrphy_training_ctrl_v1_0.vp
I: Verilog-0002: [D:/ziguang/end1/ov5640/DDR_HDMI_Loop_Demo/ipcore/DDR3_Inst/rtl/ddrphy/ipsxb_ddrphy_training_ctrl_v1_0.vp(line number: 64)] Analyzing module ipsxb_ddrphy_training_ctrl_v1_0 (library work)
Parsing done.
Executing : .rtl_analyze -include_path {D:/ziguang/end1/ov5640/DDR_HDMI_Loop_Demo} D:/ziguang/end1/ov5640/DDR_HDMI_Loop_Demo/ipcore/DDR3_Inst/rtl/ddrphy/ipsxb_ddrphy_training_ctrl_v1_0.vp successfully.
Executing : .rtl_analyze -include_path {D:/ziguang/end1/ov5640/DDR_HDMI_Loop_Demo} D:/ziguang/end1/ov5640/DDR_HDMI_Loop_Demo/ipcore/DDR3_Inst/rtl/ddrphy/ipsxb_ddrphy_upcal_v1_4.vp
I: Verilog-0001: Analyzing file D:/ziguang/end1/ov5640/DDR_HDMI_Loop_Demo/ipcore/DDR3_Inst/rtl/ddrphy/ipsxb_ddrphy_upcal_v1_4.vp
I: Verilog-0002: [D:/ziguang/end1/ov5640/DDR_HDMI_Loop_Demo/ipcore/DDR3_Inst/rtl/ddrphy/ipsxb_ddrphy_upcal_v1_4.vp(line number: 414)] Analyzing module ipsxb_ddrphy_upcal_v1_4 (library work)
Parsing done.
Executing : .rtl_analyze -include_path {D:/ziguang/end1/ov5640/DDR_HDMI_Loop_Demo} D:/ziguang/end1/ov5640/DDR_HDMI_Loop_Demo/ipcore/DDR3_Inst/rtl/ddrphy/ipsxb_ddrphy_upcal_v1_4.vp successfully.
Executing : .rtl_analyze -include_path {D:/ziguang/end1/ov5640/DDR_HDMI_Loop_Demo} D:/ziguang/end1/ov5640/DDR_HDMI_Loop_Demo/ipcore/DDR3_Inst/rtl/ddrphy/ipsxb_ddrphy_wdata_path_adj_v1_0.vp
I: Verilog-0001: Analyzing file D:/ziguang/end1/ov5640/DDR_HDMI_Loop_Demo/ipcore/DDR3_Inst/rtl/ddrphy/ipsxb_ddrphy_wdata_path_adj_v1_0.vp
I: Verilog-0002: [D:/ziguang/end1/ov5640/DDR_HDMI_Loop_Demo/ipcore/DDR3_Inst/rtl/ddrphy/ipsxb_ddrphy_wdata_path_adj_v1_0.vp(line number: 150)] Analyzing module ipsxb_ddrphy_wdata_path_adj_v1_0 (library work)
Parsing done.
Executing : .rtl_analyze -include_path {D:/ziguang/end1/ov5640/DDR_HDMI_Loop_Demo} D:/ziguang/end1/ov5640/DDR_HDMI_Loop_Demo/ipcore/DDR3_Inst/rtl/ddrphy/ipsxb_ddrphy_wdata_path_adj_v1_0.vp successfully.
Executing : .rtl_analyze -include_path {D:/ziguang/end1/ov5640/DDR_HDMI_Loop_Demo} D:/ziguang/end1/ov5640/DDR_HDMI_Loop_Demo/ipcore/DDR3_Inst/rtl/ddrphy/ipsxb_ddrphy_wrlvl_v1_0.vp
I: Verilog-0001: Analyzing file D:/ziguang/end1/ov5640/DDR_HDMI_Loop_Demo/ipcore/DDR3_Inst/rtl/ddrphy/ipsxb_ddrphy_wrlvl_v1_0.vp
I: Verilog-0002: [D:/ziguang/end1/ov5640/DDR_HDMI_Loop_Demo/ipcore/DDR3_Inst/rtl/ddrphy/ipsxb_ddrphy_wrlvl_v1_0.vp(line number: 173)] Analyzing module ipsxb_ddrphy_wrlvl_v1_0 (library work)
Parsing done.
Executing : .rtl_analyze -include_path {D:/ziguang/end1/ov5640/DDR_HDMI_Loop_Demo} D:/ziguang/end1/ov5640/DDR_HDMI_Loop_Demo/ipcore/DDR3_Inst/rtl/ddrphy/ipsxb_ddrphy_wrlvl_v1_0.vp successfully.
Executing : .rtl_analyze -include_path {D:/ziguang/end1/ov5640/DDR_HDMI_Loop_Demo} D:/ziguang/end1/ov5640/DDR_HDMI_Loop_Demo/ipcore/DDR3_Inst/rtl/ddrphy/ipsxb_ddrphy_slice_top_v1_4.v
I: Verilog-0001: Analyzing file D:/ziguang/end1/ov5640/DDR_HDMI_Loop_Demo/ipcore/DDR3_Inst/rtl/ddrphy/ipsxb_ddrphy_slice_top_v1_4.v
I: Verilog-0002: [D:/ziguang/end1/ov5640/DDR_HDMI_Loop_Demo/ipcore/DDR3_Inst/rtl/ddrphy/ipsxb_ddrphy_slice_top_v1_4.v(line number: 7)] Analyzing module ipsxb_ddrphy_slice_top_v1_4 (library work)
Parsing done.
Executing : .rtl_analyze -include_path {D:/ziguang/end1/ov5640/DDR_HDMI_Loop_Demo} D:/ziguang/end1/ov5640/DDR_HDMI_Loop_Demo/ipcore/DDR3_Inst/rtl/ddrphy/ipsxb_ddrphy_slice_top_v1_4.v successfully.
Executing : .rtl_analyze -include_path {D:/ziguang/end1/ov5640/DDR_HDMI_Loop_Demo} D:/ziguang/end1/ov5640/DDR_HDMI_Loop_Demo/ipcore/DDR3_Inst/rtl/pll/ipsxb_ddrphy_pll_v1_0.v
I: Verilog-0001: Analyzing file D:/ziguang/end1/ov5640/DDR_HDMI_Loop_Demo/ipcore/DDR3_Inst/rtl/pll/ipsxb_ddrphy_pll_v1_0.v
I: Verilog-0002: [D:/ziguang/end1/ov5640/DDR_HDMI_Loop_Demo/ipcore/DDR3_Inst/rtl/pll/ipsxb_ddrphy_pll_v1_0.v(line number: 20)] Analyzing module ipsxb_ddrphy_pll_v1_0 (library work)
Parsing done.
Executing : .rtl_analyze -include_path {D:/ziguang/end1/ov5640/DDR_HDMI_Loop_Demo} D:/ziguang/end1/ov5640/DDR_HDMI_Loop_Demo/ipcore/DDR3_Inst/rtl/pll/ipsxb_ddrphy_pll_v1_0.v successfully.
Executing : .rtl_analyze -include_path {D:/ziguang/end1/ov5640/DDR_HDMI_Loop_Demo} D:/ziguang/end1/ov5640/DDR_HDMI_Loop_Demo/ipcore/DDR3_Inst/rtl/mcdq_ctrl/ipsxb_mcdq_apb_cross_v1_2.vp
I: Verilog-0001: Analyzing file D:/ziguang/end1/ov5640/DDR_HDMI_Loop_Demo/ipcore/DDR3_Inst/rtl/mcdq_ctrl/ipsxb_mcdq_apb_cross_v1_2.vp
I: Verilog-0002: [D:/ziguang/end1/ov5640/DDR_HDMI_Loop_Demo/ipcore/DDR3_Inst/rtl/mcdq_ctrl/ipsxb_mcdq_apb_cross_v1_2.vp(line number: 145)] Analyzing module ipsxb_mcdq_apb_cross_v1_2 (library work)
Parsing done.
Executing : .rtl_analyze -include_path {D:/ziguang/end1/ov5640/DDR_HDMI_Loop_Demo} D:/ziguang/end1/ov5640/DDR_HDMI_Loop_Demo/ipcore/DDR3_Inst/rtl/mcdq_ctrl/ipsxb_mcdq_apb_cross_v1_2.vp successfully.
Executing : .rtl_analyze -include_path {D:/ziguang/end1/ov5640/DDR_HDMI_Loop_Demo} D:/ziguang/end1/ov5640/DDR_HDMI_Loop_Demo/ipcore/DDR3_Inst/rtl/mcdq_ctrl/ipsxb_mcdq_calib_delay_v1_2.vp
I: Verilog-0001: Analyzing file D:/ziguang/end1/ov5640/DDR_HDMI_Loop_Demo/ipcore/DDR3_Inst/rtl/mcdq_ctrl/ipsxb_mcdq_calib_delay_v1_2.vp
I: Verilog-0002: [D:/ziguang/end1/ov5640/DDR_HDMI_Loop_Demo/ipcore/DDR3_Inst/rtl/mcdq_ctrl/ipsxb_mcdq_calib_delay_v1_2.vp(line number: 101)] Analyzing module ipsxb_mcdq_calib_delay_v1_2 (library work)
Parsing done.
Executing : .rtl_analyze -include_path {D:/ziguang/end1/ov5640/DDR_HDMI_Loop_Demo} D:/ziguang/end1/ov5640/DDR_HDMI_Loop_Demo/ipcore/DDR3_Inst/rtl/mcdq_ctrl/ipsxb_mcdq_calib_delay_v1_2.vp successfully.
Executing : .rtl_analyze -include_path {D:/ziguang/end1/ov5640/DDR_HDMI_Loop_Demo} D:/ziguang/end1/ov5640/DDR_HDMI_Loop_Demo/ipcore/DDR3_Inst/rtl/mcdq_ctrl/ipsxb_mcdq_cfg_apb_v1_2.vp
I: Verilog-0001: Analyzing file D:/ziguang/end1/ov5640/DDR_HDMI_Loop_Demo/ipcore/DDR3_Inst/rtl/mcdq_ctrl/ipsxb_mcdq_cfg_apb_v1_2.vp
I: Verilog-0002: [D:/ziguang/end1/ov5640/DDR_HDMI_Loop_Demo/ipcore/DDR3_Inst/rtl/mcdq_ctrl/ipsxb_mcdq_cfg_apb_v1_2.vp(line number: 559)] Analyzing module ipsxb_mcdq_cfg_apb_v1_2 (library work)
Parsing done.
Executing : .rtl_analyze -include_path {D:/ziguang/end1/ov5640/DDR_HDMI_Loop_Demo} D:/ziguang/end1/ov5640/DDR_HDMI_Loop_Demo/ipcore/DDR3_Inst/rtl/mcdq_ctrl/ipsxb_mcdq_cfg_apb_v1_2.vp successfully.
Executing : .rtl_analyze -include_path {D:/ziguang/end1/ov5640/DDR_HDMI_Loop_Demo} D:/ziguang/end1/ov5640/DDR_HDMI_Loop_Demo/ipcore/DDR3_Inst/rtl/mcdq_ctrl/ipsxb_mcdq_dcd_bm_v1_2.vp
I: Verilog-0001: Analyzing file D:/ziguang/end1/ov5640/DDR_HDMI_Loop_Demo/ipcore/DDR3_Inst/rtl/mcdq_ctrl/ipsxb_mcdq_dcd_bm_v1_2.vp
I: Verilog-0002: [D:/ziguang/end1/ov5640/DDR_HDMI_Loop_Demo/ipcore/DDR3_Inst/rtl/mcdq_ctrl/ipsxb_mcdq_dcd_bm_v1_2.vp(line number: 243)] Analyzing module ipsxb_mcdq_dcd_bm_v1_2 (library work)
Parsing done.
Executing : .rtl_analyze -include_path {D:/ziguang/end1/ov5640/DDR_HDMI_Loop_Demo} D:/ziguang/end1/ov5640/DDR_HDMI_Loop_Demo/ipcore/DDR3_Inst/rtl/mcdq_ctrl/ipsxb_mcdq_dcd_bm_v1_2.vp successfully.
Executing : .rtl_analyze -include_path {D:/ziguang/end1/ov5640/DDR_HDMI_Loop_Demo} D:/ziguang/end1/ov5640/DDR_HDMI_Loop_Demo/ipcore/DDR3_Inst/rtl/mcdq_ctrl/ipsxb_mcdq_dcd_rowaddr_v1_2.vp
I: Verilog-0001: Analyzing file D:/ziguang/end1/ov5640/DDR_HDMI_Loop_Demo/ipcore/DDR3_Inst/rtl/mcdq_ctrl/ipsxb_mcdq_dcd_rowaddr_v1_2.vp
I: Verilog-0002: [D:/ziguang/end1/ov5640/DDR_HDMI_Loop_Demo/ipcore/DDR3_Inst/rtl/mcdq_ctrl/ipsxb_mcdq_dcd_rowaddr_v1_2.vp(line number: 76)] Analyzing module ipsxb_mcdq_dcd_rowaddr_v1_2 (library work)
Parsing done.
Executing : .rtl_analyze -include_path {D:/ziguang/end1/ov5640/DDR_HDMI_Loop_Demo} D:/ziguang/end1/ov5640/DDR_HDMI_Loop_Demo/ipcore/DDR3_Inst/rtl/mcdq_ctrl/ipsxb_mcdq_dcd_rowaddr_v1_2.vp successfully.
Executing : .rtl_analyze -include_path {D:/ziguang/end1/ov5640/DDR_HDMI_Loop_Demo} D:/ziguang/end1/ov5640/DDR_HDMI_Loop_Demo/ipcore/DDR3_Inst/rtl/mcdq_ctrl/ipsxb_mcdq_dcd_sm_v1_2.vp
I: Verilog-0001: Analyzing file D:/ziguang/end1/ov5640/DDR_HDMI_Loop_Demo/ipcore/DDR3_Inst/rtl/mcdq_ctrl/ipsxb_mcdq_dcd_sm_v1_2.vp
I: Verilog-0002: [D:/ziguang/end1/ov5640/DDR_HDMI_Loop_Demo/ipcore/DDR3_Inst/rtl/mcdq_ctrl/ipsxb_mcdq_dcd_sm_v1_2.vp(line number: 209)] Analyzing module ipsxb_mcdq_dcd_sm_v1_2 (library work)
Parsing done.
Executing : .rtl_analyze -include_path {D:/ziguang/end1/ov5640/DDR_HDMI_Loop_Demo} D:/ziguang/end1/ov5640/DDR_HDMI_Loop_Demo/ipcore/DDR3_Inst/rtl/mcdq_ctrl/ipsxb_mcdq_dcd_sm_v1_2.vp successfully.
Executing : .rtl_analyze -include_path {D:/ziguang/end1/ov5640/DDR_HDMI_Loop_Demo} D:/ziguang/end1/ov5640/DDR_HDMI_Loop_Demo/ipcore/DDR3_Inst/rtl/mcdq_ctrl/ipsxb_mcdq_dcd_top_v1_2.vp
I: Verilog-0001: Analyzing file D:/ziguang/end1/ov5640/DDR_HDMI_Loop_Demo/ipcore/DDR3_Inst/rtl/mcdq_ctrl/ipsxb_mcdq_dcd_top_v1_2.vp
I: Verilog-0002: [D:/ziguang/end1/ov5640/DDR_HDMI_Loop_Demo/ipcore/DDR3_Inst/rtl/mcdq_ctrl/ipsxb_mcdq_dcd_top_v1_2.vp(line number: 174)] Analyzing module ipsxb_mcdq_dcd_top_v1_2 (library work)
Parsing done.
Executing : .rtl_analyze -include_path {D:/ziguang/end1/ov5640/DDR_HDMI_Loop_Demo} D:/ziguang/end1/ov5640/DDR_HDMI_Loop_Demo/ipcore/DDR3_Inst/rtl/mcdq_ctrl/ipsxb_mcdq_dcd_top_v1_2.vp successfully.
Executing : .rtl_analyze -include_path {D:/ziguang/end1/ov5640/DDR_HDMI_Loop_Demo} D:/ziguang/end1/ov5640/DDR_HDMI_Loop_Demo/ipcore/DDR3_Inst/rtl/mcdq_ctrl/ipsxb_mcdq_dcp_back_ctrl_v1_2.vp
I: Verilog-0001: Analyzing file D:/ziguang/end1/ov5640/DDR_HDMI_Loop_Demo/ipcore/DDR3_Inst/rtl/mcdq_ctrl/ipsxb_mcdq_dcp_back_ctrl_v1_2.vp
I: Verilog-0002: [D:/ziguang/end1/ov5640/DDR_HDMI_Loop_Demo/ipcore/DDR3_Inst/rtl/mcdq_ctrl/ipsxb_mcdq_dcp_back_ctrl_v1_2.vp(line number: 643)] Analyzing module ipsxb_mcdq_dcp_back_ctrl_v1_2 (library work)
Parsing done.
Executing : .rtl_analyze -include_path {D:/ziguang/end1/ov5640/DDR_HDMI_Loop_Demo} D:/ziguang/end1/ov5640/DDR_HDMI_Loop_Demo/ipcore/DDR3_Inst/rtl/mcdq_ctrl/ipsxb_mcdq_dcp_back_ctrl_v1_2.vp successfully.
Executing : .rtl_analyze -include_path {D:/ziguang/end1/ov5640/DDR_HDMI_Loop_Demo} D:/ziguang/end1/ov5640/DDR_HDMI_Loop_Demo/ipcore/DDR3_Inst/rtl/mcdq_ctrl/ipsxb_mcdq_dcp_buf_v1_2.vp
I: Verilog-0001: Analyzing file D:/ziguang/end1/ov5640/DDR_HDMI_Loop_Demo/ipcore/DDR3_Inst/rtl/mcdq_ctrl/ipsxb_mcdq_dcp_buf_v1_2.vp
I: Verilog-0002: [D:/ziguang/end1/ov5640/DDR_HDMI_Loop_Demo/ipcore/DDR3_Inst/rtl/mcdq_ctrl/ipsxb_mcdq_dcp_buf_v1_2.vp(line number: 298)] Analyzing module ipsxb_mcdq_dcp_buf_v1_2 (library work)
Parsing done.
Executing : .rtl_analyze -include_path {D:/ziguang/end1/ov5640/DDR_HDMI_Loop_Demo} D:/ziguang/end1/ov5640/DDR_HDMI_Loop_Demo/ipcore/DDR3_Inst/rtl/mcdq_ctrl/ipsxb_mcdq_dcp_buf_v1_2.vp successfully.
Executing : .rtl_analyze -include_path {D:/ziguang/end1/ov5640/DDR_HDMI_Loop_Demo} D:/ziguang/end1/ov5640/DDR_HDMI_Loop_Demo/ipcore/DDR3_Inst/rtl/mcdq_ctrl/ipsxb_mcdq_dcp_out_v1_2.vp
I: Verilog-0001: Analyzing file D:/ziguang/end1/ov5640/DDR_HDMI_Loop_Demo/ipcore/DDR3_Inst/rtl/mcdq_ctrl/ipsxb_mcdq_dcp_out_v1_2.vp
I: Verilog-0002: [D:/ziguang/end1/ov5640/DDR_HDMI_Loop_Demo/ipcore/DDR3_Inst/rtl/mcdq_ctrl/ipsxb_mcdq_dcp_out_v1_2.vp(line number: 210)] Analyzing module ipsxb_mcdq_dcp_out_v1_2 (library work)
Parsing done.
Executing : .rtl_analyze -include_path {D:/ziguang/end1/ov5640/DDR_HDMI_Loop_Demo} D:/ziguang/end1/ov5640/DDR_HDMI_Loop_Demo/ipcore/DDR3_Inst/rtl/mcdq_ctrl/ipsxb_mcdq_dcp_out_v1_2.vp successfully.
Executing : .rtl_analyze -include_path {D:/ziguang/end1/ov5640/DDR_HDMI_Loop_Demo} D:/ziguang/end1/ov5640/DDR_HDMI_Loop_Demo/ipcore/DDR3_Inst/rtl/mcdq_ctrl/ipsxb_mcdq_dcp_top_v1_2.vp
I: Verilog-0001: Analyzing file D:/ziguang/end1/ov5640/DDR_HDMI_Loop_Demo/ipcore/DDR3_Inst/rtl/mcdq_ctrl/ipsxb_mcdq_dcp_top_v1_2.vp
I: Verilog-0002: [D:/ziguang/end1/ov5640/DDR_HDMI_Loop_Demo/ipcore/DDR3_Inst/rtl/mcdq_ctrl/ipsxb_mcdq_dcp_top_v1_2.vp(line number: 329)] Analyzing module ipsxb_mcdq_dcp_top_v1_2 (library work)
Parsing done.
Executing : .rtl_analyze -include_path {D:/ziguang/end1/ov5640/DDR_HDMI_Loop_Demo} D:/ziguang/end1/ov5640/DDR_HDMI_Loop_Demo/ipcore/DDR3_Inst/rtl/mcdq_ctrl/ipsxb_mcdq_dcp_top_v1_2.vp successfully.
Executing : .rtl_analyze -include_path {D:/ziguang/end1/ov5640/DDR_HDMI_Loop_Demo} D:/ziguang/end1/ov5640/DDR_HDMI_Loop_Demo/ipcore/DDR3_Inst/rtl/mcdq_ctrl/ipsxb_mcdq_dfi_v1_2.vp
I: Verilog-0001: Analyzing file D:/ziguang/end1/ov5640/DDR_HDMI_Loop_Demo/ipcore/DDR3_Inst/rtl/mcdq_ctrl/ipsxb_mcdq_dfi_v1_2.vp
I: Verilog-0002: [D:/ziguang/end1/ov5640/DDR_HDMI_Loop_Demo/ipcore/DDR3_Inst/rtl/mcdq_ctrl/ipsxb_mcdq_dfi_v1_2.vp(line number: 432)] Analyzing module ipsxb_mcdq_dfi_v1_2 (library work)
Parsing done.
Executing : .rtl_analyze -include_path {D:/ziguang/end1/ov5640/DDR_HDMI_Loop_Demo} D:/ziguang/end1/ov5640/DDR_HDMI_Loop_Demo/ipcore/DDR3_Inst/rtl/mcdq_ctrl/ipsxb_mcdq_dfi_v1_2.vp successfully.
Executing : .rtl_analyze -include_path {D:/ziguang/end1/ov5640/DDR_HDMI_Loop_Demo} D:/ziguang/end1/ov5640/DDR_HDMI_Loop_Demo/ipcore/DDR3_Inst/rtl/mcdq_ctrl/ipsxb_mcdq_lp_v1_2.vp
I: Verilog-0001: Analyzing file D:/ziguang/end1/ov5640/DDR_HDMI_Loop_Demo/ipcore/DDR3_Inst/rtl/mcdq_ctrl/ipsxb_mcdq_lp_v1_2.vp
I: Verilog-0002: [D:/ziguang/end1/ov5640/DDR_HDMI_Loop_Demo/ipcore/DDR3_Inst/rtl/mcdq_ctrl/ipsxb_mcdq_lp_v1_2.vp(line number: 315)] Analyzing module ipsxb_mcdq_lp_v1_2 (library work)
Parsing done.
Executing : .rtl_analyze -include_path {D:/ziguang/end1/ov5640/DDR_HDMI_Loop_Demo} D:/ziguang/end1/ov5640/DDR_HDMI_Loop_Demo/ipcore/DDR3_Inst/rtl/mcdq_ctrl/ipsxb_mcdq_lp_v1_2.vp successfully.
Executing : .rtl_analyze -include_path {D:/ziguang/end1/ov5640/DDR_HDMI_Loop_Demo} D:/ziguang/end1/ov5640/DDR_HDMI_Loop_Demo/ipcore/DDR3_Inst/rtl/mcdq_ctrl/ipsxb_mcdq_mrs_v1_2.vp
I: Verilog-0001: Analyzing file D:/ziguang/end1/ov5640/DDR_HDMI_Loop_Demo/ipcore/DDR3_Inst/rtl/mcdq_ctrl/ipsxb_mcdq_mrs_v1_2.vp
I: Verilog-0002: [D:/ziguang/end1/ov5640/DDR_HDMI_Loop_Demo/ipcore/DDR3_Inst/rtl/mcdq_ctrl/ipsxb_mcdq_mrs_v1_2.vp(line number: 321)] Analyzing module ipsxb_mcdq_mrs_v1_2 (library work)
Parsing done.
Executing : .rtl_analyze -include_path {D:/ziguang/end1/ov5640/DDR_HDMI_Loop_Demo} D:/ziguang/end1/ov5640/DDR_HDMI_Loop_Demo/ipcore/DDR3_Inst/rtl/mcdq_ctrl/ipsxb_mcdq_mrs_v1_2.vp successfully.
Executing : .rtl_analyze -include_path {D:/ziguang/end1/ov5640/DDR_HDMI_Loop_Demo} D:/ziguang/end1/ov5640/DDR_HDMI_Loop_Demo/ipcore/DDR3_Inst/rtl/mcdq_ctrl/ipsxb_mcdq_prefetch_fifo_v1_2.vp
I: Verilog-0001: Analyzing file D:/ziguang/end1/ov5640/DDR_HDMI_Loop_Demo/ipcore/DDR3_Inst/rtl/mcdq_ctrl/ipsxb_mcdq_prefetch_fifo_v1_2.vp
I: Verilog-0002: [D:/ziguang/end1/ov5640/DDR_HDMI_Loop_Demo/ipcore/DDR3_Inst/rtl/mcdq_ctrl/ipsxb_mcdq_prefetch_fifo_v1_2.vp(line number: 95)] Analyzing module ipsxb_mcdq_prefetch_fifo_v1_2 (library work)
Parsing done.
Executing : .rtl_analyze -include_path {D:/ziguang/end1/ov5640/DDR_HDMI_Loop_Demo} D:/ziguang/end1/ov5640/DDR_HDMI_Loop_Demo/ipcore/DDR3_Inst/rtl/mcdq_ctrl/ipsxb_mcdq_prefetch_fifo_v1_2.vp successfully.
Executing : .rtl_analyze -include_path {D:/ziguang/end1/ov5640/DDR_HDMI_Loop_Demo} D:/ziguang/end1/ov5640/DDR_HDMI_Loop_Demo/ipcore/DDR3_Inst/rtl/mcdq_ctrl/ipsxb_mcdq_rdatapath_v1_2.vp
I: Verilog-0001: Analyzing file D:/ziguang/end1/ov5640/DDR_HDMI_Loop_Demo/ipcore/DDR3_Inst/rtl/mcdq_ctrl/ipsxb_mcdq_rdatapath_v1_2.vp
I: Verilog-0002: [D:/ziguang/end1/ov5640/DDR_HDMI_Loop_Demo/ipcore/DDR3_Inst/rtl/mcdq_ctrl/ipsxb_mcdq_rdatapath_v1_2.vp(line number: 83)] Analyzing module ipsxb_mcdq_rdatapath_v1_2 (library work)
Parsing done.
Executing : .rtl_analyze -include_path {D:/ziguang/end1/ov5640/DDR_HDMI_Loop_Demo} D:/ziguang/end1/ov5640/DDR_HDMI_Loop_Demo/ipcore/DDR3_Inst/rtl/mcdq_ctrl/ipsxb_mcdq_rdatapath_v1_2.vp successfully.
Executing : .rtl_analyze -include_path {D:/ziguang/end1/ov5640/DDR_HDMI_Loop_Demo} D:/ziguang/end1/ov5640/DDR_HDMI_Loop_Demo/ipcore/DDR3_Inst/rtl/mcdq_ctrl/ipsxb_mcdq_reg_fifo2_v1_2.vp
I: Verilog-0001: Analyzing file D:/ziguang/end1/ov5640/DDR_HDMI_Loop_Demo/ipcore/DDR3_Inst/rtl/mcdq_ctrl/ipsxb_mcdq_reg_fifo2_v1_2.vp
I: Verilog-0002: [D:/ziguang/end1/ov5640/DDR_HDMI_Loop_Demo/ipcore/DDR3_Inst/rtl/mcdq_ctrl/ipsxb_mcdq_reg_fifo2_v1_2.vp(line number: 78)] Analyzing module ipsxb_mcdq_reg_fifo2_v1_2 (library work)
Parsing done.
Executing : .rtl_analyze -include_path {D:/ziguang/end1/ov5640/DDR_HDMI_Loop_Demo} D:/ziguang/end1/ov5640/DDR_HDMI_Loop_Demo/ipcore/DDR3_Inst/rtl/mcdq_ctrl/ipsxb_mcdq_reg_fifo2_v1_2.vp successfully.
Executing : .rtl_analyze -include_path {D:/ziguang/end1/ov5640/DDR_HDMI_Loop_Demo} D:/ziguang/end1/ov5640/DDR_HDMI_Loop_Demo/ipcore/DDR3_Inst/rtl/mcdq_ctrl/ipsxb_mcdq_ui_axi_v1_2.vp
I: Verilog-0001: Analyzing file D:/ziguang/end1/ov5640/DDR_HDMI_Loop_Demo/ipcore/DDR3_Inst/rtl/mcdq_ctrl/ipsxb_mcdq_ui_axi_v1_2.vp
I: Verilog-0002: [D:/ziguang/end1/ov5640/DDR_HDMI_Loop_Demo/ipcore/DDR3_Inst/rtl/mcdq_ctrl/ipsxb_mcdq_ui_axi_v1_2.vp(line number: 271)] Analyzing module ipsxb_mcdq_ui_axi_v1_2 (library work)
Parsing done.
Executing : .rtl_analyze -include_path {D:/ziguang/end1/ov5640/DDR_HDMI_Loop_Demo} D:/ziguang/end1/ov5640/DDR_HDMI_Loop_Demo/ipcore/DDR3_Inst/rtl/mcdq_ctrl/ipsxb_mcdq_ui_axi_v1_2.vp successfully.
Executing : .rtl_analyze -include_path {D:/ziguang/end1/ov5640/DDR_HDMI_Loop_Demo} D:/ziguang/end1/ov5640/DDR_HDMI_Loop_Demo/ipcore/DDR3_Inst/rtl/mcdq_ctrl/ipsxb_mcdq_wdatapath_v1_2.vp
I: Verilog-0001: Analyzing file D:/ziguang/end1/ov5640/DDR_HDMI_Loop_Demo/ipcore/DDR3_Inst/rtl/mcdq_ctrl/ipsxb_mcdq_wdatapath_v1_2.vp
I: Verilog-0002: [D:/ziguang/end1/ov5640/DDR_HDMI_Loop_Demo/ipcore/DDR3_Inst/rtl/mcdq_ctrl/ipsxb_mcdq_wdatapath_v1_2.vp(line number: 171)] Analyzing module ipsxb_mcdq_wdatapath_v1_2 (library work)
Parsing done.
Executing : .rtl_analyze -include_path {D:/ziguang/end1/ov5640/DDR_HDMI_Loop_Demo} D:/ziguang/end1/ov5640/DDR_HDMI_Loop_Demo/ipcore/DDR3_Inst/rtl/mcdq_ctrl/ipsxb_mcdq_wdatapath_v1_2.vp successfully.
Executing : .rtl_analyze -include_path {D:/ziguang/end1/ov5640/DDR_HDMI_Loop_Demo} D:/ziguang/end1/ov5640/DDR_HDMI_Loop_Demo/ipcore/DDR3_Inst/rtl/mcdq_ctrl/ipsxb_mcdq_wdp_align_v1_2.vp
I: Verilog-0001: Analyzing file D:/ziguang/end1/ov5640/DDR_HDMI_Loop_Demo/ipcore/DDR3_Inst/rtl/mcdq_ctrl/ipsxb_mcdq_wdp_align_v1_2.vp
I: Verilog-0002: [D:/ziguang/end1/ov5640/DDR_HDMI_Loop_Demo/ipcore/DDR3_Inst/rtl/mcdq_ctrl/ipsxb_mcdq_wdp_align_v1_2.vp(line number: 140)] Analyzing module ipsxb_mcdq_wdp_align_v1_2 (library work)
Parsing done.
Executing : .rtl_analyze -include_path {D:/ziguang/end1/ov5640/DDR_HDMI_Loop_Demo} D:/ziguang/end1/ov5640/DDR_HDMI_Loop_Demo/ipcore/DDR3_Inst/rtl/mcdq_ctrl/ipsxb_mcdq_wdp_align_v1_2.vp successfully.
Executing : .rtl_analyze -include_path {D:/ziguang/end1/ov5640/DDR_HDMI_Loop_Demo} D:/ziguang/end1/ov5640/DDR_HDMI_Loop_Demo/ipcore/DDR3_Inst/rtl/mcdq_ctrl/ipsxb_mcdq_wdp_dcp_v1_2.vp
I: Verilog-0001: Analyzing file D:/ziguang/end1/ov5640/DDR_HDMI_Loop_Demo/ipcore/DDR3_Inst/rtl/mcdq_ctrl/ipsxb_mcdq_wdp_dcp_v1_2.vp
I: Verilog-0002: [D:/ziguang/end1/ov5640/DDR_HDMI_Loop_Demo/ipcore/DDR3_Inst/rtl/mcdq_ctrl/ipsxb_mcdq_wdp_dcp_v1_2.vp(line number: 133)] Analyzing module ipsxb_mcdq_wdp_dcp_v1_2 (library work)
Parsing done.
Executing : .rtl_analyze -include_path {D:/ziguang/end1/ov5640/DDR_HDMI_Loop_Demo} D:/ziguang/end1/ov5640/DDR_HDMI_Loop_Demo/ipcore/DDR3_Inst/rtl/mcdq_ctrl/ipsxb_mcdq_wdp_dcp_v1_2.vp successfully.
Executing : .rtl_analyze -include_path {D:/ziguang/end1/ov5640/DDR_HDMI_Loop_Demo} D:/ziguang/end1/ov5640/DDR_HDMI_Loop_Demo/ipcore/DDR3_Inst/rtl/mcdq_ctrl/ipsxb_mcdq_wrapper_v1_2a.vp
I: Verilog-0001: Analyzing file D:/ziguang/end1/ov5640/DDR_HDMI_Loop_Demo/ipcore/DDR3_Inst/rtl/mcdq_ctrl/ipsxb_mcdq_wrapper_v1_2a.vp
I: Verilog-0002: [D:/ziguang/end1/ov5640/DDR_HDMI_Loop_Demo/ipcore/DDR3_Inst/rtl/mcdq_ctrl/ipsxb_mcdq_wrapper_v1_2a.vp(line number: 619)] Analyzing module ipsxb_mcdq_wrapper_v1_2a (library work)
Parsing done.
Executing : .rtl_analyze -include_path {D:/ziguang/end1/ov5640/DDR_HDMI_Loop_Demo} D:/ziguang/end1/ov5640/DDR_HDMI_Loop_Demo/ipcore/DDR3_Inst/rtl/mcdq_ctrl/ipsxb_mcdq_wrapper_v1_2a.vp successfully.
Executing : .rtl_analyze -include_path {D:/ziguang/end1/ov5640/DDR_HDMI_Loop_Demo} D:/ziguang/end1/ov5640/DDR_HDMI_Loop_Demo/ipcore/DDR3_Inst/rtl/mcdq_ctrl/syn_mod/ipsxb_mcdq_com_timing_v1_2.vp
I: Verilog-0001: Analyzing file D:/ziguang/end1/ov5640/DDR_HDMI_Loop_Demo/ipcore/DDR3_Inst/rtl/mcdq_ctrl/syn_mod/ipsxb_mcdq_com_timing_v1_2.vp
I: Verilog-0002: [D:/ziguang/end1/ov5640/DDR_HDMI_Loop_Demo/ipcore/DDR3_Inst/rtl/mcdq_ctrl/syn_mod/ipsxb_mcdq_com_timing_v1_2.vp(line number: 102)] Analyzing module ipsxb_mcdq_com_timing_v1_2 (library work)
Parsing done.
Executing : .rtl_analyze -include_path {D:/ziguang/end1/ov5640/DDR_HDMI_Loop_Demo} D:/ziguang/end1/ov5640/DDR_HDMI_Loop_Demo/ipcore/DDR3_Inst/rtl/mcdq_ctrl/syn_mod/ipsxb_mcdq_com_timing_v1_2.vp successfully.
Executing : .rtl_analyze -include_path {D:/ziguang/end1/ov5640/DDR_HDMI_Loop_Demo} D:/ziguang/end1/ov5640/DDR_HDMI_Loop_Demo/ipcore/DDR3_Inst/rtl/mcdq_ctrl/syn_mod/ipsxb_mcdq_tfaw_timing_v1_2.vp
I: Verilog-0001: Analyzing file D:/ziguang/end1/ov5640/DDR_HDMI_Loop_Demo/ipcore/DDR3_Inst/rtl/mcdq_ctrl/syn_mod/ipsxb_mcdq_tfaw_timing_v1_2.vp
I: Verilog-0002: [D:/ziguang/end1/ov5640/DDR_HDMI_Loop_Demo/ipcore/DDR3_Inst/rtl/mcdq_ctrl/syn_mod/ipsxb_mcdq_tfaw_timing_v1_2.vp(line number: 128)] Analyzing module ipsxb_mcdq_tfaw_timing_v1_2 (library work)
Parsing done.
Executing : .rtl_analyze -include_path {D:/ziguang/end1/ov5640/DDR_HDMI_Loop_Demo} D:/ziguang/end1/ov5640/DDR_HDMI_Loop_Demo/ipcore/DDR3_Inst/rtl/mcdq_ctrl/syn_mod/ipsxb_mcdq_tfaw_timing_v1_2.vp successfully.
Executing : .rtl_analyze -include_path {D:/ziguang/end1/ov5640/DDR_HDMI_Loop_Demo} D:/ziguang/end1/ov5640/DDR_HDMI_Loop_Demo/ipcore/DDR3_Inst/rtl/mcdq_ctrl/syn_mod/ipsxb_mcdq_tfaw_v1_2.vp
I: Verilog-0001: Analyzing file D:/ziguang/end1/ov5640/DDR_HDMI_Loop_Demo/ipcore/DDR3_Inst/rtl/mcdq_ctrl/syn_mod/ipsxb_mcdq_tfaw_v1_2.vp
I: Verilog-0002: [D:/ziguang/end1/ov5640/DDR_HDMI_Loop_Demo/ipcore/DDR3_Inst/rtl/mcdq_ctrl/syn_mod/ipsxb_mcdq_tfaw_v1_2.vp(line number: 68)] Analyzing module ipsxb_mcdq_tfaw_v1_2 (library work)
Parsing done.
Executing : .rtl_analyze -include_path {D:/ziguang/end1/ov5640/DDR_HDMI_Loop_Demo} D:/ziguang/end1/ov5640/DDR_HDMI_Loop_Demo/ipcore/DDR3_Inst/rtl/mcdq_ctrl/syn_mod/ipsxb_mcdq_tfaw_v1_2.vp successfully.
Executing : .rtl_analyze -include_path {D:/ziguang/end1/ov5640/DDR_HDMI_Loop_Demo} D:/ziguang/end1/ov5640/DDR_HDMI_Loop_Demo/ipcore/DDR3_Inst/rtl/mcdq_ctrl/syn_mod/ipsxb_mcdq_timing_act2wr_pass_v1_2.vp
I: Verilog-0001: Analyzing file D:/ziguang/end1/ov5640/DDR_HDMI_Loop_Demo/ipcore/DDR3_Inst/rtl/mcdq_ctrl/syn_mod/ipsxb_mcdq_timing_act2wr_pass_v1_2.vp
I: Verilog-0002: [D:/ziguang/end1/ov5640/DDR_HDMI_Loop_Demo/ipcore/DDR3_Inst/rtl/mcdq_ctrl/syn_mod/ipsxb_mcdq_timing_act2wr_pass_v1_2.vp(line number: 115)] Analyzing module ipsxb_mcdq_timing_act2wr_pass_v1_2 (library work)
Parsing done.
Executing : .rtl_analyze -include_path {D:/ziguang/end1/ov5640/DDR_HDMI_Loop_Demo} D:/ziguang/end1/ov5640/DDR_HDMI_Loop_Demo/ipcore/DDR3_Inst/rtl/mcdq_ctrl/syn_mod/ipsxb_mcdq_timing_act2wr_pass_v1_2.vp successfully.
Executing : .rtl_analyze -include_path {D:/ziguang/end1/ov5640/DDR_HDMI_Loop_Demo} D:/ziguang/end1/ov5640/DDR_HDMI_Loop_Demo/ipcore/DDR3_Inst/rtl/mcdq_ctrl/syn_mod/ipsxb_mcdq_timing_act_pass_v1_2.vp
I: Verilog-0001: Analyzing file D:/ziguang/end1/ov5640/DDR_HDMI_Loop_Demo/ipcore/DDR3_Inst/rtl/mcdq_ctrl/syn_mod/ipsxb_mcdq_timing_act_pass_v1_2.vp
I: Verilog-0002: [D:/ziguang/end1/ov5640/DDR_HDMI_Loop_Demo/ipcore/DDR3_Inst/rtl/mcdq_ctrl/syn_mod/ipsxb_mcdq_timing_act_pass_v1_2.vp(line number: 92)] Analyzing module ipsxb_mcdq_timing_act_pass_v1_2 (library work)
Parsing done.
Executing : .rtl_analyze -include_path {D:/ziguang/end1/ov5640/DDR_HDMI_Loop_Demo} D:/ziguang/end1/ov5640/DDR_HDMI_Loop_Demo/ipcore/DDR3_Inst/rtl/mcdq_ctrl/syn_mod/ipsxb_mcdq_timing_act_pass_v1_2.vp successfully.
Executing : .rtl_analyze -include_path {D:/ziguang/end1/ov5640/DDR_HDMI_Loop_Demo} D:/ziguang/end1/ov5640/DDR_HDMI_Loop_Demo/ipcore/DDR3_Inst/rtl/mcdq_ctrl/syn_mod/ipsxb_mcdq_timing_pre_pass_v1_2.vp
I: Verilog-0001: Analyzing file D:/ziguang/end1/ov5640/DDR_HDMI_Loop_Demo/ipcore/DDR3_Inst/rtl/mcdq_ctrl/syn_mod/ipsxb_mcdq_timing_pre_pass_v1_2.vp
I: Verilog-0002: [D:/ziguang/end1/ov5640/DDR_HDMI_Loop_Demo/ipcore/DDR3_Inst/rtl/mcdq_ctrl/syn_mod/ipsxb_mcdq_timing_pre_pass_v1_2.vp(line number: 148)] Analyzing module ipsxb_mcdq_timing_pre_pass_v1_2 (library work)
Parsing done.
Executing : .rtl_analyze -include_path {D:/ziguang/end1/ov5640/DDR_HDMI_Loop_Demo} D:/ziguang/end1/ov5640/DDR_HDMI_Loop_Demo/ipcore/DDR3_Inst/rtl/mcdq_ctrl/syn_mod/ipsxb_mcdq_timing_pre_pass_v1_2.vp successfully.
Executing : .rtl_analyze -include_path {D:/ziguang/end1/ov5640/DDR_HDMI_Loop_Demo} D:/ziguang/end1/ov5640/DDR_HDMI_Loop_Demo/ipcore/DDR3_Inst/rtl/mcdq_ctrl/syn_mod/ipsxb_mcdq_timing_rd_pass_v1_2.vp
I: Verilog-0001: Analyzing file D:/ziguang/end1/ov5640/DDR_HDMI_Loop_Demo/ipcore/DDR3_Inst/rtl/mcdq_ctrl/syn_mod/ipsxb_mcdq_timing_rd_pass_v1_2.vp
I: Verilog-0002: [D:/ziguang/end1/ov5640/DDR_HDMI_Loop_Demo/ipcore/DDR3_Inst/rtl/mcdq_ctrl/syn_mod/ipsxb_mcdq_timing_rd_pass_v1_2.vp(line number: 128)] Analyzing module ipsxb_mcdq_timing_rd_pass_v1_2 (library work)
Parsing done.
Executing : .rtl_analyze -include_path {D:/ziguang/end1/ov5640/DDR_HDMI_Loop_Demo} D:/ziguang/end1/ov5640/DDR_HDMI_Loop_Demo/ipcore/DDR3_Inst/rtl/mcdq_ctrl/syn_mod/ipsxb_mcdq_timing_rd_pass_v1_2.vp successfully.
Executing : .rtl_analyze -include_path {D:/ziguang/end1/ov5640/DDR_HDMI_Loop_Demo} D:/ziguang/end1/ov5640/DDR_HDMI_Loop_Demo/ipcore/DDR3_Inst/rtl/mcdq_ctrl/syn_mod/ipsxb_mcdq_timing_ref_pass_v1_2.vp
I: Verilog-0001: Analyzing file D:/ziguang/end1/ov5640/DDR_HDMI_Loop_Demo/ipcore/DDR3_Inst/rtl/mcdq_ctrl/syn_mod/ipsxb_mcdq_timing_ref_pass_v1_2.vp
I: Verilog-0002: [D:/ziguang/end1/ov5640/DDR_HDMI_Loop_Demo/ipcore/DDR3_Inst/rtl/mcdq_ctrl/syn_mod/ipsxb_mcdq_timing_ref_pass_v1_2.vp(line number: 90)] Analyzing module ipsxb_mcdq_timing_ref_pass_v1_2 (library work)
Parsing done.
Executing : .rtl_analyze -include_path {D:/ziguang/end1/ov5640/DDR_HDMI_Loop_Demo} D:/ziguang/end1/ov5640/DDR_HDMI_Loop_Demo/ipcore/DDR3_Inst/rtl/mcdq_ctrl/syn_mod/ipsxb_mcdq_timing_ref_pass_v1_2.vp successfully.
Executing : .rtl_analyze -include_path {D:/ziguang/end1/ov5640/DDR_HDMI_Loop_Demo} D:/ziguang/end1/ov5640/DDR_HDMI_Loop_Demo/ipcore/DDR3_Inst/rtl/mcdq_ctrl/syn_mod/ipsxb_mcdq_timing_wr_pass_v1_2.vp
I: Verilog-0001: Analyzing file D:/ziguang/end1/ov5640/DDR_HDMI_Loop_Demo/ipcore/DDR3_Inst/rtl/mcdq_ctrl/syn_mod/ipsxb_mcdq_timing_wr_pass_v1_2.vp
I: Verilog-0002: [D:/ziguang/end1/ov5640/DDR_HDMI_Loop_Demo/ipcore/DDR3_Inst/rtl/mcdq_ctrl/syn_mod/ipsxb_mcdq_timing_wr_pass_v1_2.vp(line number: 127)] Analyzing module ipsxb_mcdq_timing_wr_pass_v1_2 (library work)
Parsing done.
Executing : .rtl_analyze -include_path {D:/ziguang/end1/ov5640/DDR_HDMI_Loop_Demo} D:/ziguang/end1/ov5640/DDR_HDMI_Loop_Demo/ipcore/DDR3_Inst/rtl/mcdq_ctrl/syn_mod/ipsxb_mcdq_timing_wr_pass_v1_2.vp successfully.
Executing : .rtl_analyze -include_path {D:/ziguang/end1/ov5640/DDR_HDMI_Loop_Demo} D:/ziguang/end1/ov5640/DDR_HDMI_Loop_Demo/ipcore/DDR3_Inst/rtl/mcdq_ctrl/syn_mod/ipsxb_mcdq_trc_timing_v1_2.vp
I: Verilog-0001: Analyzing file D:/ziguang/end1/ov5640/DDR_HDMI_Loop_Demo/ipcore/DDR3_Inst/rtl/mcdq_ctrl/syn_mod/ipsxb_mcdq_trc_timing_v1_2.vp
I: Verilog-0002: [D:/ziguang/end1/ov5640/DDR_HDMI_Loop_Demo/ipcore/DDR3_Inst/rtl/mcdq_ctrl/syn_mod/ipsxb_mcdq_trc_timing_v1_2.vp(line number: 149)] Analyzing module ipsxb_mcdq_trc_timing_v1_2 (library work)
Parsing done.
Executing : .rtl_analyze -include_path {D:/ziguang/end1/ov5640/DDR_HDMI_Loop_Demo} D:/ziguang/end1/ov5640/DDR_HDMI_Loop_Demo/ipcore/DDR3_Inst/rtl/mcdq_ctrl/syn_mod/ipsxb_mcdq_trc_timing_v1_2.vp successfully.
Executing : .rtl_analyze -include_path {D:/ziguang/end1/ov5640/DDR_HDMI_Loop_Demo} D:/ziguang/end1/ov5640/DDR_HDMI_Loop_Demo/ipcore/DDR3_Inst/rtl/mcdq_ctrl/distributed_fifo/ipsxb_distributed_fifo_v1_0.v
I: Verilog-0001: Analyzing file D:/ziguang/end1/ov5640/DDR_HDMI_Loop_Demo/ipcore/DDR3_Inst/rtl/mcdq_ctrl/distributed_fifo/ipsxb_distributed_fifo_v1_0.v
I: Verilog-0002: [D:/ziguang/end1/ov5640/DDR_HDMI_Loop_Demo/ipcore/DDR3_Inst/rtl/mcdq_ctrl/distributed_fifo/ipsxb_distributed_fifo_v1_0.v(line number: 20)] Analyzing module ipsxb_distributed_fifo_v1_0 (library work)
Parsing done.
Executing : .rtl_analyze -include_path {D:/ziguang/end1/ov5640/DDR_HDMI_Loop_Demo} D:/ziguang/end1/ov5640/DDR_HDMI_Loop_Demo/ipcore/DDR3_Inst/rtl/mcdq_ctrl/distributed_fifo/ipsxb_distributed_fifo_v1_0.v successfully.
Executing : .rtl_analyze -include_path {D:/ziguang/end1/ov5640/DDR_HDMI_Loop_Demo} D:/ziguang/end1/ov5640/DDR_HDMI_Loop_Demo/ipcore/DDR3_Inst/rtl/mcdq_ctrl/distributed_fifo/rtl/ipsxb_distributed_fifo_ctr_v1_0.v
I: Verilog-0001: Analyzing file D:/ziguang/end1/ov5640/DDR_HDMI_Loop_Demo/ipcore/DDR3_Inst/rtl/mcdq_ctrl/distributed_fifo/rtl/ipsxb_distributed_fifo_ctr_v1_0.v
I: Verilog-0002: [D:/ziguang/end1/ov5640/DDR_HDMI_Loop_Demo/ipcore/DDR3_Inst/rtl/mcdq_ctrl/distributed_fifo/rtl/ipsxb_distributed_fifo_ctr_v1_0.v(line number: 18)] Analyzing module ipsxb_distributed_fifo_ctr_v1_0 (library work)
Parsing done.
Executing : .rtl_analyze -include_path {D:/ziguang/end1/ov5640/DDR_HDMI_Loop_Demo} D:/ziguang/end1/ov5640/DDR_HDMI_Loop_Demo/ipcore/DDR3_Inst/rtl/mcdq_ctrl/distributed_fifo/rtl/ipsxb_distributed_fifo_ctr_v1_0.v successfully.
Executing : .rtl_analyze -include_path {D:/ziguang/end1/ov5640/DDR_HDMI_Loop_Demo} D:/ziguang/end1/ov5640/DDR_HDMI_Loop_Demo/ipcore/DDR3_Inst/rtl/mcdq_ctrl/distributed_fifo/rtl/ipsxb_distributed_fifo_v1_0_distributed_fifo_v1_0.v
I: Verilog-0001: Analyzing file D:/ziguang/end1/ov5640/DDR_HDMI_Loop_Demo/ipcore/DDR3_Inst/rtl/mcdq_ctrl/distributed_fifo/rtl/ipsxb_distributed_fifo_v1_0_distributed_fifo_v1_0.v
I: Verilog-0002: [D:/ziguang/end1/ov5640/DDR_HDMI_Loop_Demo/ipcore/DDR3_Inst/rtl/mcdq_ctrl/distributed_fifo/rtl/ipsxb_distributed_fifo_v1_0_distributed_fifo_v1_0.v(line number: 21)] Analyzing module ipsxb_distributed_fifo_v1_0_distributed_fifo_v1_0 (library work)
Parsing done.
Executing : .rtl_analyze -include_path {D:/ziguang/end1/ov5640/DDR_HDMI_Loop_Demo} D:/ziguang/end1/ov5640/DDR_HDMI_Loop_Demo/ipcore/DDR3_Inst/rtl/mcdq_ctrl/distributed_fifo/rtl/ipsxb_distributed_fifo_v1_0_distributed_fifo_v1_0.v successfully.
Executing : .rtl_analyze -include_path {D:/ziguang/end1/ov5640/DDR_HDMI_Loop_Demo} D:/ziguang/end1/ov5640/DDR_HDMI_Loop_Demo/ipcore/DDR3_Inst/rtl/mcdq_ctrl/distributed_fifo/rtl/ipsxb_distributed_sdpram_v1_0_distributed_fifo_v1_0.v
I: Verilog-0001: Analyzing file D:/ziguang/end1/ov5640/DDR_HDMI_Loop_Demo/ipcore/DDR3_Inst/rtl/mcdq_ctrl/distributed_fifo/rtl/ipsxb_distributed_sdpram_v1_0_distributed_fifo_v1_0.v
I: Verilog-0002: [D:/ziguang/end1/ov5640/DDR_HDMI_Loop_Demo/ipcore/DDR3_Inst/rtl/mcdq_ctrl/distributed_fifo/rtl/ipsxb_distributed_sdpram_v1_0_distributed_fifo_v1_0.v(line number: 22)] Analyzing module ipsxb_distributed_sdpram_v1_0_distributed_fifo_v1_0 (library work)
I: [D:/ziguang/end1/ov5640/DDR_HDMI_Loop_Demo/ipcore/DDR3_Inst/rtl/mcdq_ctrl/distributed_fifo/rtl/ipsxb_distributed_sdpram_v1_0_distributed_fifo_v1_0.v(line number: 31)] Convert attribute name from syn_ramstyle to PAP_RAM_STYLE
Parsing done.
Executing : .rtl_analyze -include_path {D:/ziguang/end1/ov5640/DDR_HDMI_Loop_Demo} D:/ziguang/end1/ov5640/DDR_HDMI_Loop_Demo/ipcore/DDR3_Inst/rtl/mcdq_ctrl/distributed_fifo/rtl/ipsxb_distributed_sdpram_v1_0_distributed_fifo_v1_0.v successfully.
Executing : .rtl_analyze -include_path {D:/ziguang/end1/ov5640/DDR_HDMI_Loop_Demo} D:/ziguang/end1/ov5640/DDR_HDMI_Loop_Demo/ipcore/Config_HDMI/Config_HDMI.v
I: Verilog-0001: Analyzing file D:/ziguang/end1/ov5640/DDR_HDMI_Loop_Demo/ipcore/Config_HDMI/Config_HDMI.v
I: Verilog-0002: [D:/ziguang/end1/ov5640/DDR_HDMI_Loop_Demo/ipcore/Config_HDMI/Config_HDMI.v(line number: 18)] Analyzing module Config_HDMI (library work)
Parsing done.
Executing : .rtl_analyze -include_path {D:/ziguang/end1/ov5640/DDR_HDMI_Loop_Demo} D:/ziguang/end1/ov5640/DDR_HDMI_Loop_Demo/ipcore/Config_HDMI/Config_HDMI.v successfully.
I: Module "DDR_HDMI_Loop_Demo" is set as top module.
Executing : rtl-analyze successfully. Time elapsed: 3.546s wall, 0.469s user + 0.031s system = 0.500s CPU (14.1%)

Start rtl-elaborate.
I: Verilog-0003: [D:/ziguang/end1/ov5640/DDR_HDMI_Loop_Demo/source/DDR_HDMI_Loop_Demo.v(line number: 3)] Elaborating module DDR_HDMI_Loop_Demo
I: Module instance {DDR_HDMI_Loop_Demo} parameter value:
    MEM_ROW_ADDR_WIDTH = 32'b00000000000000000000000000001111
    MEM_COL_ADDR_WIDTH = 32'b00000000000000000000000000001010
    MEM_BADDR_WIDTH = 32'b00000000000000000000000000000011
    MEM_DQ_WIDTH = 32'b00000000000000000000000000010000
    MEM_DM_WIDTH = 32'b00000000000000000000000000000010
    MEM_DQS_WIDTH = 32'b00000000000000000000000000000010
    CTRL_ADDR_WIDTH = 32'b00000000000000000000000000011100
    BURST_LENGTH = 32'b00000000000000000000000000001000
    BURST_NUM = 32'b00000000000000000000000000001111
    BURST_WIDTH = 32'b00000000000000000000000000000100
    DEVICE_NUM = 32'b00000000000000000000000000000100
I: Verilog-0004: [D:/ziguang/end1/ov5640/DDR_HDMI_Loop_Demo/source/DDR_HDMI_Loop_Demo.v(line number: 179)] Elaborating instance MST7200_BUFG0
I: Verilog-0004: [D:/ziguang/end1/ov5640/DDR_HDMI_Loop_Demo/source/DDR_HDMI_Loop_Demo.v(line number: 180)] Elaborating instance MST7201_BUFG0
I: Verilog-0004: [D:/ziguang/end1/ov5640/DDR_HDMI_Loop_Demo/source/DDR_HDMI_Loop_Demo.v(line number: 181)] Elaborating instance AXI4_BUFG0
I: Verilog-0004: [D:/ziguang/end1/ov5640/DDR_HDMI_Loop_Demo/source/DDR_HDMI_Loop_Demo.v(line number: 188)] Elaborating instance Image_Process_Interface_Inst
I: Verilog-0003: [D:/ziguang/end1/ov5640/DDR_HDMI_Loop_Demo/source/Image_Process_Interface.v(line number: 4)] Elaborating module Image_Process_Interface
I: Module instance {DDR_HDMI_Loop_Demo/Image_Process_Interface_Inst} parameter value:
    MEM_DQ_WIDTH = 32'b00000000000000000000000000010000
    CTRL_ADDR_WIDTH = 32'b00000000000000000000000000011100
    BURST_LENGTH = 32'b00000000000000000000000000001000
    DEVICE_NUM = 32'b00000000000000000000000000000100
I: Verilog-0004: [D:/ziguang/end1/ov5640/DDR_HDMI_Loop_Demo/source/Image_Process_Interface.v(line number: 167)] Elaborating instance Image_Preprocess_Interface_1
I: Verilog-0003: [D:/ziguang/end1/ov5640/DDR_HDMI_Loop_Demo/source/source/Image_Preprocess_Interface.v(line number: 4)] Elaborating module Image_Preprocess_Interface
I: Verilog-0004: [D:/ziguang/end1/ov5640/DDR_HDMI_Loop_Demo/source/source/Image_Preprocess_Interface.v(line number: 33)] Elaborating instance Video_Analyze_Interface_Inst
I: Verilog-0003: [D:/ziguang/end1/ov5640/DDR_HDMI_Loop_Demo/source/source/Video_Analyze_Interface.v(line number: 17)] Elaborating module Video_Analyze_Interface
I: Verilog-0004: [D:/ziguang/end1/ov5640/DDR_HDMI_Loop_Demo/source/Image_Process_Interface.v(line number: 195)] Elaborating instance Image_Preprocess_Interface_2
I: Verilog-0003: [D:/ziguang/end1/ov5640/DDR_HDMI_Loop_Demo/source/source/Image_Preprocess_Interface.v(line number: 4)] Elaborating module Image_Preprocess_Interface
I: Verilog-0004: [D:/ziguang/end1/ov5640/DDR_HDMI_Loop_Demo/source/Image_Process_Interface.v(line number: 255)] Elaborating instance Frame_WR_Interface_Inst0
I: Verilog-0003: [D:/ziguang/end1/ov5640/DDR_HDMI_Loop_Demo/source/source/Frame_WR_Interface1.v(line number: 4)] Elaborating module Frame_WR_Interface1
I: Module instance {DDR_HDMI_Loop_Demo/Image_Process_Interface_Inst/Frame_WR_Interface_Inst0} parameter value:
    MEM_DQ_WIDTH = 32'b00000000000000000000000000010000
    CTRL_ADDR_WIDTH = 32'b00000000000000000000000000011100
    BURST_LENGTH = 32'b00000000000000000000000000001000
    START_ADDRESS = 28'b0000000000000000000000000000
    ROW_NUM = 32'b00000000000000000000011110000000
    IMAGE_RESIZE_ROW = 32'b00000000000000000000000000000001
    IMAGE_RESIZE_COL = 32'b00000000000000000000000000000001
E: Verilog-4088: [D:/ziguang/end1/ov5640/DDR_HDMI_Loop_Demo/source/source/Frame_WR_Interface1.v(line number: 92)] Index 1 of video_vsync_buff is out of range
Program Error Out.
Action compile: Real time elapsed is 0h:0m:7s
Action compile: CPU time elapsed is 0h:0m:2s
Action compile: Process CPU time elapsed is 0h:0m:2s
Current time: Fri Jul  7 17:37:19 2023
Action compile: Peak memory pool usage is 137 MB
