#Build: Fabric Compiler 2022.2, Build 117120, Feb 17 13:07 2023
#Install: D:\pango\PDS_2022.2-win64\PDS_2022.2\bin
#Application name: pds_shell.exe
#OS: Windows 10 10.0.19045
#Hostname: LAPTOP-T5E8LJ6S
Generated by Fabric Compiler (version 2022.2 build 117120) at Tue Jun  6 10:43:13 2023
Executing command action 'cmd_report_power'
Compiling verification operator library.
Compiling common defs.
Compiling prim grid devices.
Compiling gate devices.
Compiling gate operators.
Building architecture model.
Loading device packaging model.
I: The power model of the device is Production
Reading design from pnr DB.
Start: Report Power
Report Power...
Report Power successfully.
Action report_power: Real time elapsed is 0h:0m:15s
Action report_power: CPU time elapsed is 0h:0m:13s
Action report_power: Process CPU time elapsed is 0h:0m:13s
Current time: Tue Jun  6 10:43:26 2023
Action report_power: Peak memory pool usage is 621 MB
