#Build: Fabric Configuration 2022.2, Build 117120, Feb 17 13:07 2023
#Install: D:\PDS_2022.2\bin
#Application name: cdt_cfg.exe
#OS: Windows 10 10.0.19045
#Hostname: LAPTOP-2ELM0Q8K
Generated by Fabric Configuration (version 2022.2 build 117120) at Fri Jul  7 19:42:10 2023
M_PROCESS_FINISH_STARTED

Connecting to server[127.0.0.1 : 65420].
Connect to server[127.0.0.1 : 65420] successfully.
COMMAND[check version information] execute successfully, takes 0.3 secs.
The cable List : 
Cable index 0:USB Cable II/fffffffffffffffe 

COMMAND[get_cable_paras] execute successfully, takes 1.0 secs.
PANGO USB CABLE II cable driver: D2XX DLL
PGL50H
This device configure situation (done bit): 1
COMMAND[Open config cable] execute successfully, takes 3.6 secs.
The done bit is 1
COMMAND[Program] execute successfully, takes 2.2 secs.
The done bit is 1
COMMAND[Program] execute successfully, takes 2.2 secs.
The done bit is 1
COMMAND[Program] execute successfully, takes 2.2 secs.
