[Debug] [2023-7-1 22:13:36] /*************************** 2023-07-01 22:13:36  Start ***************************/
[Debug] [2023-7-1 22:13:36] Path: D:/pango/PDS_2022.2-win64/PDS_2022.2/bin
[Debug] [2023-7-1 22:13:36] #Generated by Fabric Debugger (version 2022.2 build 117120) at Sat Jul  1 22:13:36 2023


[Info] [2023-7-1 22:13:36] MsgOut: Fabric Debugger Started.
[Debug] [2023-7-1 22:13:37] Main window show.
[Debug] [2023-7-1 22:13:46] Operation: Scan.
[Debug] [2023-7-1 22:13:46] Client Local host name:LAPTOP-T5E8LJ6S
[Debug] [2023-7-1 22:13:46] Client Local Address:192.168.137.1
[Debug] [2023-7-1 22:13:46] Client Local Address:192.168.136.1
[Debug] [2023-7-1 22:13:46] Client Local Address:192.168.76.1
[Debug] [2023-7-1 22:13:46] Client Local Address:192.168.43.189
[Debug] [2023-7-1 22:13:46] Server Address:127.0.0.1, Port:65420
[Info] [2023-7-1 22:13:46] MsgOut: Connecting to server[127.0.0.1 : 65420].
[Info] [2023-7-1 22:13:46] Connect OK, Server: 127.0.0.1  Port: 65420
[Info] [2023-7-1 22:13:46] MsgOut: Connect to server[127.0.0.1 : 65420] successfully.
[Debug] [2023-7-1 22:13:46] Finish.
[Debug] [2023-7-1 22:13:46] Log::Print : check version information
[Debug] [2023-7-1 22:13:46] Send RPC: 1.
[Debug] [2023-7-1 22:13:46] Send cmd [check version information:40004] OK
[Debug] [2023-7-1 22:13:47] Log::Print : get_cable_paras
[Debug] [2023-7-1 22:13:47] Send RPC: 2.
[Debug] [2023-7-1 22:13:47] Send cmd [get_cable_paras:40010] OK
[Debug] [2023-7-1 22:13:47] Log::Print : open_cable
[Debug] [2023-7-1 22:13:47] Send RPC: 3.
[Debug] [2023-7-1 22:13:47] Send cmd [open_cable:10001] OK
[Info] [2023-7-1 22:13:47] MsgOut: COMMAND[check version information] execute successfully, takes 0.5 secs.
[Debug] [2023-7-1 22:13:47] COMMAND[check version information] execute successfully, takes 0.5 secs.
[Info] [2023-7-1 22:13:48] MsgOut: The Cable List : 
Cable index 0:USB Cable II/fffffffffffffffe 

[Info] [2023-7-1 22:13:48] MsgOut: COMMAND[get_cable_paras] execute successfully, takes 1.3 secs.
[Debug] [2023-7-1 22:13:48] COMMAND[get_cable_paras] execute successfully, takes 1.3 secs.
[Info] [2023-7-1 22:13:49] MsgOut: PANGO USB CABLE II cable driver: D2XX DLL
[Info] [2023-7-1 22:13:55] MsgOut: COMMAND[open_cable] execute successfully, takes 8.7 secs.
[Debug] [2023-7-1 22:13:55] COMMAND[open_cable] execute successfully, takes 8.7 secs.
[Debug] [2023-7-1 22:14:36] Operation: Program.
[Debug] [2023-7-1 22:14:36] Log::Print : configure
[Debug] [2023-7-1 22:14:36] Send RPC: 4.
[Debug] [2023-7-1 22:14:36] Send cmd [configure:10002] OK
[Debug] [2023-7-1 22:14:36] The value is 6.
[Debug] [2023-7-1 22:14:36] The value is 10.
[Debug] [2023-7-1 22:14:36] The value is 15.
[Debug] [2023-7-1 22:14:36] The value is 20.
[Debug] [2023-7-1 22:14:36] The value is 25.
[Debug] [2023-7-1 22:14:36] The value is 30.
[Debug] [2023-7-1 22:14:37] The value is 35.
[Debug] [2023-7-1 22:14:37] The value is 40.
[Debug] [2023-7-1 22:14:37] The value is 45.
[Debug] [2023-7-1 22:14:37] The value is 50.
[Debug] [2023-7-1 22:14:37] The value is 55.
[Debug] [2023-7-1 22:14:37] The value is 60.
[Debug] [2023-7-1 22:14:37] The value is 65.
[Debug] [2023-7-1 22:14:37] The value is 70.
[Debug] [2023-7-1 22:14:37] The value is 75.
[Debug] [2023-7-1 22:14:37] The value is 80.
[Debug] [2023-7-1 22:14:37] The value is 85.
[Debug] [2023-7-1 22:14:38] The value is 90.
[Debug] [2023-7-1 22:14:38] The value is 95.
[Debug] [2023-7-1 22:14:38] The value is 100.
[Info] [2023-7-1 22:14:39] MsgOut: COMMAND[configure] execute successfully, takes 3.2 secs.
[Debug] [2023-7-1 22:14:39] COMMAND[configure] execute successfully, takes 3.2 secs.
[Debug] [2023-7-1 22:14:39] Log::Print : Import Core: 0 OK
[Debug] [2023-7-1 22:14:55] Operation: Trigger.
[Debug] [2023-7-1 22:14:55] Log::Print : run
[Debug] [2023-7-1 22:14:55] Send RPC: 5.
[Debug] [2023-7-1 22:14:55] Send cmd [run:10003] OK
[Info] [2023-7-1 22:14:56] MsgOut: Core 0 trigger successful at Sat Jul  1 22:14:56 2023
[Debug] [2023-7-1 22:14:56] Operation: ZoomFit
[Debug] [2023-7-1 22:14:56] Finish.
[Info] [2023-7-1 22:14:56] MsgOut: COMMAND[run] execute successfully, takes 0.6 secs.
[Debug] [2023-7-1 22:14:56] COMMAND[run] execute successfully, takes 0.6 secs.
[Debug] [2023-7-1 22:15:10] Operation: ZoomOut
[Debug] [2023-7-1 22:15:10] Finish.
[Debug] [2023-7-1 22:15:10] Operation: ZoomOut
[Debug] [2023-7-1 22:15:10] Finish.
[Debug] [2023-7-1 22:15:10] Operation: ZoomOut
[Debug] [2023-7-1 22:15:10] Finish.
[Debug] [2023-7-1 22:15:10] Operation: ZoomOut
[Debug] [2023-7-1 22:15:10] Finish.
[Debug] [2023-7-1 22:15:10] Operation: ZoomOut
[Debug] [2023-7-1 22:15:10] Finish.
[Debug] [2023-7-1 22:15:10] Operation: ZoomOut
[Debug] [2023-7-1 22:15:10] Finish.
[Debug] [2023-7-1 22:15:11] Operation: ZoomOut
[Debug] [2023-7-1 22:15:11] Operation: ZoomOut
[Debug] [2023-7-1 22:15:14] Operation: Trigger.
[Debug] [2023-7-1 22:15:14] Log::Print : run
[Debug] [2023-7-1 22:15:14] Send RPC: 6.
[Debug] [2023-7-1 22:15:14] Send cmd [run:10003] OK
[Info] [2023-7-1 22:15:15] MsgOut: Core 0 trigger successful at Sat Jul  1 22:15:15 2023
[Debug] [2023-7-1 22:15:15] Operation: ZoomFit
[Debug] [2023-7-1 22:15:15] Finish.
[Info] [2023-7-1 22:15:15] MsgOut: COMMAND[run] execute successfully, takes 0.5 secs.
[Debug] [2023-7-1 22:15:15] COMMAND[run] execute successfully, takes 0.5 secs.
[Debug] [2023-7-1 22:15:22] Operation: Trigger.
[Debug] [2023-7-1 22:15:22] Log::Print : run
[Debug] [2023-7-1 22:15:22] Send RPC: 7.
[Debug] [2023-7-1 22:15:22] Send cmd [run:10003] OK
[Info] [2023-7-1 22:15:22] MsgOut: Core 0 trigger successful at Sat Jul  1 22:15:22 2023
[Debug] [2023-7-1 22:15:22] Operation: ZoomFit
[Debug] [2023-7-1 22:15:22] Finish.
[Info] [2023-7-1 22:15:22] MsgOut: COMMAND[run] execute successfully, takes 0.5 secs.
[Debug] [2023-7-1 22:15:22] COMMAND[run] execute successfully, takes 0.5 secs.
[Debug] [2023-7-1 22:15:23] Operation: Trigger.
[Debug] [2023-7-1 22:15:23] Log::Print : run
[Debug] [2023-7-1 22:15:23] Send RPC: 8.
[Debug] [2023-7-1 22:15:23] Send cmd [run:10003] OK
[Info] [2023-7-1 22:15:23] MsgOut: Core 0 trigger successful at Sat Jul  1 22:15:23 2023
[Debug] [2023-7-1 22:15:23] Operation: ZoomFit
[Debug] [2023-7-1 22:15:23] Finish.
[Info] [2023-7-1 22:15:23] MsgOut: COMMAND[run] execute successfully, takes 0.5 secs.
[Debug] [2023-7-1 22:15:23] COMMAND[run] execute successfully, takes 0.5 secs.
[Debug] [2023-7-1 22:15:29] Operation: Go to next Trigger.
[Debug] [2023-7-1 22:15:29] Finish.
[Debug] [2023-7-1 22:15:33] Operation: Go to next Trigger.
[Debug] [2023-7-1 22:15:33] Finish.
[Debug] [2023-7-1 22:15:37] Operation: Move next.
[Debug] [2023-7-1 22:15:37] Finish.
[Debug] [2023-7-1 22:15:41] Operation: Trigger.
[Debug] [2023-7-1 22:15:41] Log::Print : run
[Debug] [2023-7-1 22:15:41] Send RPC: 9.
[Debug] [2023-7-1 22:15:41] Send cmd [run:10003] OK
[Info] [2023-7-1 22:15:42] MsgOut: Core 0 trigger successful at Sat Jul  1 22:15:42 2023
[Debug] [2023-7-1 22:15:42] Operation: ZoomFit
[Debug] [2023-7-1 22:15:42] Finish.
[Info] [2023-7-1 22:15:42] MsgOut: COMMAND[run] execute successfully, takes 0.6 secs.
[Debug] [2023-7-1 22:15:42] COMMAND[run] execute successfully, takes 0.6 secs.
[Debug] [2023-7-1 22:15:45] Operation: Trigger.
[Debug] [2023-7-1 22:15:45] Log::Print : run
[Debug] [2023-7-1 22:15:45] Send RPC: 10.
[Debug] [2023-7-1 22:15:45] Send cmd [run:10003] OK
[Info] [2023-7-1 22:15:46] MsgOut: Core 0 trigger successful at Sat Jul  1 22:15:46 2023
[Debug] [2023-7-1 22:15:46] Operation: ZoomFit
[Debug] [2023-7-1 22:15:46] Finish.
[Info] [2023-7-1 22:15:46] MsgOut: COMMAND[run] execute successfully, takes 0.6 secs.
[Debug] [2023-7-1 22:15:46] COMMAND[run] execute successfully, takes 0.6 secs.
[Debug] [2023-7-1 22:15:52] Operation: Go to X cursor.
[Debug] [2023-7-1 22:15:52] Finish.
[Debug] [2023-7-1 22:16:08] Operation: Trigger.
[Debug] [2023-7-1 22:16:08] Log::Print : run
[Debug] [2023-7-1 22:16:08] Send RPC: 11.
[Debug] [2023-7-1 22:16:08] Send cmd [run:10003] OK
[Info] [2023-7-1 22:16:09] MsgOut: Core 0 trigger successful at Sat Jul  1 22:16:09 2023
[Debug] [2023-7-1 22:16:09] Operation: ZoomFit
[Debug] [2023-7-1 22:16:09] Finish.
[Info] [2023-7-1 22:16:09] MsgOut: COMMAND[run] execute successfully, takes 0.5 secs.
[Debug] [2023-7-1 22:16:09] COMMAND[run] execute successfully, takes 0.5 secs.
[Debug] [2023-7-1 22:16:10] Operation: Trigger.
[Debug] [2023-7-1 22:16:10] Log::Print : run
[Debug] [2023-7-1 22:16:10] Send RPC: 12.
[Debug] [2023-7-1 22:16:10] Send cmd [run:10003] OK
[Info] [2023-7-1 22:16:10] MsgOut: Core 0 trigger successful at Sat Jul  1 22:16:10 2023
[Debug] [2023-7-1 22:16:11] Operation: ZoomFit
[Debug] [2023-7-1 22:16:11] Finish.
[Info] [2023-7-1 22:16:11] MsgOut: COMMAND[run] execute successfully, takes 0.6 secs.
[Debug] [2023-7-1 22:16:11] COMMAND[run] execute successfully, takes 0.6 secs.
[Debug] [2023-7-1 22:16:11] Operation: Trigger.
[Debug] [2023-7-1 22:16:11] Log::Print : run
[Debug] [2023-7-1 22:16:11] Send RPC: 13.
[Debug] [2023-7-1 22:16:11] Send cmd [run:10003] OK
[Info] [2023-7-1 22:16:12] MsgOut: Core 0 trigger successful at Sat Jul  1 22:16:12 2023
[Debug] [2023-7-1 22:16:12] Operation: ZoomFit
[Debug] [2023-7-1 22:16:12] Finish.
[Info] [2023-7-1 22:16:12] MsgOut: COMMAND[run] execute successfully, takes 0.5 secs.
[Debug] [2023-7-1 22:16:12] COMMAND[run] execute successfully, takes 0.5 secs.
[Debug] [2023-7-1 22:16:28] Operation: Trigger.
[Debug] [2023-7-1 22:16:28] Log::Print : run
[Debug] [2023-7-1 22:16:28] Send RPC: 14.
[Debug] [2023-7-1 22:16:28] Send cmd [run:10003] OK
[Info] [2023-7-1 22:16:28] MsgOut: Core 0 trigger successful at Sat Jul  1 22:16:28 2023
[Debug] [2023-7-1 22:16:28] Operation: ZoomFit
[Debug] [2023-7-1 22:16:28] Finish.
[Info] [2023-7-1 22:16:28] MsgOut: COMMAND[run] execute successfully, takes 0.5 secs.
[Debug] [2023-7-1 22:16:28] COMMAND[run] execute successfully, takes 0.5 secs.
[Debug] [2023-7-1 22:16:36] Operation: Trigger.
[Debug] [2023-7-1 22:16:36] Log::Print : run
[Debug] [2023-7-1 22:16:36] Send RPC: 15.
[Debug] [2023-7-1 22:16:36] Send cmd [run:10003] OK
[Info] [2023-7-1 22:16:37] MsgOut: Core 0 trigger successful at Sat Jul  1 22:16:37 2023
[Debug] [2023-7-1 22:16:37] Operation: ZoomFit
[Debug] [2023-7-1 22:16:37] Finish.
[Info] [2023-7-1 22:16:37] MsgOut: COMMAND[run] execute successfully, takes 0.6 secs.
[Debug] [2023-7-1 22:16:37] COMMAND[run] execute successfully, takes 0.6 secs.
[Debug] [2023-7-1 22:16:38] Operation: Trigger.
[Debug] [2023-7-1 22:16:38] Log::Print : run
[Debug] [2023-7-1 22:16:38] Send RPC: 16.
[Debug] [2023-7-1 22:16:38] Send cmd [run:10003] OK
[Info] [2023-7-1 22:16:38] MsgOut: Core 0 trigger successful at Sat Jul  1 22:16:38 2023
[Debug] [2023-7-1 22:16:38] Operation: ZoomFit
[Debug] [2023-7-1 22:16:38] Finish.
[Info] [2023-7-1 22:16:38] MsgOut: COMMAND[run] execute successfully, takes 0.5 secs.
[Debug] [2023-7-1 22:16:38] COMMAND[run] execute successfully, takes 0.5 secs.
[Debug] [2023-7-1 22:16:39] Operation: Trigger.
[Debug] [2023-7-1 22:16:39] Log::Print : run
[Debug] [2023-7-1 22:16:39] Send RPC: 17.
[Debug] [2023-7-1 22:16:39] Send cmd [run:10003] OK
[Info] [2023-7-1 22:16:39] MsgOut: Core 0 trigger successful at Sat Jul  1 22:16:39 2023
[Debug] [2023-7-1 22:16:39] Operation: ZoomFit
[Debug] [2023-7-1 22:16:39] Finish.
[Info] [2023-7-1 22:16:39] MsgOut: COMMAND[run] execute successfully, takes 0.5 secs.
[Debug] [2023-7-1 22:16:39] COMMAND[run] execute successfully, takes 0.5 secs.
[Debug] [2023-7-1 22:16:40] Operation: Trigger.
[Debug] [2023-7-1 22:16:40] Log::Print : run
[Debug] [2023-7-1 22:16:40] Send RPC: 18.
[Debug] [2023-7-1 22:16:40] Send cmd [run:10003] OK
[Info] [2023-7-1 22:16:40] MsgOut: Core 0 trigger successful at Sat Jul  1 22:16:40 2023
[Debug] [2023-7-1 22:16:40] Operation: ZoomFit
[Debug] [2023-7-1 22:16:40] Finish.
[Info] [2023-7-1 22:16:40] MsgOut: COMMAND[run] execute successfully, takes 0.5 secs.
[Debug] [2023-7-1 22:16:40] COMMAND[run] execute successfully, takes 0.5 secs.
[Debug] [2023-7-1 22:16:48] Operation: Trigger.
[Debug] [2023-7-1 22:16:48] Log::Print : run
[Debug] [2023-7-1 22:16:48] Send RPC: 19.
[Debug] [2023-7-1 22:16:48] Send cmd [run:10003] OK
[Info] [2023-7-1 22:16:48] MsgOut: Core 0 trigger successful at Sat Jul  1 22:16:48 2023
[Debug] [2023-7-1 22:16:48] Operation: ZoomFit
[Debug] [2023-7-1 22:16:48] Finish.
[Info] [2023-7-1 22:16:48] MsgOut: COMMAND[run] execute successfully, takes 0.6 secs.
[Debug] [2023-7-1 22:16:48] COMMAND[run] execute successfully, takes 0.6 secs.
[Debug] [2023-7-1 22:16:49] Operation: Trigger.
[Debug] [2023-7-1 22:16:49] Log::Print : run
[Debug] [2023-7-1 22:16:49] Send RPC: 20.
[Debug] [2023-7-1 22:16:49] Send cmd [run:10003] OK
[Info] [2023-7-1 22:16:49] MsgOut: Core 0 trigger successful at Sat Jul  1 22:16:49 2023
[Debug] [2023-7-1 22:16:49] Operation: ZoomFit
[Debug] [2023-7-1 22:16:49] Finish.
[Info] [2023-7-1 22:16:49] MsgOut: COMMAND[run] execute successfully, takes 0.5 secs.
[Debug] [2023-7-1 22:16:49] COMMAND[run] execute successfully, takes 0.5 secs.
[Debug] [2023-7-1 22:17:00] Operation: Move next.
[Debug] [2023-7-1 22:17:00] Finish.
[Debug] [2023-7-1 22:17:01] Operation: Move next.
[Debug] [2023-7-1 22:17:01] Finish.
[Debug] [2023-7-1 22:17:05] Operation: Trigger.
[Debug] [2023-7-1 22:17:05] Log::Print : run
[Debug] [2023-7-1 22:17:05] Send RPC: 21.
[Debug] [2023-7-1 22:17:05] Send cmd [run:10003] OK
[Info] [2023-7-1 22:17:06] MsgOut: Core 0 trigger successful at Sat Jul  1 22:17:06 2023
[Debug] [2023-7-1 22:17:06] Operation: ZoomFit
[Debug] [2023-7-1 22:17:06] Finish.
[Info] [2023-7-1 22:17:06] MsgOut: COMMAND[run] execute successfully, takes 0.6 secs.
[Debug] [2023-7-1 22:17:06] COMMAND[run] execute successfully, takes 0.6 secs.
[Debug] [2023-7-1 22:17:07] Operation: Trigger.
[Debug] [2023-7-1 22:17:07] Log::Print : run
[Debug] [2023-7-1 22:17:07] Send RPC: 22.
[Debug] [2023-7-1 22:17:07] Send cmd [run:10003] OK
[Info] [2023-7-1 22:17:08] MsgOut: Core 0 trigger successful at Sat Jul  1 22:17:08 2023
[Debug] [2023-7-1 22:17:08] Operation: ZoomFit
[Debug] [2023-7-1 22:17:08] Finish.
[Info] [2023-7-1 22:17:08] MsgOut: COMMAND[run] execute successfully, takes 0.6 secs.
[Debug] [2023-7-1 22:17:08] COMMAND[run] execute successfully, takes 0.6 secs.
[Debug] [2023-7-1 22:17:08] Operation: Trigger.
[Debug] [2023-7-1 22:17:08] Log::Print : run
[Debug] [2023-7-1 22:17:08] Send RPC: 23.
[Debug] [2023-7-1 22:17:08] Send cmd [run:10003] OK
[Info] [2023-7-1 22:17:09] MsgOut: Core 0 trigger successful at Sat Jul  1 22:17:09 2023
[Debug] [2023-7-1 22:17:09] Operation: ZoomFit
[Debug] [2023-7-1 22:17:09] Finish.
[Info] [2023-7-1 22:17:09] MsgOut: COMMAND[run] execute successfully, takes 0.6 secs.
[Debug] [2023-7-1 22:17:09] COMMAND[run] execute successfully, takes 0.6 secs.
[Debug] [2023-7-1 22:17:37] Operation: Zoom in.
[Debug] [2023-7-1 22:17:37] Finish.
[Debug] [2023-7-1 22:17:37] Operation: Zoom in.
[Debug] [2023-7-1 22:17:37] Finish.
[Debug] [2023-7-1 22:17:38] Operation: Zoom in.
[Debug] [2023-7-1 22:17:38] Finish.
[Debug] [2023-7-1 22:17:38] Operation: Zoom in.
[Debug] [2023-7-1 22:17:38] Finish.
[Debug] [2023-7-1 22:17:39] Operation: Zoom in.
[Debug] [2023-7-1 22:17:39] Finish.
[Debug] [2023-7-1 22:18:21] Operation: Try to close window.
[Debug] [2023-7-1 22:18:21] /*************************** 2023-07-01 22:18:21  End ***************************/
[Debug] [2023-7-1 22:25:13] /*************************** 2023-07-01 22:25:13  Start ***************************/
[Debug] [2023-7-1 22:25:13] Path: D:/pango/PDS_2022.2-win64/PDS_2022.2/bin
[Debug] [2023-7-1 22:25:13] #Generated by Fabric Debugger (version 2022.2 build 117120) at Sat Jul  1 22:25:13 2023


[Info] [2023-7-1 22:25:14] MsgOut: Fabric Debugger Started.
[Debug] [2023-7-1 22:25:14] Main window show.
[Debug] [2023-7-1 22:25:16] Operation: Scan.
[Debug] [2023-7-1 22:25:16] Client Local host name:LAPTOP-T5E8LJ6S
[Debug] [2023-7-1 22:25:16] Client Local Address:192.168.137.1
[Debug] [2023-7-1 22:25:16] Client Local Address:192.168.136.1
[Debug] [2023-7-1 22:25:16] Client Local Address:192.168.76.1
[Debug] [2023-7-1 22:25:16] Client Local Address:192.168.43.189
[Debug] [2023-7-1 22:25:16] Server Address:127.0.0.1, Port:65420
[Info] [2023-7-1 22:25:16] MsgOut: Connecting to server[127.0.0.1 : 65420].
[Info] [2023-7-1 22:25:17] Connect OK, Server: 127.0.0.1  Port: 65420
[Info] [2023-7-1 22:25:17] MsgOut: Connect to server[127.0.0.1 : 65420] successfully.
[Debug] [2023-7-1 22:25:17] Finish.
[Debug] [2023-7-1 22:25:17] Log::Print : check version information
[Debug] [2023-7-1 22:25:17] Send RPC: 1.
[Debug] [2023-7-1 22:25:17] Send cmd [check version information:40004] OK
[Debug] [2023-7-1 22:25:17] Log::Print : get_cable_paras
[Debug] [2023-7-1 22:25:17] Send RPC: 2.
[Debug] [2023-7-1 22:25:17] Send cmd [get_cable_paras:40010] OK
[Debug] [2023-7-1 22:25:17] Log::Print : open_cable
[Debug] [2023-7-1 22:25:17] Send RPC: 3.
[Debug] [2023-7-1 22:25:17] Send cmd [open_cable:10001] OK
[Info] [2023-7-1 22:25:17] MsgOut: COMMAND[check version information] execute successfully, takes 0.4 secs.
[Debug] [2023-7-1 22:25:17] COMMAND[check version information] execute successfully, takes 0.4 secs.
[Info] [2023-7-1 22:25:18] MsgOut: The Cable List : 
Cable index 0:USB Cable II/fffffffffffffffe 

[Info] [2023-7-1 22:25:18] MsgOut: COMMAND[get_cable_paras] execute successfully, takes 1.3 secs.
[Debug] [2023-7-1 22:25:18] COMMAND[get_cable_paras] execute successfully, takes 1.3 secs.
[Info] [2023-7-1 22:25:19] MsgOut: PANGO USB CABLE II cable driver: D2XX DLL
[Info] [2023-7-1 22:25:21] MsgOut: COMMAND[open_cable] execute successfully, takes 3.8 secs.
[Debug] [2023-7-1 22:25:21] COMMAND[open_cable] execute successfully, takes 3.8 secs.
[Debug] [2023-7-1 22:25:33] Operation: Program.
[Debug] [2023-7-1 22:25:33] Log::Print : configure
[Debug] [2023-7-1 22:25:33] Send RPC: 4.
[Debug] [2023-7-1 22:25:33] Send cmd [configure:10002] OK
[Debug] [2023-7-1 22:25:33] The value is 6.
[Debug] [2023-7-1 22:25:33] The value is 10.
[Debug] [2023-7-1 22:25:33] The value is 15.
[Debug] [2023-7-1 22:25:34] The value is 20.
[Debug] [2023-7-1 22:25:34] The value is 25.
[Debug] [2023-7-1 22:25:34] The value is 30.
[Debug] [2023-7-1 22:25:34] The value is 35.
[Debug] [2023-7-1 22:25:34] The value is 40.
[Debug] [2023-7-1 22:25:34] The value is 45.
[Debug] [2023-7-1 22:25:34] The value is 50.
[Debug] [2023-7-1 22:25:34] The value is 55.
[Debug] [2023-7-1 22:25:34] The value is 60.
[Debug] [2023-7-1 22:25:34] The value is 65.
[Debug] [2023-7-1 22:25:34] The value is 70.
[Debug] [2023-7-1 22:25:34] The value is 75.
[Debug] [2023-7-1 22:25:35] The value is 80.
[Debug] [2023-7-1 22:25:35] The value is 85.
[Debug] [2023-7-1 22:25:35] The value is 90.
[Debug] [2023-7-1 22:25:35] The value is 95.
[Debug] [2023-7-1 22:25:35] The value is 100.
[Info] [2023-7-1 22:25:36] MsgOut: COMMAND[configure] execute successfully, takes 2.7 secs.
[Debug] [2023-7-1 22:25:36] COMMAND[configure] execute successfully, takes 2.7 secs.
[Debug] [2023-7-1 22:25:36] Log::Print : Import Core: 0 OK
[Debug] [2023-7-1 22:25:51] Operation: Trigger.
[Debug] [2023-7-1 22:25:51] Log::Print : run
[Debug] [2023-7-1 22:25:51] Send RPC: 5.
[Debug] [2023-7-1 22:25:51] Send cmd [run:10003] OK
[Info] [2023-7-1 22:25:51] MsgOut: Core 0 trigger successful at Sat Jul  1 22:25:51 2023
[Debug] [2023-7-1 22:25:51] Operation: ZoomFit
[Debug] [2023-7-1 22:25:51] Finish.
[Info] [2023-7-1 22:25:51] MsgOut: COMMAND[run] execute successfully, takes 0.5 secs.
[Debug] [2023-7-1 22:25:51] COMMAND[run] execute successfully, takes 0.5 secs.
[Debug] [2023-7-1 22:26:01] Operation: Trigger.
[Debug] [2023-7-1 22:26:01] Log::Print : run
[Debug] [2023-7-1 22:26:01] Send RPC: 6.
[Debug] [2023-7-1 22:26:01] Send cmd [run:10003] OK
[Info] [2023-7-1 22:26:01] MsgOut: Core 0 trigger successful at Sat Jul  1 22:26:01 2023
[Debug] [2023-7-1 22:26:01] Operation: ZoomFit
[Debug] [2023-7-1 22:26:01] Finish.
[Info] [2023-7-1 22:26:01] MsgOut: COMMAND[run] execute successfully, takes 0.6 secs.
[Debug] [2023-7-1 22:26:01] COMMAND[run] execute successfully, takes 0.6 secs.
[Debug] [2023-7-1 22:26:02] Operation: Trigger.
[Debug] [2023-7-1 22:26:02] Log::Print : run
[Debug] [2023-7-1 22:26:02] Send RPC: 7.
[Debug] [2023-7-1 22:26:02] Send cmd [run:10003] OK
[Info] [2023-7-1 22:26:03] MsgOut: Core 0 trigger successful at Sat Jul  1 22:26:03 2023
[Debug] [2023-7-1 22:26:03] Operation: ZoomFit
[Debug] [2023-7-1 22:26:03] Finish.
[Info] [2023-7-1 22:26:03] MsgOut: COMMAND[run] execute successfully, takes 0.6 secs.
[Debug] [2023-7-1 22:26:03] COMMAND[run] execute successfully, takes 0.6 secs.
[Debug] [2023-7-1 22:26:05] Operation: Trigger.
[Debug] [2023-7-1 22:26:05] Log::Print : run
[Debug] [2023-7-1 22:26:05] Send RPC: 8.
[Debug] [2023-7-1 22:26:05] Send cmd [run:10003] OK
[Info] [2023-7-1 22:26:05] MsgOut: Core 0 trigger successful at Sat Jul  1 22:26:05 2023
[Debug] [2023-7-1 22:26:05] Operation: ZoomFit
[Debug] [2023-7-1 22:26:05] Finish.
[Info] [2023-7-1 22:26:05] MsgOut: COMMAND[run] execute successfully, takes 0.5 secs.
[Debug] [2023-7-1 22:26:05] COMMAND[run] execute successfully, takes 0.5 secs.
[Debug] [2023-7-1 22:26:09] Operation: Trigger.
[Debug] [2023-7-1 22:26:09] Log::Print : run
[Debug] [2023-7-1 22:26:09] Send RPC: 9.
[Debug] [2023-7-1 22:26:09] Send cmd [run:10003] OK
[Info] [2023-7-1 22:26:09] MsgOut: Core 0 trigger successful at Sat Jul  1 22:26:09 2023
[Debug] [2023-7-1 22:26:09] Operation: ZoomFit
[Debug] [2023-7-1 22:26:09] Finish.
[Info] [2023-7-1 22:26:09] MsgOut: COMMAND[run] execute successfully, takes 0.5 secs.
[Debug] [2023-7-1 22:26:09] COMMAND[run] execute successfully, takes 0.5 secs.
[Debug] [2023-7-1 22:26:14] Operation: Trigger.
[Debug] [2023-7-1 22:26:14] Log::Print : run
[Debug] [2023-7-1 22:26:14] Send RPC: 10.
[Debug] [2023-7-1 22:26:14] Send cmd [run:10003] OK
[Info] [2023-7-1 22:26:15] MsgOut: Core 0 trigger successful at Sat Jul  1 22:26:15 2023
[Debug] [2023-7-1 22:26:15] Operation: ZoomFit
[Debug] [2023-7-1 22:26:15] Finish.
[Info] [2023-7-1 22:26:15] MsgOut: COMMAND[run] execute successfully, takes 0.5 secs.
[Debug] [2023-7-1 22:26:15] COMMAND[run] execute successfully, takes 0.5 secs.
[Debug] [2023-7-1 22:26:29] Operation: Go to next Trigger.
[Debug] [2023-7-1 22:26:29] Finish.
[Debug] [2023-7-1 22:26:33] Operation: Trigger.
[Debug] [2023-7-1 22:26:33] Log::Print : run
[Debug] [2023-7-1 22:26:33] Send RPC: 11.
[Debug] [2023-7-1 22:26:33] Send cmd [run:10003] OK
[Info] [2023-7-1 22:26:33] MsgOut: Core 0 trigger successful at Sat Jul  1 22:26:33 2023
[Debug] [2023-7-1 22:26:33] Operation: ZoomFit
[Debug] [2023-7-1 22:26:33] Finish.
[Info] [2023-7-1 22:26:33] MsgOut: COMMAND[run] execute successfully, takes 0.5 secs.
[Debug] [2023-7-1 22:26:33] COMMAND[run] execute successfully, takes 0.5 secs.
[Debug] [2023-7-1 22:26:34] Operation: Trigger.
[Debug] [2023-7-1 22:26:34] Log::Print : run
[Debug] [2023-7-1 22:26:34] Send RPC: 12.
[Debug] [2023-7-1 22:26:34] Send cmd [run:10003] OK
[Info] [2023-7-1 22:26:35] MsgOut: Core 0 trigger successful at Sat Jul  1 22:26:35 2023
[Debug] [2023-7-1 22:26:35] Operation: ZoomFit
[Debug] [2023-7-1 22:26:35] Finish.
[Info] [2023-7-1 22:26:35] MsgOut: COMMAND[run] execute successfully, takes 0.5 secs.
[Debug] [2023-7-1 22:26:35] COMMAND[run] execute successfully, takes 0.5 secs.
[Debug] [2023-7-1 22:26:35] Operation: Trigger.
[Debug] [2023-7-1 22:26:35] Log::Print : run
[Debug] [2023-7-1 22:26:35] Send RPC: 13.
[Debug] [2023-7-1 22:26:35] Send cmd [run:10003] OK
[Info] [2023-7-1 22:26:36] MsgOut: Core 0 trigger successful at Sat Jul  1 22:26:36 2023
[Debug] [2023-7-1 22:26:36] Operation: ZoomFit
[Debug] [2023-7-1 22:26:36] Finish.
[Info] [2023-7-1 22:26:36] MsgOut: COMMAND[run] execute successfully, takes 0.5 secs.
[Debug] [2023-7-1 22:26:36] COMMAND[run] execute successfully, takes 0.5 secs.
[Debug] [2023-7-1 22:26:41] Operation: Zoom in.
[Debug] [2023-7-1 22:26:41] Finish.
[Debug] [2023-7-1 22:26:41] Operation: Zoom in.
[Debug] [2023-7-1 22:26:41] Finish.
[Debug] [2023-7-1 22:26:41] Operation: Zoom in.
[Debug] [2023-7-1 22:26:41] Finish.
[Debug] [2023-7-1 22:26:42] Operation: Zoom in.
[Debug] [2023-7-1 22:26:42] Finish.
[Debug] [2023-7-1 22:26:42] Operation: Zoom in.
[Debug] [2023-7-1 22:26:42] Finish.
[Debug] [2023-7-1 22:26:55] Operation: ZoomOut
[Debug] [2023-7-1 22:26:55] Finish.
[Debug] [2023-7-1 22:26:56] Operation: ZoomOut
[Debug] [2023-7-1 22:26:56] Finish.
[Debug] [2023-7-1 22:26:56] Operation: ZoomOut
[Debug] [2023-7-1 22:26:56] Finish.
[Debug] [2023-7-1 22:26:56] Operation: ZoomOut
[Debug] [2023-7-1 22:26:56] Finish.
[Debug] [2023-7-1 22:26:56] Operation: ZoomOut
[Debug] [2023-7-1 22:26:56] Finish.
[Debug] [2023-7-1 22:26:57] Operation: ZoomOut
[Debug] [2023-7-1 22:27:01] Operation: Trigger.
[Debug] [2023-7-1 22:27:01] Log::Print : run
[Debug] [2023-7-1 22:27:01] Send RPC: 14.
[Debug] [2023-7-1 22:27:01] Send cmd [run:10003] OK
[Info] [2023-7-1 22:27:01] MsgOut: Core 0 trigger successful at Sat Jul  1 22:27:01 2023
[Debug] [2023-7-1 22:27:01] Operation: ZoomFit
[Debug] [2023-7-1 22:27:01] Finish.
[Info] [2023-7-1 22:27:01] MsgOut: COMMAND[run] execute successfully, takes 0.6 secs.
[Debug] [2023-7-1 22:27:01] COMMAND[run] execute successfully, takes 0.6 secs.
[Debug] [2023-7-1 22:27:02] Operation: Trigger.
[Debug] [2023-7-1 22:27:02] Log::Print : run
[Debug] [2023-7-1 22:27:02] Send RPC: 15.
[Debug] [2023-7-1 22:27:02] Send cmd [run:10003] OK
[Info] [2023-7-1 22:27:03] MsgOut: Core 0 trigger successful at Sat Jul  1 22:27:03 2023
[Debug] [2023-7-1 22:27:03] Operation: ZoomFit
[Debug] [2023-7-1 22:27:03] Finish.
[Info] [2023-7-1 22:27:03] MsgOut: COMMAND[run] execute successfully, takes 0.6 secs.
[Debug] [2023-7-1 22:27:03] COMMAND[run] execute successfully, takes 0.6 secs.
[Debug] [2023-7-1 22:27:03] Operation: Trigger.
[Debug] [2023-7-1 22:27:03] Log::Print : run
[Debug] [2023-7-1 22:27:03] Send RPC: 16.
[Debug] [2023-7-1 22:27:03] Send cmd [run:10003] OK
[Info] [2023-7-1 22:27:04] MsgOut: Core 0 trigger successful at Sat Jul  1 22:27:04 2023
[Debug] [2023-7-1 22:27:04] Operation: ZoomFit
[Debug] [2023-7-1 22:27:04] Finish.
[Info] [2023-7-1 22:27:04] MsgOut: COMMAND[run] execute successfully, takes 0.5 secs.
[Debug] [2023-7-1 22:27:04] COMMAND[run] execute successfully, takes 0.5 secs.
[Debug] [2023-7-1 22:27:05] Operation: Trigger.
[Debug] [2023-7-1 22:27:05] Log::Print : run
[Debug] [2023-7-1 22:27:05] Send RPC: 17.
[Debug] [2023-7-1 22:27:05] Send cmd [run:10003] OK
[Info] [2023-7-1 22:27:05] MsgOut: Core 0 trigger successful at Sat Jul  1 22:27:05 2023
[Debug] [2023-7-1 22:27:05] Operation: ZoomFit
[Debug] [2023-7-1 22:27:05] Finish.
[Info] [2023-7-1 22:27:05] MsgOut: COMMAND[run] execute successfully, takes 0.5 secs.
[Debug] [2023-7-1 22:27:05] COMMAND[run] execute successfully, takes 0.5 secs.
[Debug] [2023-7-1 22:27:07] Operation: Trigger.
[Debug] [2023-7-1 22:27:07] Log::Print : run
[Debug] [2023-7-1 22:27:07] Send RPC: 18.
[Debug] [2023-7-1 22:27:07] Send cmd [run:10003] OK
[Info] [2023-7-1 22:27:07] MsgOut: Core 0 trigger successful at Sat Jul  1 22:27:07 2023
[Debug] [2023-7-1 22:27:07] Operation: ZoomFit
[Debug] [2023-7-1 22:27:07] Finish.
[Info] [2023-7-1 22:27:07] MsgOut: COMMAND[run] execute successfully, takes 0.5 secs.
[Debug] [2023-7-1 22:27:07] COMMAND[run] execute successfully, takes 0.5 secs.
[Debug] [2023-7-1 22:27:09] Operation: Trigger.
[Debug] [2023-7-1 22:27:09] Log::Print : run
[Debug] [2023-7-1 22:27:09] Send RPC: 19.
[Debug] [2023-7-1 22:27:09] Send cmd [run:10003] OK
[Info] [2023-7-1 22:27:09] MsgOut: Core 0 trigger successful at Sat Jul  1 22:27:09 2023
[Debug] [2023-7-1 22:27:09] Operation: ZoomFit
[Debug] [2023-7-1 22:27:09] Finish.
[Info] [2023-7-1 22:27:09] MsgOut: COMMAND[run] execute successfully, takes 0.5 secs.
[Debug] [2023-7-1 22:27:09] COMMAND[run] execute successfully, takes 0.5 secs.
[Debug] [2023-7-1 22:27:10] Operation: Trigger.
[Debug] [2023-7-1 22:27:10] Log::Print : run
[Debug] [2023-7-1 22:27:10] Send RPC: 20.
[Debug] [2023-7-1 22:27:10] Send cmd [run:10003] OK
[Info] [2023-7-1 22:27:10] MsgOut: Core 0 trigger successful at Sat Jul  1 22:27:10 2023
[Debug] [2023-7-1 22:27:10] Operation: ZoomFit
[Debug] [2023-7-1 22:27:10] Finish.
[Info] [2023-7-1 22:27:10] MsgOut: COMMAND[run] execute successfully, takes 0.5 secs.
[Debug] [2023-7-1 22:27:10] COMMAND[run] execute successfully, takes 0.5 secs.
[Debug] [2023-7-1 22:27:11] Operation: Trigger.
[Debug] [2023-7-1 22:27:11] Log::Print : run
[Debug] [2023-7-1 22:27:11] Send RPC: 21.
[Debug] [2023-7-1 22:27:11] Send cmd [run:10003] OK
[Info] [2023-7-1 22:27:12] MsgOut: Core 0 trigger successful at Sat Jul  1 22:27:12 2023
[Debug] [2023-7-1 22:27:12] Operation: ZoomFit
[Debug] [2023-7-1 22:27:12] Finish.
[Info] [2023-7-1 22:27:12] MsgOut: COMMAND[run] execute successfully, takes 0.5 secs.
[Debug] [2023-7-1 22:27:12] COMMAND[run] execute successfully, takes 0.5 secs.
[Debug] [2023-7-1 22:27:14] Operation: Trigger.
[Debug] [2023-7-1 22:27:14] Log::Print : run
[Debug] [2023-7-1 22:27:14] Send RPC: 22.
[Debug] [2023-7-1 22:27:14] Send cmd [run:10003] OK
[Info] [2023-7-1 22:27:15] MsgOut: Core 0 trigger successful at Sat Jul  1 22:27:15 2023
[Debug] [2023-7-1 22:27:15] Operation: ZoomFit
[Debug] [2023-7-1 22:27:15] Finish.
[Info] [2023-7-1 22:27:15] MsgOut: COMMAND[run] execute successfully, takes 0.5 secs.
[Debug] [2023-7-1 22:27:15] COMMAND[run] execute successfully, takes 0.5 secs.
[Debug] [2023-7-1 22:27:33] Operation: Trigger.
[Debug] [2023-7-1 22:27:33] Log::Print : run
[Debug] [2023-7-1 22:27:33] Send RPC: 23.
[Debug] [2023-7-1 22:27:33] Send cmd [run:10003] OK
[Info] [2023-7-1 22:27:33] MsgOut: Core 0 trigger successful at Sat Jul  1 22:27:33 2023
[Debug] [2023-7-1 22:27:33] Operation: ZoomFit
[Debug] [2023-7-1 22:27:33] Finish.
[Info] [2023-7-1 22:27:33] MsgOut: COMMAND[run] execute successfully, takes 0.5 secs.
[Debug] [2023-7-1 22:27:33] COMMAND[run] execute successfully, takes 0.5 secs.
[Debug] [2023-7-1 22:27:35] Operation: Trigger.
[Debug] [2023-7-1 22:27:35] Log::Print : run
[Debug] [2023-7-1 22:27:35] Send RPC: 24.
[Debug] [2023-7-1 22:27:35] Send cmd [run:10003] OK
[Info] [2023-7-1 22:27:35] MsgOut: Core 0 trigger successful at Sat Jul  1 22:27:35 2023
[Debug] [2023-7-1 22:27:35] Operation: ZoomFit
[Debug] [2023-7-1 22:27:35] Finish.
[Info] [2023-7-1 22:27:35] MsgOut: COMMAND[run] execute successfully, takes 0.5 secs.
[Debug] [2023-7-1 22:27:35] COMMAND[run] execute successfully, takes 0.5 secs.
[Debug] [2023-7-1 22:27:36] Operation: Trigger.
[Debug] [2023-7-1 22:27:36] Log::Print : run
[Debug] [2023-7-1 22:27:36] Send RPC: 25.
[Debug] [2023-7-1 22:27:36] Send cmd [run:10003] OK
[Info] [2023-7-1 22:27:36] MsgOut: Core 0 trigger successful at Sat Jul  1 22:27:36 2023
[Debug] [2023-7-1 22:27:36] Operation: ZoomFit
[Debug] [2023-7-1 22:27:36] Finish.
[Info] [2023-7-1 22:27:36] MsgOut: COMMAND[run] execute successfully, takes 0.5 secs.
[Debug] [2023-7-1 22:27:36] COMMAND[run] execute successfully, takes 0.5 secs.
[Debug] [2023-7-1 22:27:39] Operation: Trigger.
[Debug] [2023-7-1 22:27:39] Log::Print : run
[Debug] [2023-7-1 22:27:39] Send RPC: 26.
[Debug] [2023-7-1 22:27:39] Send cmd [run:10003] OK
[Info] [2023-7-1 22:27:39] MsgOut: Core 0 trigger successful at Sat Jul  1 22:27:39 2023
[Debug] [2023-7-1 22:27:39] Operation: ZoomFit
[Debug] [2023-7-1 22:27:39] Finish.
[Info] [2023-7-1 22:27:39] MsgOut: COMMAND[run] execute successfully, takes 0.6 secs.
[Debug] [2023-7-1 22:27:39] COMMAND[run] execute successfully, takes 0.6 secs.
[Debug] [2023-7-1 22:27:42] Operation: Trigger.
[Debug] [2023-7-1 22:27:42] Log::Print : run
[Debug] [2023-7-1 22:27:42] Send RPC: 27.
[Debug] [2023-7-1 22:27:42] Send cmd [run:10003] OK
[Info] [2023-7-1 22:27:42] MsgOut: Core 0 trigger successful at Sat Jul  1 22:27:42 2023
[Debug] [2023-7-1 22:27:42] Operation: ZoomFit
[Debug] [2023-7-1 22:27:42] Finish.
[Info] [2023-7-1 22:27:42] MsgOut: COMMAND[run] execute successfully, takes 0.5 secs.
[Debug] [2023-7-1 22:27:42] COMMAND[run] execute successfully, takes 0.5 secs.
[Debug] [2023-7-1 22:27:44] Operation: Try to close window.
[Debug] [2023-7-1 22:27:44] /*************************** 2023-07-01 22:27:44  End ***************************/
